#
# There is insufficient memory for the Java Runtime Environment to continue.
# Native memory allocation (malloc) failed to allocate 210976 bytes for Chunk::new
# Possible reasons:
#   The system is out of physical RAM or swap space
#   The process is running with CompressedOops enabled, and the Java Heap may be blocking the growth of the native heap
# Possible solutions:
#   Reduce memory load on the system
#   Increase physical memory or swap space
#   Check if swap backing store is full
#   Decrease Java heap size (-Xmx/-Xms)
#   Decrease number of Java threads
#   Decrease Java thread stack sizes (-Xss)
#   Set larger code cache with -XX:ReservedCodeCacheSize=
#   JVM is running with Zero Based Compressed Oops mode in which the Java heap is
#     placed in the first 32GB address space. The Java Heap base address is the
#     maximum limit for the native heap growth. Please use -XX:HeapBaseMinAddress
#     to set the Java Heap base and to place the Java Heap above 32GB virtual address.
# This output file may be truncated or incomplete.
#
#  Out of Memory Error (t:/workspace/open/src/hotspot/share/memory/arena.cpp:196), pid=21348, tid=23872
#
# JRE version: Java(TM) SE Runtime Environment (13.0.1+9) (build 13.0.1+9)
# Java VM: Java HotSpot(TM) 64-Bit Server VM (13.0.1+9, mixed mode, sharing, tiered, compressed oops, g1 gc, windows-amd64)
# No core dump will be written. Minidumps are not enabled by default on client versions of Windows
#

---------------  S U M M A R Y ------------

Command Line: -Xmx3G com.fall2019.comp4980.TestClass

Host: Intel(R) Core(TM) i7-9750H CPU @ 2.60GHz, 12 cores, 15G,  Windows 10 , 64 bit Build 18362 (10.0.18362.329)
Time: Sat Nov 30 02:18:43 2019 Pacific Standard Time elapsed time: 4 seconds (0d 0h 0m 4s)

---------------  T H R E A D  ---------------

Current thread (0x0000017e17f29000):  JavaThread "C2 CompilerThread1" daemon [_thread_in_native, id=23872, stack(0x0000002a97800000,0x0000002a97900000)]


Current CompileTask:
C2:   4307 3000   !   4       org.nd4j.linalg.cpu.nativecpu.DirectShapeInfoProvider::createShapeInformation (228 bytes)

Stack: [0x0000002a97800000,0x0000002a97900000]
Native frames: (J=compiled Java code, j=interpreted, Vv=VM code, C=native code)
V  [jvm.dll+0x626eca]
V  [jvm.dll+0x772c6a]
V  [jvm.dll+0x77441f]
V  [jvm.dll+0x774a23]
V  [jvm.dll+0x24da58]
V  [jvm.dll+0xc3ae7]
V  [jvm.dll+0xc406c]
V  [jvm.dll+0x2bfa84]
V  [jvm.dll+0x545e6d]
V  [jvm.dll+0x20fb86]
V  [jvm.dll+0x209170]
V  [jvm.dll+0x2069bd]
V  [jvm.dll+0x18b94c]
V  [jvm.dll+0x2159bd]
V  [jvm.dll+0x213e6b]
V  [jvm.dll+0x738b16]
V  [jvm.dll+0x731c0a]
V  [jvm.dll+0x6260c6]
C  [ucrtbase.dll+0x20e72]
C  [KERNEL32.DLL+0x17bd4]
C  [ntdll.dll+0x6ced1]


---------------  P R O C E S S  ---------------

Threads class SMR info:
_java_thread_list=0x0000017e19f64540, length=15, elements={
0x0000017e75ba2800, 0x0000017e17f05800, 0x0000017e17f08800, 0x0000017e17f27000,
0x0000017e17f28000, 0x0000017e17f2e800, 0x0000017e17f2c800, 0x0000017e17f4e000,
0x0000017e180b5000, 0x0000017e180b9800, 0x0000017e1926d800, 0x0000017e1a0ae800,
0x0000017e195e7800, 0x0000017e195e8000, 0x0000017e17f29000
}

Java Threads: ( => current thread )
  0x0000017e75ba2800 JavaThread "main" [_thread_in_native, id=26912, stack(0x0000002a95c00000,0x0000002a95d00000)]
  0x0000017e17f05800 JavaThread "Reference Handler" daemon [_thread_blocked, id=21572, stack(0x0000002a96300000,0x0000002a96400000)]
  0x0000017e17f08800 JavaThread "Finalizer" daemon [_thread_blocked, id=26492, stack(0x0000002a96400000,0x0000002a96500000)]
  0x0000017e17f27000 JavaThread "Signal Dispatcher" daemon [_thread_blocked, id=21664, stack(0x0000002a96500000,0x0000002a96600000)]
  0x0000017e17f28000 JavaThread "Attach Listener" daemon [_thread_blocked, id=13220, stack(0x0000002a96600000,0x0000002a96700000)]
  0x0000017e17f2e800 JavaThread "C2 CompilerThread0" daemon [_thread_blocked, id=25604, stack(0x0000002a96700000,0x0000002a96800000)]
  0x0000017e17f2c800 JavaThread "C1 CompilerThread0" daemon [_thread_blocked, id=7312, stack(0x0000002a96800000,0x0000002a96900000)]
  0x0000017e17f4e000 JavaThread "Sweeper thread" daemon [_thread_blocked, id=10512, stack(0x0000002a96900000,0x0000002a96a00000)]
  0x0000017e180b5000 JavaThread "Service Thread" daemon [_thread_blocked, id=26712, stack(0x0000002a96a00000,0x0000002a96b00000)]
  0x0000017e180b9800 JavaThread "Common-Cleaner" daemon [_thread_blocked, id=15392, stack(0x0000002a96c00000,0x0000002a96d00000)]
  0x0000017e1926d800 JavaThread "JavaCPP Deallocator" daemon [_thread_blocked, id=21976, stack(0x0000002a97300000,0x0000002a97400000)]
  0x0000017e1a0ae800 JavaThread "Java2D Disposer" daemon [_thread_blocked, id=23120, stack(0x0000002a97900000,0x0000002a97a00000)]
  0x0000017e195e7800 JavaThread "DeallocatorServiceThread_0" daemon [_thread_blocked, id=9956, stack(0x0000002a97a00000,0x0000002a97b00000)]
  0x0000017e195e8000 JavaThread "DeallocatorServiceThread_1" daemon [_thread_blocked, id=8416, stack(0x0000002a97b00000,0x0000002a97c00000)]
=>0x0000017e17f29000 JavaThread "C2 CompilerThread1" daemon [_thread_in_native, id=23872, stack(0x0000002a97800000,0x0000002a97900000)]

Other Threads:
  0x0000017e17f03800 VMThread "VM Thread" [stack: 0x0000002a96200000,0x0000002a96300000] [id=11960]
  0x0000017e180b6800 WatcherThread [stack: 0x0000002a96b00000,0x0000002a96c00000] [id=20432]
  0x0000017e75bfa800 GCTaskThread "GC Thread#0" [stack: 0x0000002a95d00000,0x0000002a95e00000] [id=10784]
  0x0000017e18b90800 GCTaskThread "GC Thread#1" [stack: 0x0000002a96e00000,0x0000002a96f00000] [id=18156]
  0x0000017e18e92000 GCTaskThread "GC Thread#2" [stack: 0x0000002a96f00000,0x0000002a97000000] [id=10704]
  0x0000017e18e0a000 GCTaskThread "GC Thread#3" [stack: 0x0000002a97000000,0x0000002a97100000] [id=21740]
  0x0000017e18e92800 GCTaskThread "GC Thread#4" [stack: 0x0000002a97100000,0x0000002a97200000] [id=24836]
  0x0000017e192d1800 GCTaskThread "GC Thread#5" [stack: 0x0000002a97200000,0x0000002a97300000] [id=18668]
  0x0000017e75c15000 ConcurrentGCThread "G1 Main Marker" [stack: 0x0000002a95e00000,0x0000002a95f00000] [id=23904]
  0x0000017e75c17000 ConcurrentGCThread "G1 Conc#0" [stack: 0x0000002a95f00000,0x0000002a96000000] [id=20644]
  0x0000017e7fefd800 ConcurrentGCThread "G1 Refine#0" [stack: 0x0000002a96000000,0x0000002a96100000] [id=19776]
  0x0000017e7ff01800 ConcurrentGCThread "G1 Young RemSet Sampling" [stack: 0x0000002a96100000,0x0000002a96200000] [id=24000]

Threads with active compile tasks:
C2 CompilerThread1     4344 3000   !   4       org.nd4j.linalg.cpu.nativecpu.DirectShapeInfoProvider::createShapeInformation (228 bytes)

VM state:not at safepoint (normal execution)

VM Mutex/Monitor currently owned by a thread: None

Heap address: 0x0000000740000000, size: 3072 MB, Compressed Oops mode: Zero based, Oop shift amount: 3
Narrow klass base: 0x0000000800000000, Narrow klass shift: 3
Compressed class space size: 1073741824 Address: 0x0000000800b40000

Heap:
 garbage-first heap   total 258048K, used 158127K [0x0000000740000000, 0x0000000800000000)
  region size 1024K, 148 young (151552K), 6 survivors (6144K)
 Metaspace       used 18586K, capacity 18878K, committed 19200K, reserved 1067008K
  class space    used 2091K, capacity 2207K, committed 2304K, reserved 1048576K
Heap Regions: E=young(eden), S=young(survivor), O=old, HS=humongous(starts), HC=humongous(continues), CS=collection set, F=free, A=archive, TAMS=top-at-mark-start (previous, next)
|   0|0x0000000740000000, 0x0000000740100000, 0x0000000740100000|100%|HS|  |TAMS 0x0000000740000000, 0x0000000740000000| Complete 
|   1|0x0000000740100000, 0x0000000740200000, 0x0000000740200000|100%|HC|  |TAMS 0x0000000740100000, 0x0000000740100000| Complete 
|   2|0x0000000740200000, 0x0000000740300000, 0x0000000740300000|100%| O|  |TAMS 0x0000000740200000, 0x0000000740200000| Untracked 
|   3|0x0000000740300000, 0x0000000740400000, 0x0000000740400000|100%| O|  |TAMS 0x0000000740300000, 0x0000000740300000| Untracked 
|   4|0x0000000740400000, 0x0000000740500000, 0x0000000740500000|100%| O|  |TAMS 0x0000000740400000, 0x0000000740400000| Untracked 
|   5|0x0000000740500000, 0x0000000740600000, 0x0000000740600000|100%| O|  |TAMS 0x0000000740500000, 0x0000000740500000| Untracked 
|   6|0x0000000740600000, 0x0000000740700000, 0x0000000740700000|100%| O|  |TAMS 0x0000000740600000, 0x0000000740600000| Untracked 
|   7|0x0000000740700000, 0x00000007407c3200, 0x0000000740800000| 76%| O|  |TAMS 0x0000000740700000, 0x0000000740700000| Untracked 
|   8|0x0000000740800000, 0x0000000740800000, 0x0000000740900000|  0%| F|  |TAMS 0x0000000740800000, 0x0000000740800000| Untracked 
|   9|0x0000000740900000, 0x0000000740900000, 0x0000000740a00000|  0%| F|  |TAMS 0x0000000740900000, 0x0000000740900000| Untracked 
|  10|0x0000000740a00000, 0x0000000740a00000, 0x0000000740b00000|  0%| F|  |TAMS 0x0000000740a00000, 0x0000000740a00000| Untracked 
|  11|0x0000000740b00000, 0x0000000740b00000, 0x0000000740c00000|  0%| F|  |TAMS 0x0000000740b00000, 0x0000000740b00000| Untracked 
|  12|0x0000000740c00000, 0x0000000740c00000, 0x0000000740d00000|  0%| F|  |TAMS 0x0000000740c00000, 0x0000000740c00000| Untracked 
|  13|0x0000000740d00000, 0x0000000740d00000, 0x0000000740e00000|  0%| F|  |TAMS 0x0000000740d00000, 0x0000000740d00000| Untracked 
|  14|0x0000000740e00000, 0x0000000740e00000, 0x0000000740f00000|  0%| F|  |TAMS 0x0000000740e00000, 0x0000000740e00000| Untracked 
|  15|0x0000000740f00000, 0x0000000740f00000, 0x0000000741000000|  0%| F|  |TAMS 0x0000000740f00000, 0x0000000740f00000| Untracked 
|  16|0x0000000741000000, 0x0000000741000000, 0x0000000741100000|  0%| F|  |TAMS 0x0000000741000000, 0x0000000741000000| Untracked 
|  17|0x0000000741100000, 0x0000000741100000, 0x0000000741200000|  0%| F|  |TAMS 0x0000000741100000, 0x0000000741100000| Untracked 
|  18|0x0000000741200000, 0x0000000741200000, 0x0000000741300000|  0%| F|  |TAMS 0x0000000741200000, 0x0000000741200000| Untracked 
|  19|0x0000000741300000, 0x0000000741300000, 0x0000000741400000|  0%| F|  |TAMS 0x0000000741300000, 0x0000000741300000| Untracked 
|  20|0x0000000741400000, 0x0000000741400000, 0x0000000741500000|  0%| F|  |TAMS 0x0000000741400000, 0x0000000741400000| Untracked 
|  21|0x0000000741500000, 0x0000000741500000, 0x0000000741600000|  0%| F|  |TAMS 0x0000000741500000, 0x0000000741500000| Untracked 
|  22|0x0000000741600000, 0x0000000741600000, 0x0000000741700000|  0%| F|  |TAMS 0x0000000741600000, 0x0000000741600000| Untracked 
|  23|0x0000000741700000, 0x0000000741700000, 0x0000000741800000|  0%| F|  |TAMS 0x0000000741700000, 0x0000000741700000| Untracked 
|  24|0x0000000741800000, 0x0000000741800000, 0x0000000741900000|  0%| F|  |TAMS 0x0000000741800000, 0x0000000741800000| Untracked 
|  25|0x0000000741900000, 0x0000000741900000, 0x0000000741a00000|  0%| F|  |TAMS 0x0000000741900000, 0x0000000741900000| Untracked 
|  26|0x0000000741a00000, 0x0000000741a00000, 0x0000000741b00000|  0%| F|  |TAMS 0x0000000741a00000, 0x0000000741a00000| Untracked 
|  27|0x0000000741b00000, 0x0000000741b00000, 0x0000000741c00000|  0%| F|  |TAMS 0x0000000741b00000, 0x0000000741b00000| Untracked 
|  28|0x0000000741c00000, 0x0000000741c00000, 0x0000000741d00000|  0%| F|  |TAMS 0x0000000741c00000, 0x0000000741c00000| Untracked 
|  29|0x0000000741d00000, 0x0000000741d00000, 0x0000000741e00000|  0%| F|  |TAMS 0x0000000741d00000, 0x0000000741d00000| Untracked 
|  30|0x0000000741e00000, 0x0000000741e00000, 0x0000000741f00000|  0%| F|  |TAMS 0x0000000741e00000, 0x0000000741e00000| Untracked 
|  31|0x0000000741f00000, 0x0000000741f00000, 0x0000000742000000|  0%| F|  |TAMS 0x0000000741f00000, 0x0000000741f00000| Untracked 
|  32|0x0000000742000000, 0x0000000742000000, 0x0000000742100000|  0%| F|  |TAMS 0x0000000742000000, 0x0000000742000000| Untracked 
|  33|0x0000000742100000, 0x0000000742100000, 0x0000000742200000|  0%| F|  |TAMS 0x0000000742100000, 0x0000000742100000| Untracked 
|  34|0x0000000742200000, 0x0000000742200000, 0x0000000742300000|  0%| F|  |TAMS 0x0000000742200000, 0x0000000742200000| Untracked 
|  35|0x0000000742300000, 0x0000000742300000, 0x0000000742400000|  0%| F|  |TAMS 0x0000000742300000, 0x0000000742300000| Untracked 
|  36|0x0000000742400000, 0x0000000742400000, 0x0000000742500000|  0%| F|  |TAMS 0x0000000742400000, 0x0000000742400000| Untracked 
|  37|0x0000000742500000, 0x0000000742500000, 0x0000000742600000|  0%| F|  |TAMS 0x0000000742500000, 0x0000000742500000| Untracked 
|  38|0x0000000742600000, 0x0000000742600000, 0x0000000742700000|  0%| F|  |TAMS 0x0000000742600000, 0x0000000742600000| Untracked 
|  39|0x0000000742700000, 0x0000000742700000, 0x0000000742800000|  0%| F|  |TAMS 0x0000000742700000, 0x0000000742700000| Untracked 
|  40|0x0000000742800000, 0x0000000742800000, 0x0000000742900000|  0%| F|  |TAMS 0x0000000742800000, 0x0000000742800000| Untracked 
|  41|0x0000000742900000, 0x0000000742900000, 0x0000000742a00000|  0%| F|  |TAMS 0x0000000742900000, 0x0000000742900000| Untracked 
|  42|0x0000000742a00000, 0x0000000742a00000, 0x0000000742b00000|  0%| F|  |TAMS 0x0000000742a00000, 0x0000000742a00000| Untracked 
|  43|0x0000000742b00000, 0x0000000742b00000, 0x0000000742c00000|  0%| F|  |TAMS 0x0000000742b00000, 0x0000000742b00000| Untracked 
|  44|0x0000000742c00000, 0x0000000742c00000, 0x0000000742d00000|  0%| F|  |TAMS 0x0000000742c00000, 0x0000000742c00000| Untracked 
|  45|0x0000000742d00000, 0x0000000742d00000, 0x0000000742e00000|  0%| F|  |TAMS 0x0000000742d00000, 0x0000000742d00000| Untracked 
|  46|0x0000000742e00000, 0x0000000742e00000, 0x0000000742f00000|  0%| F|  |TAMS 0x0000000742e00000, 0x0000000742e00000| Untracked 
|  47|0x0000000742f00000, 0x0000000742f00000, 0x0000000743000000|  0%| F|  |TAMS 0x0000000742f00000, 0x0000000742f00000| Untracked 
|  48|0x0000000743000000, 0x0000000743000000, 0x0000000743100000|  0%| F|  |TAMS 0x0000000743000000, 0x0000000743000000| Untracked 
|  49|0x0000000743100000, 0x0000000743100000, 0x0000000743200000|  0%| F|  |TAMS 0x0000000743100000, 0x0000000743100000| Untracked 
|  50|0x0000000743200000, 0x0000000743200000, 0x0000000743300000|  0%| F|  |TAMS 0x0000000743200000, 0x0000000743200000| Untracked 
|  51|0x0000000743300000, 0x0000000743300000, 0x0000000743400000|  0%| F|  |TAMS 0x0000000743300000, 0x0000000743300000| Untracked 
|  52|0x0000000743400000, 0x0000000743400000, 0x0000000743500000|  0%| F|  |TAMS 0x0000000743400000, 0x0000000743400000| Untracked 
|  53|0x0000000743500000, 0x0000000743500000, 0x0000000743600000|  0%| F|  |TAMS 0x0000000743500000, 0x0000000743500000| Untracked 
|  54|0x0000000743600000, 0x0000000743600000, 0x0000000743700000|  0%| F|  |TAMS 0x0000000743600000, 0x0000000743600000| Untracked 
|  55|0x0000000743700000, 0x0000000743700000, 0x0000000743800000|  0%| F|  |TAMS 0x0000000743700000, 0x0000000743700000| Untracked 
|  56|0x0000000743800000, 0x0000000743800000, 0x0000000743900000|  0%| F|  |TAMS 0x0000000743800000, 0x0000000743800000| Untracked 
|  57|0x0000000743900000, 0x0000000743900000, 0x0000000743a00000|  0%| F|  |TAMS 0x0000000743900000, 0x0000000743900000| Untracked 
|  58|0x0000000743a00000, 0x0000000743a00000, 0x0000000743b00000|  0%| F|  |TAMS 0x0000000743a00000, 0x0000000743a00000| Untracked 
|  59|0x0000000743b00000, 0x0000000743b00000, 0x0000000743c00000|  0%| F|  |TAMS 0x0000000743b00000, 0x0000000743b00000| Untracked 
|  60|0x0000000743c00000, 0x0000000743c00000, 0x0000000743d00000|  0%| F|  |TAMS 0x0000000743c00000, 0x0000000743c00000| Untracked 
|  61|0x0000000743d00000, 0x0000000743d00000, 0x0000000743e00000|  0%| F|  |TAMS 0x0000000743d00000, 0x0000000743d00000| Untracked 
|  62|0x0000000743e00000, 0x0000000743e00000, 0x0000000743f00000|  0%| F|  |TAMS 0x0000000743e00000, 0x0000000743e00000| Untracked 
|  63|0x0000000743f00000, 0x0000000743f00000, 0x0000000744000000|  0%| F|  |TAMS 0x0000000743f00000, 0x0000000743f00000| Untracked 
|  64|0x0000000744000000, 0x0000000744000000, 0x0000000744100000|  0%| F|  |TAMS 0x0000000744000000, 0x0000000744000000| Untracked 
|  65|0x0000000744100000, 0x0000000744100000, 0x0000000744200000|  0%| F|  |TAMS 0x0000000744100000, 0x0000000744100000| Untracked 
|  66|0x0000000744200000, 0x0000000744200000, 0x0000000744300000|  0%| F|  |TAMS 0x0000000744200000, 0x0000000744200000| Untracked 
|  67|0x0000000744300000, 0x0000000744300000, 0x0000000744400000|  0%| F|  |TAMS 0x0000000744300000, 0x0000000744300000| Untracked 
|  68|0x0000000744400000, 0x0000000744400000, 0x0000000744500000|  0%| F|  |TAMS 0x0000000744400000, 0x0000000744400000| Untracked 
|  69|0x0000000744500000, 0x0000000744500000, 0x0000000744600000|  0%| F|  |TAMS 0x0000000744500000, 0x0000000744500000| Untracked 
|  70|0x0000000744600000, 0x0000000744600000, 0x0000000744700000|  0%| F|  |TAMS 0x0000000744600000, 0x0000000744600000| Untracked 
|  71|0x0000000744700000, 0x0000000744700000, 0x0000000744800000|  0%| F|  |TAMS 0x0000000744700000, 0x0000000744700000| Untracked 
|  72|0x0000000744800000, 0x0000000744800000, 0x0000000744900000|  0%| F|  |TAMS 0x0000000744800000, 0x0000000744800000| Untracked 
|  73|0x0000000744900000, 0x0000000744900000, 0x0000000744a00000|  0%| F|  |TAMS 0x0000000744900000, 0x0000000744900000| Untracked 
|  74|0x0000000744a00000, 0x0000000744a00000, 0x0000000744b00000|  0%| F|  |TAMS 0x0000000744a00000, 0x0000000744a00000| Untracked 
|  75|0x0000000744b00000, 0x0000000744b00000, 0x0000000744c00000|  0%| F|  |TAMS 0x0000000744b00000, 0x0000000744b00000| Untracked 
|  76|0x0000000744c00000, 0x0000000744c00000, 0x0000000744d00000|  0%| F|  |TAMS 0x0000000744c00000, 0x0000000744c00000| Untracked 
|  77|0x0000000744d00000, 0x0000000744d00000, 0x0000000744e00000|  0%| F|  |TAMS 0x0000000744d00000, 0x0000000744d00000| Untracked 
|  78|0x0000000744e00000, 0x0000000744e00000, 0x0000000744f00000|  0%| F|  |TAMS 0x0000000744e00000, 0x0000000744e00000| Untracked 
|  79|0x0000000744f00000, 0x0000000744f00000, 0x0000000745000000|  0%| F|  |TAMS 0x0000000744f00000, 0x0000000744f00000| Untracked 
|  80|0x0000000745000000, 0x0000000745000000, 0x0000000745100000|  0%| F|  |TAMS 0x0000000745000000, 0x0000000745000000| Untracked 
|  81|0x0000000745100000, 0x0000000745100000, 0x0000000745200000|  0%| F|  |TAMS 0x0000000745100000, 0x0000000745100000| Untracked 
|  82|0x0000000745200000, 0x0000000745200000, 0x0000000745300000|  0%| F|  |TAMS 0x0000000745200000, 0x0000000745200000| Untracked 
|  83|0x0000000745300000, 0x0000000745300000, 0x0000000745400000|  0%| F|  |TAMS 0x0000000745300000, 0x0000000745300000| Untracked 
|  84|0x0000000745400000, 0x0000000745400000, 0x0000000745500000|  0%| F|  |TAMS 0x0000000745400000, 0x0000000745400000| Untracked 
|  85|0x0000000745500000, 0x0000000745500000, 0x0000000745600000|  0%| F|  |TAMS 0x0000000745500000, 0x0000000745500000| Untracked 
|  86|0x0000000745600000, 0x0000000745600000, 0x0000000745700000|  0%| F|  |TAMS 0x0000000745600000, 0x0000000745600000| Untracked 
|  87|0x0000000745700000, 0x0000000745700000, 0x0000000745800000|  0%| F|  |TAMS 0x0000000745700000, 0x0000000745700000| Untracked 
|  88|0x0000000745800000, 0x0000000745800000, 0x0000000745900000|  0%| F|  |TAMS 0x0000000745800000, 0x0000000745800000| Untracked 
|  89|0x0000000745900000, 0x0000000745900000, 0x0000000745a00000|  0%| F|  |TAMS 0x0000000745900000, 0x0000000745900000| Untracked 
|  90|0x0000000745a00000, 0x0000000745a00000, 0x0000000745b00000|  0%| F|  |TAMS 0x0000000745a00000, 0x0000000745a00000| Untracked 
|  91|0x0000000745b00000, 0x0000000745b00000, 0x0000000745c00000|  0%| F|  |TAMS 0x0000000745b00000, 0x0000000745b00000| Untracked 
|  92|0x0000000745c00000, 0x0000000745c00000, 0x0000000745d00000|  0%| F|  |TAMS 0x0000000745c00000, 0x0000000745c00000| Untracked 
|  93|0x0000000745d00000, 0x0000000745d00000, 0x0000000745e00000|  0%| F|  |TAMS 0x0000000745d00000, 0x0000000745d00000| Untracked 
|  94|0x0000000745e00000, 0x0000000745e00000, 0x0000000745f00000|  0%| F|  |TAMS 0x0000000745e00000, 0x0000000745e00000| Untracked 
|  95|0x0000000745f00000, 0x0000000745fa8db8, 0x0000000746000000| 65%| S|CS|TAMS 0x0000000745f00000, 0x0000000745f00000| Complete 
|  96|0x0000000746000000, 0x0000000746100000, 0x0000000746100000|100%| S|CS|TAMS 0x0000000746000000, 0x0000000746000000| Complete 
|  97|0x0000000746100000, 0x0000000746100000, 0x0000000746200000|  0%| F|  |TAMS 0x0000000746100000, 0x0000000746100000| Untracked 
|  98|0x0000000746200000, 0x0000000746200000, 0x0000000746300000|  0%| F|  |TAMS 0x0000000746200000, 0x0000000746200000| Untracked 
|  99|0x0000000746300000, 0x0000000746300000, 0x0000000746400000|  0%| F|  |TAMS 0x0000000746300000, 0x0000000746300000| Untracked 
| 100|0x0000000746400000, 0x0000000746400000, 0x0000000746500000|  0%| F|  |TAMS 0x0000000746400000, 0x0000000746400000| Untracked 
| 101|0x0000000746500000, 0x0000000746600000, 0x0000000746600000|100%| S|CS|TAMS 0x0000000746500000, 0x0000000746500000| Complete 
| 102|0x0000000746600000, 0x0000000746700000, 0x0000000746700000|100%| S|CS|TAMS 0x0000000746600000, 0x0000000746600000| Complete 
| 103|0x0000000746700000, 0x0000000746800000, 0x0000000746800000|100%| S|CS|TAMS 0x0000000746700000, 0x0000000746700000| Complete 
| 104|0x0000000746800000, 0x0000000746900000, 0x0000000746900000|100%| S|CS|TAMS 0x0000000746800000, 0x0000000746800000| Complete 
| 105|0x0000000746900000, 0x0000000746900000, 0x0000000746a00000|  0%| F|  |TAMS 0x0000000746900000, 0x0000000746900000| Untracked 
| 106|0x0000000746a00000, 0x0000000746a00000, 0x0000000746b00000|  0%| F|  |TAMS 0x0000000746a00000, 0x0000000746a00000| Untracked 
| 107|0x0000000746b00000, 0x0000000746b00000, 0x0000000746c00000|  0%| F|  |TAMS 0x0000000746b00000, 0x0000000746b00000| Untracked 
| 108|0x0000000746c00000, 0x0000000746c00000, 0x0000000746d00000|  0%| F|  |TAMS 0x0000000746c00000, 0x0000000746c00000| Untracked 
| 109|0x0000000746d00000, 0x0000000746d00000, 0x0000000746e00000|  0%| F|  |TAMS 0x0000000746d00000, 0x0000000746d00000| Untracked 
| 110|0x0000000746e00000, 0x0000000746f00000, 0x0000000746f00000|100%| E|  |TAMS 0x0000000746e00000, 0x0000000746e00000| Complete 
| 111|0x0000000746f00000, 0x0000000747000000, 0x0000000747000000|100%| E|CS|TAMS 0x0000000746f00000, 0x0000000746f00000| Complete 
| 112|0x0000000747000000, 0x0000000747100000, 0x0000000747100000|100%| E|CS|TAMS 0x0000000747000000, 0x0000000747000000| Complete 
| 113|0x0000000747100000, 0x0000000747200000, 0x0000000747200000|100%| E|CS|TAMS 0x0000000747100000, 0x0000000747100000| Complete 
| 114|0x0000000747200000, 0x0000000747300000, 0x0000000747300000|100%| E|CS|TAMS 0x0000000747200000, 0x0000000747200000| Complete 
| 115|0x0000000747300000, 0x0000000747400000, 0x0000000747400000|100%| E|CS|TAMS 0x0000000747300000, 0x0000000747300000| Complete 
| 116|0x0000000747400000, 0x0000000747500000, 0x0000000747500000|100%| E|CS|TAMS 0x0000000747400000, 0x0000000747400000| Complete 
| 117|0x0000000747500000, 0x0000000747600000, 0x0000000747600000|100%| E|CS|TAMS 0x0000000747500000, 0x0000000747500000| Complete 
| 118|0x0000000747600000, 0x0000000747700000, 0x0000000747700000|100%| E|CS|TAMS 0x0000000747600000, 0x0000000747600000| Complete 
| 119|0x0000000747700000, 0x0000000747800000, 0x0000000747800000|100%| E|CS|TAMS 0x0000000747700000, 0x0000000747700000| Complete 
| 120|0x0000000747800000, 0x0000000747900000, 0x0000000747900000|100%| E|CS|TAMS 0x0000000747800000, 0x0000000747800000| Complete 
| 121|0x0000000747900000, 0x0000000747a00000, 0x0000000747a00000|100%| E|CS|TAMS 0x0000000747900000, 0x0000000747900000| Complete 
| 122|0x0000000747a00000, 0x0000000747b00000, 0x0000000747b00000|100%| E|CS|TAMS 0x0000000747a00000, 0x0000000747a00000| Complete 
| 123|0x0000000747b00000, 0x0000000747c00000, 0x0000000747c00000|100%| E|CS|TAMS 0x0000000747b00000, 0x0000000747b00000| Complete 
| 124|0x0000000747c00000, 0x0000000747d00000, 0x0000000747d00000|100%| E|CS|TAMS 0x0000000747c00000, 0x0000000747c00000| Complete 
| 125|0x0000000747d00000, 0x0000000747e00000, 0x0000000747e00000|100%| E|CS|TAMS 0x0000000747d00000, 0x0000000747d00000| Complete 
| 126|0x0000000747e00000, 0x0000000747f00000, 0x0000000747f00000|100%| E|CS|TAMS 0x0000000747e00000, 0x0000000747e00000| Complete 
| 127|0x0000000747f00000, 0x0000000748000000, 0x0000000748000000|100%| E|CS|TAMS 0x0000000747f00000, 0x0000000747f00000| Complete 
| 128|0x0000000748000000, 0x0000000748100000, 0x0000000748100000|100%| E|CS|TAMS 0x0000000748000000, 0x0000000748000000| Complete 
| 129|0x0000000748100000, 0x0000000748200000, 0x0000000748200000|100%| E|CS|TAMS 0x0000000748100000, 0x0000000748100000| Complete 
| 130|0x0000000748200000, 0x0000000748300000, 0x0000000748300000|100%| E|CS|TAMS 0x0000000748200000, 0x0000000748200000| Complete 
| 131|0x0000000748300000, 0x0000000748400000, 0x0000000748400000|100%| E|CS|TAMS 0x0000000748300000, 0x0000000748300000| Complete 
| 132|0x0000000748400000, 0x0000000748500000, 0x0000000748500000|100%| E|CS|TAMS 0x0000000748400000, 0x0000000748400000| Complete 
| 133|0x0000000748500000, 0x0000000748600000, 0x0000000748600000|100%| E|CS|TAMS 0x0000000748500000, 0x0000000748500000| Complete 
| 134|0x0000000748600000, 0x0000000748700000, 0x0000000748700000|100%| E|CS|TAMS 0x0000000748600000, 0x0000000748600000| Complete 
| 135|0x0000000748700000, 0x0000000748800000, 0x0000000748800000|100%| E|CS|TAMS 0x0000000748700000, 0x0000000748700000| Complete 
| 136|0x0000000748800000, 0x0000000748900000, 0x0000000748900000|100%| E|CS|TAMS 0x0000000748800000, 0x0000000748800000| Complete 
| 137|0x0000000748900000, 0x0000000748a00000, 0x0000000748a00000|100%| E|CS|TAMS 0x0000000748900000, 0x0000000748900000| Complete 
| 138|0x0000000748a00000, 0x0000000748b00000, 0x0000000748b00000|100%| E|CS|TAMS 0x0000000748a00000, 0x0000000748a00000| Complete 
| 139|0x0000000748b00000, 0x0000000748c00000, 0x0000000748c00000|100%| E|CS|TAMS 0x0000000748b00000, 0x0000000748b00000| Complete 
| 140|0x0000000748c00000, 0x0000000748d00000, 0x0000000748d00000|100%| E|CS|TAMS 0x0000000748c00000, 0x0000000748c00000| Complete 
| 141|0x0000000748d00000, 0x0000000748e00000, 0x0000000748e00000|100%| E|CS|TAMS 0x0000000748d00000, 0x0000000748d00000| Complete 
| 142|0x0000000748e00000, 0x0000000748f00000, 0x0000000748f00000|100%| E|CS|TAMS 0x0000000748e00000, 0x0000000748e00000| Complete 
| 143|0x0000000748f00000, 0x0000000749000000, 0x0000000749000000|100%| E|CS|TAMS 0x0000000748f00000, 0x0000000748f00000| Complete 
| 144|0x0000000749000000, 0x0000000749100000, 0x0000000749100000|100%| E|CS|TAMS 0x0000000749000000, 0x0000000749000000| Complete 
| 145|0x0000000749100000, 0x0000000749200000, 0x0000000749200000|100%| E|CS|TAMS 0x0000000749100000, 0x0000000749100000| Complete 
| 146|0x0000000749200000, 0x0000000749300000, 0x0000000749300000|100%| E|CS|TAMS 0x0000000749200000, 0x0000000749200000| Complete 
| 147|0x0000000749300000, 0x0000000749400000, 0x0000000749400000|100%| E|CS|TAMS 0x0000000749300000, 0x0000000749300000| Complete 
| 148|0x0000000749400000, 0x0000000749500000, 0x0000000749500000|100%| E|CS|TAMS 0x0000000749400000, 0x0000000749400000| Complete 
| 149|0x0000000749500000, 0x0000000749600000, 0x0000000749600000|100%| E|CS|TAMS 0x0000000749500000, 0x0000000749500000| Complete 
| 150|0x0000000749600000, 0x0000000749700000, 0x0000000749700000|100%| E|CS|TAMS 0x0000000749600000, 0x0000000749600000| Complete 
| 151|0x0000000749700000, 0x0000000749800000, 0x0000000749800000|100%| E|CS|TAMS 0x0000000749700000, 0x0000000749700000| Complete 
| 152|0x0000000749800000, 0x0000000749900000, 0x0000000749900000|100%| E|CS|TAMS 0x0000000749800000, 0x0000000749800000| Complete 
| 153|0x0000000749900000, 0x0000000749a00000, 0x0000000749a00000|100%| E|CS|TAMS 0x0000000749900000, 0x0000000749900000| Complete 
| 154|0x0000000749a00000, 0x0000000749b00000, 0x0000000749b00000|100%| E|CS|TAMS 0x0000000749a00000, 0x0000000749a00000| Complete 
| 155|0x0000000749b00000, 0x0000000749c00000, 0x0000000749c00000|100%| E|CS|TAMS 0x0000000749b00000, 0x0000000749b00000| Complete 
| 156|0x0000000749c00000, 0x0000000749d00000, 0x0000000749d00000|100%| E|CS|TAMS 0x0000000749c00000, 0x0000000749c00000| Complete 
| 157|0x0000000749d00000, 0x0000000749e00000, 0x0000000749e00000|100%| E|CS|TAMS 0x0000000749d00000, 0x0000000749d00000| Complete 
| 158|0x0000000749e00000, 0x0000000749f00000, 0x0000000749f00000|100%| E|CS|TAMS 0x0000000749e00000, 0x0000000749e00000| Complete 
| 159|0x0000000749f00000, 0x000000074a000000, 0x000000074a000000|100%| E|CS|TAMS 0x0000000749f00000, 0x0000000749f00000| Complete 
| 160|0x000000074a000000, 0x000000074a100000, 0x000000074a100000|100%| E|CS|TAMS 0x000000074a000000, 0x000000074a000000| Complete 
| 161|0x000000074a100000, 0x000000074a200000, 0x000000074a200000|100%| E|CS|TAMS 0x000000074a100000, 0x000000074a100000| Complete 
| 162|0x000000074a200000, 0x000000074a300000, 0x000000074a300000|100%| E|CS|TAMS 0x000000074a200000, 0x000000074a200000| Complete 
| 163|0x000000074a300000, 0x000000074a400000, 0x000000074a400000|100%| E|CS|TAMS 0x000000074a300000, 0x000000074a300000| Complete 
| 164|0x000000074a400000, 0x000000074a500000, 0x000000074a500000|100%| E|CS|TAMS 0x000000074a400000, 0x000000074a400000| Complete 
| 165|0x000000074a500000, 0x000000074a600000, 0x000000074a600000|100%| E|CS|TAMS 0x000000074a500000, 0x000000074a500000| Complete 
| 166|0x000000074a600000, 0x000000074a700000, 0x000000074a700000|100%| E|CS|TAMS 0x000000074a600000, 0x000000074a600000| Complete 
| 167|0x000000074a700000, 0x000000074a800000, 0x000000074a800000|100%| E|CS|TAMS 0x000000074a700000, 0x000000074a700000| Complete 
| 168|0x000000074a800000, 0x000000074a900000, 0x000000074a900000|100%| E|CS|TAMS 0x000000074a800000, 0x000000074a800000| Complete 
| 169|0x000000074a900000, 0x000000074aa00000, 0x000000074aa00000|100%| E|CS|TAMS 0x000000074a900000, 0x000000074a900000| Complete 
| 170|0x000000074aa00000, 0x000000074ab00000, 0x000000074ab00000|100%| E|CS|TAMS 0x000000074aa00000, 0x000000074aa00000| Complete 
| 171|0x000000074ab00000, 0x000000074ac00000, 0x000000074ac00000|100%| E|CS|TAMS 0x000000074ab00000, 0x000000074ab00000| Complete 
| 172|0x000000074ac00000, 0x000000074ad00000, 0x000000074ad00000|100%| E|CS|TAMS 0x000000074ac00000, 0x000000074ac00000| Complete 
| 173|0x000000074ad00000, 0x000000074ae00000, 0x000000074ae00000|100%| E|CS|TAMS 0x000000074ad00000, 0x000000074ad00000| Complete 
| 174|0x000000074ae00000, 0x000000074af00000, 0x000000074af00000|100%| E|CS|TAMS 0x000000074ae00000, 0x000000074ae00000| Complete 
| 175|0x000000074af00000, 0x000000074b000000, 0x000000074b000000|100%| E|CS|TAMS 0x000000074af00000, 0x000000074af00000| Complete 
| 176|0x000000074b000000, 0x000000074b100000, 0x000000074b100000|100%| E|CS|TAMS 0x000000074b000000, 0x000000074b000000| Complete 
| 177|0x000000074b100000, 0x000000074b200000, 0x000000074b200000|100%| E|CS|TAMS 0x000000074b100000, 0x000000074b100000| Complete 
| 178|0x000000074b200000, 0x000000074b300000, 0x000000074b300000|100%| E|CS|TAMS 0x000000074b200000, 0x000000074b200000| Complete 
| 179|0x000000074b300000, 0x000000074b400000, 0x000000074b400000|100%| E|CS|TAMS 0x000000074b300000, 0x000000074b300000| Complete 
| 180|0x000000074b400000, 0x000000074b500000, 0x000000074b500000|100%| E|CS|TAMS 0x000000074b400000, 0x000000074b400000| Complete 
| 181|0x000000074b500000, 0x000000074b600000, 0x000000074b600000|100%| E|CS|TAMS 0x000000074b500000, 0x000000074b500000| Complete 
| 182|0x000000074b600000, 0x000000074b700000, 0x000000074b700000|100%| E|CS|TAMS 0x000000074b600000, 0x000000074b600000| Complete 
| 183|0x000000074b700000, 0x000000074b800000, 0x000000074b800000|100%| E|CS|TAMS 0x000000074b700000, 0x000000074b700000| Complete 
| 184|0x000000074b800000, 0x000000074b900000, 0x000000074b900000|100%| E|CS|TAMS 0x000000074b800000, 0x000000074b800000| Complete 
| 185|0x000000074b900000, 0x000000074ba00000, 0x000000074ba00000|100%| E|CS|TAMS 0x000000074b900000, 0x000000074b900000| Complete 
| 186|0x000000074ba00000, 0x000000074bb00000, 0x000000074bb00000|100%| E|CS|TAMS 0x000000074ba00000, 0x000000074ba00000| Complete 
| 187|0x000000074bb00000, 0x000000074bc00000, 0x000000074bc00000|100%| E|CS|TAMS 0x000000074bb00000, 0x000000074bb00000| Complete 
| 188|0x000000074bc00000, 0x000000074bd00000, 0x000000074bd00000|100%| E|CS|TAMS 0x000000074bc00000, 0x000000074bc00000| Complete 
| 189|0x000000074bd00000, 0x000000074be00000, 0x000000074be00000|100%| E|CS|TAMS 0x000000074bd00000, 0x000000074bd00000| Complete 
| 190|0x000000074be00000, 0x000000074bf00000, 0x000000074bf00000|100%| E|CS|TAMS 0x000000074be00000, 0x000000074be00000| Complete 
| 191|0x000000074bf00000, 0x000000074c000000, 0x000000074c000000|100%| E|CS|TAMS 0x000000074bf00000, 0x000000074bf00000| Complete 
| 192|0x000000074c000000, 0x000000074c100000, 0x000000074c100000|100%| E|CS|TAMS 0x000000074c000000, 0x000000074c000000| Complete 
| 193|0x000000074c100000, 0x000000074c200000, 0x000000074c200000|100%| E|CS|TAMS 0x000000074c100000, 0x000000074c100000| Complete 
| 194|0x000000074c200000, 0x000000074c300000, 0x000000074c300000|100%| E|CS|TAMS 0x000000074c200000, 0x000000074c200000| Complete 
| 195|0x000000074c300000, 0x000000074c400000, 0x000000074c400000|100%| E|CS|TAMS 0x000000074c300000, 0x000000074c300000| Complete 
| 196|0x000000074c400000, 0x000000074c500000, 0x000000074c500000|100%| E|CS|TAMS 0x000000074c400000, 0x000000074c400000| Complete 
| 197|0x000000074c500000, 0x000000074c600000, 0x000000074c600000|100%| E|CS|TAMS 0x000000074c500000, 0x000000074c500000| Complete 
| 198|0x000000074c600000, 0x000000074c700000, 0x000000074c700000|100%| E|CS|TAMS 0x000000074c600000, 0x000000074c600000| Complete 
| 199|0x000000074c700000, 0x000000074c800000, 0x000000074c800000|100%| E|CS|TAMS 0x000000074c700000, 0x000000074c700000| Complete 
| 200|0x000000074c800000, 0x000000074c900000, 0x000000074c900000|100%| E|CS|TAMS 0x000000074c800000, 0x000000074c800000| Complete 
| 201|0x000000074c900000, 0x000000074ca00000, 0x000000074ca00000|100%| E|CS|TAMS 0x000000074c900000, 0x000000074c900000| Complete 
| 202|0x000000074ca00000, 0x000000074cb00000, 0x000000074cb00000|100%| E|CS|TAMS 0x000000074ca00000, 0x000000074ca00000| Complete 
| 203|0x000000074cb00000, 0x000000074cc00000, 0x000000074cc00000|100%| E|CS|TAMS 0x000000074cb00000, 0x000000074cb00000| Complete 
| 204|0x000000074cc00000, 0x000000074cd00000, 0x000000074cd00000|100%| E|CS|TAMS 0x000000074cc00000, 0x000000074cc00000| Complete 
| 205|0x000000074cd00000, 0x000000074ce00000, 0x000000074ce00000|100%| E|CS|TAMS 0x000000074cd00000, 0x000000074cd00000| Complete 
| 206|0x000000074ce00000, 0x000000074cf00000, 0x000000074cf00000|100%| E|CS|TAMS 0x000000074ce00000, 0x000000074ce00000| Complete 
| 207|0x000000074cf00000, 0x000000074d000000, 0x000000074d000000|100%| E|CS|TAMS 0x000000074cf00000, 0x000000074cf00000| Complete 
| 208|0x000000074d000000, 0x000000074d100000, 0x000000074d100000|100%| E|CS|TAMS 0x000000074d000000, 0x000000074d000000| Complete 
| 209|0x000000074d100000, 0x000000074d200000, 0x000000074d200000|100%| E|CS|TAMS 0x000000074d100000, 0x000000074d100000| Complete 
| 210|0x000000074d200000, 0x000000074d300000, 0x000000074d300000|100%| E|CS|TAMS 0x000000074d200000, 0x000000074d200000| Complete 
| 211|0x000000074d300000, 0x000000074d400000, 0x000000074d400000|100%| E|CS|TAMS 0x000000074d300000, 0x000000074d300000| Complete 
| 212|0x000000074d400000, 0x000000074d500000, 0x000000074d500000|100%| E|CS|TAMS 0x000000074d400000, 0x000000074d400000| Complete 
| 213|0x000000074d500000, 0x000000074d600000, 0x000000074d600000|100%| E|CS|TAMS 0x000000074d500000, 0x000000074d500000| Complete 
| 214|0x000000074d600000, 0x000000074d700000, 0x000000074d700000|100%| E|CS|TAMS 0x000000074d600000, 0x000000074d600000| Complete 
| 215|0x000000074d700000, 0x000000074d800000, 0x000000074d800000|100%| E|CS|TAMS 0x000000074d700000, 0x000000074d700000| Complete 
| 216|0x000000074d800000, 0x000000074d900000, 0x000000074d900000|100%| E|CS|TAMS 0x000000074d800000, 0x000000074d800000| Complete 
| 217|0x000000074d900000, 0x000000074da00000, 0x000000074da00000|100%| E|CS|TAMS 0x000000074d900000, 0x000000074d900000| Complete 
| 218|0x000000074da00000, 0x000000074db00000, 0x000000074db00000|100%| E|CS|TAMS 0x000000074da00000, 0x000000074da00000| Complete 
| 219|0x000000074db00000, 0x000000074dc00000, 0x000000074dc00000|100%| E|CS|TAMS 0x000000074db00000, 0x000000074db00000| Complete 
| 220|0x000000074dc00000, 0x000000074dd00000, 0x000000074dd00000|100%| E|CS|TAMS 0x000000074dc00000, 0x000000074dc00000| Complete 
| 221|0x000000074dd00000, 0x000000074de00000, 0x000000074de00000|100%| E|CS|TAMS 0x000000074dd00000, 0x000000074dd00000| Complete 
| 222|0x000000074de00000, 0x000000074df00000, 0x000000074df00000|100%| E|CS|TAMS 0x000000074de00000, 0x000000074de00000| Complete 
| 223|0x000000074df00000, 0x000000074e000000, 0x000000074e000000|100%| E|CS|TAMS 0x000000074df00000, 0x000000074df00000| Complete 
| 224|0x000000074e000000, 0x000000074e100000, 0x000000074e100000|100%| E|CS|TAMS 0x000000074e000000, 0x000000074e000000| Complete 
| 225|0x000000074e100000, 0x000000074e200000, 0x000000074e200000|100%| E|CS|TAMS 0x000000074e100000, 0x000000074e100000| Complete 
| 226|0x000000074e200000, 0x000000074e300000, 0x000000074e300000|100%| E|CS|TAMS 0x000000074e200000, 0x000000074e200000| Complete 
| 227|0x000000074e300000, 0x000000074e400000, 0x000000074e400000|100%| E|CS|TAMS 0x000000074e300000, 0x000000074e300000| Complete 
| 228|0x000000074e400000, 0x000000074e500000, 0x000000074e500000|100%| E|CS|TAMS 0x000000074e400000, 0x000000074e400000| Complete 
| 229|0x000000074e500000, 0x000000074e600000, 0x000000074e600000|100%| E|CS|TAMS 0x000000074e500000, 0x000000074e500000| Complete 
| 230|0x000000074e600000, 0x000000074e700000, 0x000000074e700000|100%| E|CS|TAMS 0x000000074e600000, 0x000000074e600000| Complete 
| 231|0x000000074e700000, 0x000000074e800000, 0x000000074e800000|100%| E|CS|TAMS 0x000000074e700000, 0x000000074e700000| Complete 
| 232|0x000000074e800000, 0x000000074e900000, 0x000000074e900000|100%| E|CS|TAMS 0x000000074e800000, 0x000000074e800000| Complete 
| 233|0x000000074e900000, 0x000000074ea00000, 0x000000074ea00000|100%| E|CS|TAMS 0x000000074e900000, 0x000000074e900000| Complete 
| 234|0x000000074ea00000, 0x000000074eb00000, 0x000000074eb00000|100%| E|CS|TAMS 0x000000074ea00000, 0x000000074ea00000| Complete 
| 235|0x000000074eb00000, 0x000000074ec00000, 0x000000074ec00000|100%| E|CS|TAMS 0x000000074eb00000, 0x000000074eb00000| Complete 
| 236|0x000000074ec00000, 0x000000074ed00000, 0x000000074ed00000|100%| E|CS|TAMS 0x000000074ec00000, 0x000000074ec00000| Complete 
| 237|0x000000074ed00000, 0x000000074ee00000, 0x000000074ee00000|100%| E|CS|TAMS 0x000000074ed00000, 0x000000074ed00000| Complete 
| 238|0x000000074ee00000, 0x000000074ef00000, 0x000000074ef00000|100%| E|CS|TAMS 0x000000074ee00000, 0x000000074ee00000| Complete 
| 239|0x000000074ef00000, 0x000000074f000000, 0x000000074f000000|100%| E|CS|TAMS 0x000000074ef00000, 0x000000074ef00000| Complete 
| 240|0x000000074f000000, 0x000000074f100000, 0x000000074f100000|100%| E|CS|TAMS 0x000000074f000000, 0x000000074f000000| Complete 
| 241|0x000000074f100000, 0x000000074f200000, 0x000000074f200000|100%| E|CS|TAMS 0x000000074f100000, 0x000000074f100000| Complete 
| 242|0x000000074f200000, 0x000000074f300000, 0x000000074f300000|100%| E|CS|TAMS 0x000000074f200000, 0x000000074f200000| Complete 
| 243|0x000000074f300000, 0x000000074f400000, 0x000000074f400000|100%| E|CS|TAMS 0x000000074f300000, 0x000000074f300000| Complete 
| 244|0x000000074f400000, 0x000000074f500000, 0x000000074f500000|100%| E|CS|TAMS 0x000000074f400000, 0x000000074f400000| Complete 
| 245|0x000000074f500000, 0x000000074f600000, 0x000000074f600000|100%| E|CS|TAMS 0x000000074f500000, 0x000000074f500000| Complete 
| 246|0x000000074f600000, 0x000000074f700000, 0x000000074f700000|100%| E|CS|TAMS 0x000000074f600000, 0x000000074f600000| Complete 
| 247|0x000000074f700000, 0x000000074f800000, 0x000000074f800000|100%| E|CS|TAMS 0x000000074f700000, 0x000000074f700000| Complete 
| 248|0x000000074f800000, 0x000000074f900000, 0x000000074f900000|100%| E|CS|TAMS 0x000000074f800000, 0x000000074f800000| Complete 
| 249|0x000000074f900000, 0x000000074fa00000, 0x000000074fa00000|100%| E|CS|TAMS 0x000000074f900000, 0x000000074f900000| Complete 
| 250|0x000000074fa00000, 0x000000074fb00000, 0x000000074fb00000|100%| E|CS|TAMS 0x000000074fa00000, 0x000000074fa00000| Complete 
| 251|0x000000074fb00000, 0x000000074fc00000, 0x000000074fc00000|100%| E|CS|TAMS 0x000000074fb00000, 0x000000074fb00000| Complete 

Card table byte_map: [0x0000017e7ece0000,0x0000017e7f2e0000] _byte_map_base: 0x0000017e7b2e0000

Marking Bits (Prev, Next): (CMBitMap*) 0x0000017e75bfb378, (CMBitMap*) 0x0000017e75bfb3b8
 Prev Bits: [0x0000017e0f000000, 0x0000017e12000000)
 Next Bits: [0x0000017e12000000, 0x0000017e15000000)

Polling page: 0x0000017e73880000

Metaspace:

Usage:
  Non-class:     16.28 MB capacity,    16.11 MB ( 99%) used,   152.06 KB ( <1%) free+waste,    23.81 KB ( <1%) overhead. 
      Class:      2.16 MB capacity,     2.04 MB ( 95%) used,   104.88 KB (  5%) free+waste,    10.56 KB ( <1%) overhead. 
       Both:     18.44 MB capacity,    18.15 MB ( 98%) used,   256.95 KB (  1%) free+waste,    34.38 KB ( <1%) overhead. 

Virtual space:
  Non-class space:       18.00 MB reserved,      16.50 MB ( 92%) committed 
      Class space:        1.00 GB reserved,       2.25 MB ( <1%) committed 
             Both:        1.02 GB reserved,      18.75 MB (  2%) committed 

Chunk freelists:
   Non-Class:  33.00 KB
       Class:  1.00 KB
        Both:  34.00 KB

MaxMetaspaceSize: 17179869184.00 GB
CompressedClassSpaceSize: 1.00 GB

CodeHeap 'non-profiled nmethods': size=120000Kb used=1907Kb max_used=1907Kb free=118092Kb
 bounds [0x0000017e07ad0000, 0x0000017e07d40000, 0x0000017e0f000000]
CodeHeap 'profiled nmethods': size=120000Kb used=7192Kb max_used=7192Kb free=112808Kb
 bounds [0x0000017e005a0000, 0x0000017e00cb0000, 0x0000017e07ad0000]
CodeHeap 'non-nmethods': size=5760Kb used=1454Kb max_used=1490Kb free=4305Kb
 bounds [0x0000017e00000000, 0x0000017e00270000, 0x0000017e005a0000]
 total_blobs=5042 nmethods=3029 adapters=689
 compilation: enabled
              stopped_count=0, restarted_count=0
 full_count=0

Compilation events (20 events):
Event: 4.298 Thread 0x0000017e17f2c800 nmethod 3014 0x0000017e00c8fb10 code [0x0000017e00c8fce0, 0x0000017e00c8ffd0]
Event: 4.298 Thread 0x0000017e17f2c800 3011       3       org.nd4j.linalg.api.ndarray.BaseNDArray::isRowVector (48 bytes)
Event: 4.298 Thread 0x0000017e17f2c800 nmethod 3011 0x0000017e00c90190 code [0x0000017e00c903c0, 0x0000017e00c90fd0]
Event: 4.298 Thread 0x0000017e17f2c800 3015       3       org.nd4j.linalg.memory.abstracts.Nd4jWorkspace::close (821 bytes)
Event: 4.302 Thread 0x0000017e17f2c800 nmethod 3015 0x0000017e00c91290 code [0x0000017e00c91980, 0x0000017e00c96cf0]
Event: 4.302 Thread 0x0000017e17f2c800 3017       2       org.nd4j.linalg.api.buffer.BaseDataBuffer::<init> (743 bytes)
Event: 4.303 Thread 0x0000017e17f2c800 nmethod 3017 0x0000017e00c98410 code [0x0000017e00c988e0, 0x0000017e00c9a890]
Event: 4.303 Thread 0x0000017e17f2c800 3018       2       org.nd4j.linalg.api.memory.pointers.PagedPointer::asFloatPointer (9 bytes)
Event: 4.303 Thread 0x0000017e17f2c800 nmethod 3018 0x0000017e00c9b310 code [0x0000017e00c9b4c0, 0x0000017e00c9b6f0]
Event: 4.303 Thread 0x0000017e17f2c800 3013       3       java.util.concurrent.atomic.AtomicLong::intValue (6 bytes)
Event: 4.304 Thread 0x0000017e17f2c800 nmethod 3013 0x0000017e00c9b790 code [0x0000017e00c9b940, 0x0000017e00c9bad8]
Event: 4.304 Thread 0x0000017e17f2c800 3012       3       org.nd4j.linalg.api.ops.executioner.DefaultOpExecutioner::commit (1 bytes)
Event: 4.304 Thread 0x0000017e17f2c800 nmethod 3012 0x0000017e00c9bb90 code [0x0000017e00c9bd20, 0x0000017e00c9be98]
Event: 4.304 Thread 0x0000017e17f2c800 3020       1       org.nd4j.linalg.cache.TadDescriptor::getDimensionLength (5 bytes)
Event: 4.304 Thread 0x0000017e17f2c800 nmethod 3020 0x0000017e07ca7690 code [0x0000017e07ca7820, 0x0000017e07ca7958]
Event: 4.304 Thread 0x0000017e17f2c800 3021       1       org.nd4j.linalg.cache.TadDescriptor::getDimension (5 bytes)
Event: 4.304 Thread 0x0000017e17f2c800 nmethod 3021 0x0000017e07ca7a10 code [0x0000017e07ca7ba0, 0x0000017e07ca7cd8]
Event: 4.304 Thread 0x0000017e17f2c800 3022       1       org.nd4j.linalg.cache.TadDescriptor::getShape (5 bytes)
Event: 4.304 Thread 0x0000017e17f2c800 nmethod 3022 0x0000017e07ca7d90 code [0x0000017e07ca7f20, 0x0000017e07ca8058]
Event: 4.304 Thread 0x0000017e17f2c800 3009       3       org.nd4j.linalg.api.shape.Shape::hasDefaultStridesForShape (67 bytes)

GC Heap History (14 events):
Event: 0.624 GC heap before
{Heap before GC invocations=0 (full 0):
 garbage-first heap   total 258048K, used 25600K [0x0000000740000000, 0x0000000800000000)
  region size 1024K, 24 young (24576K), 0 survivors (0K)
 Metaspace       used 3342K, capacity 6173K, committed 6272K, reserved 1056768K
  class space    used 287K, capacity 574K, committed 640K, reserved 1048576K
}
Event: 0.629 GC heap after
{Heap after GC invocations=1 (full 0):
 garbage-first heap   total 258048K, used 11020K [0x0000000740000000, 0x0000000800000000)
  region size 1024K, 3 young (3072K), 3 survivors (3072K)
 Metaspace       used 3342K, capacity 6173K, committed 6272K, reserved 1056768K
  class space    used 287K, capacity 574K, committed 640K, reserved 1048576K
}
Event: 1.088 GC heap before
{Heap before GC invocations=1 (full 0):
 garbage-first heap   total 258048K, used 162572K [0x0000000740000000, 0x0000000800000000)
  region size 1024K, 151 young (154624K), 3 survivors (3072K)
 Metaspace       used 5605K, capacity 7955K, committed 8192K, reserved 1056768K
  class space    used 646K, capacity 913K, committed 1024K, reserved 1048576K
}
Event: 1.090 GC heap after
{Heap after GC invocations=2 (full 0):
 garbage-first heap   total 258048K, used 11168K [0x0000000740000000, 0x0000000800000000)
  region size 1024K, 4 young (4096K), 4 survivors (4096K)
 Metaspace       used 5605K, capacity 7955K, committed 8192K, reserved 1056768K
  class space    used 646K, capacity 913K, committed 1024K, reserved 1048576K
}
Event: 1.357 GC heap before
{Heap before GC invocations=2 (full 0):
 garbage-first heap   total 258048K, used 161696K [0x0000000740000000, 0x0000000800000000)
  region size 1024K, 151 young (154624K), 4 survivors (4096K)
 Metaspace       used 6817K, capacity 9171K, committed 9472K, reserved 1056768K
  class space    used 968K, capacity 1233K, committed 1280K, reserved 1048576K
}
Event: 1.359 GC heap after
{Heap after GC invocations=3 (full 0):
 garbage-first heap   total 258048K, used 11477K [0x0000000740000000, 0x0000000800000000)
  region size 1024K, 4 young (4096K), 4 survivors (4096K)
 Metaspace       used 6817K, capacity 9171K, committed 9472K, reserved 1056768K
  class space    used 968K, capacity 1233K, committed 1280K, reserved 1048576K
}
Event: 1.820 GC heap before
{Heap before GC invocations=3 (full 0):
 garbage-first heap   total 258048K, used 162005K [0x0000000740000000, 0x0000000800000000)
  region size 1024K, 151 young (154624K), 4 survivors (4096K)
 Metaspace       used 9089K, capacity 11070K, committed 11136K, reserved 1058816K
  class space    used 1149K, capacity 1395K, committed 1408K, reserved 1048576K
}
Event: 1.822 GC heap after
{Heap after GC invocations=4 (full 0):
 garbage-first heap   total 258048K, used 11648K [0x0000000740000000, 0x0000000800000000)
  region size 1024K, 4 young (4096K), 4 survivors (4096K)
 Metaspace       used 9089K, capacity 11070K, committed 11136K, reserved 1058816K
  class space    used 1149K, capacity 1395K, committed 1408K, reserved 1048576K
}
Event: 2.284 GC heap before
{Heap before GC invocations=4 (full 0):
 garbage-first heap   total 258048K, used 162176K [0x0000000740000000, 0x0000000800000000)
  region size 1024K, 151 young (154624K), 4 survivors (4096K)
 Metaspace       used 14445K, capacity 15215K, committed 15488K, reserved 1062912K
  class space    used 1770K, capacity 1902K, committed 1920K, reserved 1048576K
}
Event: 2.286 GC heap after
{Heap after GC invocations=5 (full 0):
 garbage-first heap   total 258048K, used 13272K [0x0000000740000000, 0x0000000800000000)
  region size 1024K, 6 young (6144K), 6 survivors (6144K)
 Metaspace       used 14445K, capacity 15215K, committed 15488K, reserved 1062912K
  class space    used 1770K, capacity 1902K, committed 1920K, reserved 1048576K
}
Event: 2.939 GC heap before
{Heap before GC invocations=5 (full 0):
 garbage-first heap   total 258048K, used 160728K [0x0000000740000000, 0x0000000800000000)
  region size 1024K, 151 young (154624K), 6 survivors (6144K)
 Metaspace       used 17218K, capacity 17482K, committed 17792K, reserved 1064960K
  class space    used 2009K, capacity 2103K, committed 2176K, reserved 1048576K
}
Event: 2.943 GC heap after
{Heap after GC invocations=6 (full 0):
 garbage-first heap   total 258048K, used 13798K [0x0000000740000000, 0x0000000800000000)
  region size 1024K, 6 young (6144K), 6 survivors (6144K)
 Metaspace       used 17218K, capacity 17482K, committed 17792K, reserved 1064960K
  class space    used 2009K, capacity 2103K, committed 2176K, reserved 1048576K
}
Event: 3.106 GC heap before
{Heap before GC invocations=6 (full 0):
 garbage-first heap   total 258048K, used 162278K [0x0000000740000000, 0x0000000800000000)
  region size 1024K, 151 young (154624K), 6 survivors (6144K)
 Metaspace       used 17226K, capacity 17482K, committed 17792K, reserved 1064960K
  class space    used 2009K, capacity 2103K, committed 2176K, reserved 1048576K
}
Event: 3.109 GC heap after
{Heap after GC invocations=7 (full 0):
 garbage-first heap   total 258048K, used 13743K [0x0000000740000000, 0x0000000800000000)
  region size 1024K, 6 young (6144K), 6 survivors (6144K)
 Metaspace       used 17226K, capacity 17482K, committed 17792K, reserved 1064960K
  class space    used 2009K, capacity 2103K, committed 2176K, reserved 1048576K
}

Deoptimization events (20 events):
Event: 4.291 Thread 0x0000017e75ba2800 Uncommon trap: trap_request=0xffffffde fr.pc=0x0000017e07c781e8 relative=0x00000000000008e8
Event: 4.291 Thread 0x0000017e75ba2800 Uncommon trap: reason=class_check action=maybe_recompile pc=0x0000017e07c781e8 method=org.nd4j.linalg.api.buffer.BaseDataBuffer.<init>(JZLorg/nd4j/linalg/api/memory/MemoryWorkspace;)V @ 58 c2
Event: 4.291 Thread 0x0000017e75ba2800 DEOPT PACKING pc=0x0000017e07c781e8 sp=0x0000002a95cfe0c0
Event: 4.291 Thread 0x0000017e75ba2800 DEOPT UNPACKING pc=0x0000017e0004912f sp=0x0000002a95cfe088 mode 2
Event: 4.291 Thread 0x0000017e75ba2800 Uncommon trap: trap_request=0xffffffde fr.pc=0x0000017e07c64a58 relative=0x0000000000000d98
Event: 4.291 Thread 0x0000017e75ba2800 Uncommon trap: reason=class_check action=maybe_recompile pc=0x0000017e07c64a58 method=org.nd4j.linalg.api.ops.executioner.DefaultOpExecutioner.checkForWorkspaces(Lorg/nd4j/linalg/api/ops/Op;)V @ 35 c2
Event: 4.291 Thread 0x0000017e75ba2800 DEOPT PACKING pc=0x0000017e07c64a58 sp=0x0000002a95cfe420
Event: 4.291 Thread 0x0000017e75ba2800 DEOPT UNPACKING pc=0x0000017e0004912f sp=0x0000002a95cfe388 mode 2
Event: 4.291 Thread 0x0000017e75ba2800 Uncommon trap: trap_request=0xffffffc6 fr.pc=0x0000017e07c346c4 relative=0x00000000000000a4
Event: 4.291 Thread 0x0000017e75ba2800 Uncommon trap: reason=bimorphic_or_optimized_type_check action=maybe_recompile pc=0x0000017e07c346c4 method=org.nd4j.linalg.api.ndarray.BaseNDArray.dataType()Lorg/nd4j/linalg/api/buffer/DataType; @ 11 c2
Event: 4.291 Thread 0x0000017e75ba2800 DEOPT PACKING pc=0x0000017e07c346c4 sp=0x0000002a95cfe230
Event: 4.291 Thread 0x0000017e75ba2800 DEOPT UNPACKING pc=0x0000017e0004912f sp=0x0000002a95cfe1b8 mode 2
Event: 4.292 Thread 0x0000017e75ba2800 Uncommon trap: trap_request=0xffffff45 fr.pc=0x0000017e07c91e74 relative=0x0000000000001014
Event: 4.292 Thread 0x0000017e75ba2800 Uncommon trap: reason=unstable_if action=reinterpret pc=0x0000017e07c91e74 method=org.nd4j.linalg.memory.abstracts.Nd4jWorkspace.close()V @ 194 c2
Event: 4.292 Thread 0x0000017e75ba2800 DEOPT PACKING pc=0x0000017e07c91e74 sp=0x0000002a95cfe9c0
Event: 4.292 Thread 0x0000017e75ba2800 DEOPT UNPACKING pc=0x0000017e0004912f sp=0x0000002a95cfe988 mode 2
Event: 4.292 Thread 0x0000017e75ba2800 Uncommon trap: trap_request=0xffffff45 fr.pc=0x0000017e07c9f45c relative=0x00000000000000bc
Event: 4.292 Thread 0x0000017e75ba2800 Uncommon trap: reason=unstable_if action=reinterpret pc=0x0000017e07c9f45c method=org.nd4j.linalg.memory.abstracts.Nd4jWorkspace.initializeWorkspace()V @ 15 c2
Event: 4.292 Thread 0x0000017e75ba2800 DEOPT PACKING pc=0x0000017e07c9f45c sp=0x0000002a95cfe980
Event: 4.292 Thread 0x0000017e75ba2800 DEOPT UNPACKING pc=0x0000017e0004912f sp=0x0000002a95cfe920 mode 2

Classes unloaded (0 events):
No events

Classes redefined (0 events):
No events

Internal exceptions (20 events):
Event: 4.234 Thread 0x0000017e75ba2800 Exception <a 'sun/nio/fs/WindowsException'{0x000000074859cf40}> (0x000000074859cf40) 
thrown [t:/workspace/open/src/hotspot/share/prims/jni.cpp, line 598]
Event: 4.234 Thread 0x0000017e75ba2800 Exception <a 'sun/nio/fs/WindowsException'{0x000000074859df00}> (0x000000074859df00) 
thrown [t:/workspace/open/src/hotspot/share/prims/jni.cpp, line 598]
Event: 4.234 Thread 0x0000017e75ba2800 Exception <a 'sun/nio/fs/WindowsException'{0x000000074859df30}> (0x000000074859df30) 
thrown [t:/workspace/open/src/hotspot/share/prims/jni.cpp, line 598]
Event: 4.264 Thread 0x0000017e75ba2800 Exception <a 'sun/nio/fs/WindowsException'{0x0000000747003758}> (0x0000000747003758) 
thrown [t:/workspace/open/src/hotspot/share/prims/jni.cpp, line 598]
Event: 4.264 Thread 0x0000017e75ba2800 Exception <a 'sun/nio/fs/WindowsException'{0x0000000747003788}> (0x0000000747003788) 
thrown [t:/workspace/open/src/hotspot/share/prims/jni.cpp, line 598]
Event: 4.265 Thread 0x0000017e75ba2800 Exception <a 'sun/nio/fs/WindowsException'{0x0000000747004790}> (0x0000000747004790) 
thrown [t:/workspace/open/src/hotspot/share/prims/jni.cpp, line 598]
Event: 4.265 Thread 0x0000017e75ba2800 Exception <a 'sun/nio/fs/WindowsException'{0x00000007470047c0}> (0x00000007470047c0) 
thrown [t:/workspace/open/src/hotspot/share/prims/jni.cpp, line 598]
Event: 4.265 Thread 0x0000017e75ba2800 Exception <a 'sun/nio/fs/WindowsException'{0x0000000747005780}> (0x0000000747005780) 
thrown [t:/workspace/open/src/hotspot/share/prims/jni.cpp, line 598]
Event: 4.265 Thread 0x0000017e75ba2800 Exception <a 'sun/nio/fs/WindowsException'{0x00000007470057b0}> (0x00000007470057b0) 
thrown [t:/workspace/open/src/hotspot/share/prims/jni.cpp, line 598]
Event: 4.266 Thread 0x0000017e75ba2800 Exception <a 'sun/nio/fs/WindowsException'{0x0000000747006780}> (0x0000000747006780) 
thrown [t:/workspace/open/src/hotspot/share/prims/jni.cpp, line 598]
Event: 4.266 Thread 0x0000017e75ba2800 Exception <a 'sun/nio/fs/WindowsException'{0x00000007470067b0}> (0x00000007470067b0) 
thrown [t:/workspace/open/src/hotspot/share/prims/jni.cpp, line 598]
Event: 4.266 Thread 0x0000017e75ba2800 Exception <a 'sun/nio/fs/WindowsException'{0x0000000747007748}> (0x0000000747007748) 
thrown [t:/workspace/open/src/hotspot/share/prims/jni.cpp, line 598]
Event: 4.266 Thread 0x0000017e75ba2800 Exception <a 'sun/nio/fs/WindowsException'{0x0000000747007778}> (0x0000000747007778) 
thrown [t:/workspace/open/src/hotspot/share/prims/jni.cpp, line 598]
Event: 4.267 Thread 0x0000017e75ba2800 Exception <a 'sun/nio/fs/WindowsException'{0x0000000747008748}> (0x0000000747008748) 
thrown [t:/workspace/open/src/hotspot/share/prims/jni.cpp, line 598]
Event: 4.267 Thread 0x0000017e75ba2800 Exception <a 'sun/nio/fs/WindowsException'{0x0000000747008778}> (0x0000000747008778) 
thrown [t:/workspace/open/src/hotspot/share/prims/jni.cpp, line 598]
Event: 4.267 Thread 0x0000017e75ba2800 Exception <a 'sun/nio/fs/WindowsException'{0x00000007470096f0}> (0x00000007470096f0) 
thrown [t:/workspace/open/src/hotspot/share/prims/jni.cpp, line 598]
Event: 4.267 Thread 0x0000017e75ba2800 Exception <a 'sun/nio/fs/WindowsException'{0x0000000747009720}> (0x0000000747009720) 
thrown [t:/workspace/open/src/hotspot/share/prims/jni.cpp, line 598]
Event: 4.268 Thread 0x0000017e75ba2800 Exception <a 'sun/nio/fs/WindowsException'{0x000000074700a6e0}> (0x000000074700a6e0) 
thrown [t:/workspace/open/src/hotspot/share/prims/jni.cpp, line 598]
Event: 4.268 Thread 0x0000017e75ba2800 Exception <a 'sun/nio/fs/WindowsException'{0x000000074700a710}> (0x000000074700a710) 
thrown [t:/workspace/open/src/hotspot/share/prims/jni.cpp, line 598]
Event: 4.290 Thread 0x0000017e75ba2800 Exception <a 'java/lang/RuntimeException'{0x00000007470c15e8}> (0x00000007470c15e8) 
thrown [t:/workspace/open/src/hotspot/share/prims/jni.cpp, line 598]

Events (20 events):
Event: 4.271 loading class com/google/common/base/Converter done
Event: 4.271 loading class com/google/common/base/Function
Event: 4.271 loading class com/google/common/base/Function done
Event: 4.271 loading class com/google/common/primitives/Longs$LongConverter
Event: 4.271 loading class com/google/common/primitives/Longs$LongConverter done
Event: 4.272 loading class com/google/common/primitives/Longs$LongArrayAsList
Event: 4.272 loading class com/google/common/primitives/Longs$LongArrayAsList done
Event: 4.272 loading class com/google/common/primitives/Doubles
Event: 4.272 loading class com/google/common/primitives/Doubles done
Event: 4.273 loading class com/google/common/primitives/Doubles$DoubleConverter
Event: 4.273 loading class com/google/common/primitives/Doubles$DoubleConverter done
Event: 4.273 loading class java/util/regex/Pattern$Curly
Event: 4.273 loading class java/util/regex/Pattern$Curly done
Event: 4.274 loading class com/google/common/primitives/Doubles$DoubleArrayAsList
Event: 4.274 loading class com/google/common/primitives/Doubles$DoubleArrayAsList done
Event: 4.279 loading class org/nd4j/linalg/api/ops/impl/scalar/ScalarAdd
Event: 4.279 loading class org/nd4j/linalg/api/ops/impl/scalar/ScalarAdd done
Event: 4.280 loading class org/nd4j/linalg/cache/TadDescriptor
Event: 4.280 loading class org/nd4j/linalg/cache/TadDescriptor done
Event: 4.291 Thread 0x0000017e17f29000 Thread added: 0x0000017e17f29000


Dynamic libraries:
0x00007ff653e00000 - 0x00007ff653e0f000 	C:\Program Files\Java\jdk-13.0.1\bin\java.exe
0x00007ffb48fe0000 - 0x00007ffb491d0000 	C:\Windows\SYSTEM32\ntdll.dll
0x00007ffb485f0000 - 0x00007ffb486a2000 	C:\Windows\System32\KERNEL32.DLL
0x00007ffb46d90000 - 0x00007ffb47033000 	C:\Windows\System32\KERNELBASE.dll
0x00007ffb44030000 - 0x00007ffb440bf000 	C:\Windows\SYSTEM32\apphelp.dll
0x00007ffb46b20000 - 0x00007ffb46c1a000 	C:\Windows\System32\ucrtbase.dll
0x00007ffb41010000 - 0x00007ffb41028000 	C:\Program Files\Java\jdk-13.0.1\bin\jli.dll
0x00007ffb42b10000 - 0x00007ffb42b25000 	C:\Program Files\Java\jdk-13.0.1\bin\VCRUNTIME140.dll
0x00007ffb489f0000 - 0x00007ffb48a93000 	C:\Windows\System32\ADVAPI32.dll
0x00007ffb472c0000 - 0x00007ffb4735e000 	C:\Windows\System32\msvcrt.dll
0x00007ffb47090000 - 0x00007ffb47127000 	C:\Windows\System32\sechost.dll
0x00007ffb484c0000 - 0x00007ffb485e0000 	C:\Windows\System32\RPCRT4.dll
0x00007ffb48c40000 - 0x00007ffb48dd4000 	C:\Windows\System32\USER32.dll
0x00007ffb46d30000 - 0x00007ffb46d51000 	C:\Windows\System32\win32u.dll
0x00007ffb47da0000 - 0x00007ffb47dc6000 	C:\Windows\System32\GDI32.dll
0x00007ffb2dd50000 - 0x00007ffb2dfd5000 	C:\Windows\WinSxS\amd64_microsoft.windows.common-controls_6595b64144ccf1df_6.0.18362.476_none_e6c4b11b130f2595\COMCTL32.dll
0x00007ffb46900000 - 0x00007ffb46a94000 	C:\Windows\System32\gdi32full.dll
0x00007ffb486b0000 - 0x00007ffb489e6000 	C:\Windows\System32\combase.dll
0x00007ffb45f70000 - 0x00007ffb4600e000 	C:\Windows\System32\msvcp_win.dll
0x00007ffb46aa0000 - 0x00007ffb46b20000 	C:\Windows\System32\bcryptPrimitives.dll
0x00007ffb3f8b0000 - 0x00007ffb3f8ba000 	C:\Windows\SYSTEM32\VERSION.dll
0x00007ffb47290000 - 0x00007ffb472be000 	C:\Windows\System32\IMM32.DLL
0x00007ffae4de0000 - 0x00007ffae4e7b000 	C:\Program Files\Java\jdk-13.0.1\bin\msvcp140.dll
0x00007ffaad810000 - 0x00007ffaae376000 	C:\Program Files\Java\jdk-13.0.1\bin\server\jvm.dll
0x00007ffb47ce0000 - 0x00007ffb47ce8000 	C:\Windows\System32\PSAPI.DLL
0x00007ffb408a0000 - 0x00007ffb408c4000 	C:\Windows\SYSTEM32\WINMM.dll
0x00007ffb2e9d0000 - 0x00007ffb2e9d9000 	C:\Windows\SYSTEM32\WSOCK32.dll
0x00007ffb48eb0000 - 0x00007ffb48f1f000 	C:\Windows\System32\WS2_32.dll
0x00007ffb40870000 - 0x00007ffb4089d000 	C:\Windows\SYSTEM32\winmmbase.dll
0x00007ffb47040000 - 0x00007ffb4708a000 	C:\Windows\System32\cfgmgr32.dll
0x00007ffb45ec0000 - 0x00007ffb45ed1000 	C:\Windows\System32\kernel.appcore.dll
0x00007ffb410b0000 - 0x00007ffb410c0000 	C:\Program Files\Java\jdk-13.0.1\bin\verify.dll
0x00007ffb39270000 - 0x00007ffb39464000 	C:\Windows\SYSTEM32\DBGHELP.DLL
0x00007ffb29530000 - 0x00007ffb2955a000 	C:\Windows\SYSTEM32\dbgcore.DLL
0x00007ffb370f0000 - 0x00007ffb37116000 	C:\Program Files\Java\jdk-13.0.1\bin\java.dll
0x00007ffb37060000 - 0x00007ffb37077000 	C:\Program Files\Java\jdk-13.0.1\bin\zip.dll
0x00007ffb40350000 - 0x00007ffb4035a000 	C:\Program Files\Java\jdk-13.0.1\bin\jimage.dll
0x00007ffb47dd0000 - 0x00007ffb484b5000 	C:\Windows\System32\SHELL32.dll
0x00007ffb47cf0000 - 0x00007ffb47d99000 	C:\Windows\System32\shcore.dll
0x00007ffb46010000 - 0x00007ffb4678e000 	C:\Windows\System32\windows.storage.dll
0x00007ffb45f50000 - 0x00007ffb45f6f000 	C:\Windows\System32\profapi.dll
0x00007ffb45ee0000 - 0x00007ffb45f2a000 	C:\Windows\System32\powrprof.dll
0x00007ffb45eb0000 - 0x00007ffb45ec0000 	C:\Windows\System32\UMPDC.dll
0x00007ffb475c0000 - 0x00007ffb47612000 	C:\Windows\System32\shlwapi.dll
0x00007ffb46790000 - 0x00007ffb467a7000 	C:\Windows\System32\cryptsp.dll
0x00007ffb36bd0000 - 0x00007ffb36be9000 	C:\Program Files\Java\jdk-13.0.1\bin\net.dll
0x00007ffb418b0000 - 0x00007ffb419a0000 	C:\Windows\SYSTEM32\WINHTTP.dll
0x00007ffb45720000 - 0x00007ffb45787000 	C:\Windows\system32\mswsock.dll
0x00007ffb362d0000 - 0x00007ffb362e3000 	C:\Program Files\Java\jdk-13.0.1\bin\nio.dll
0x0000000064940000 - 0x0000000064955000 	C:\Users\Gagan\.javacpp\cache\mkl-dnn-0.18.1-1.5-windows-x86_64.jar\org\bytedeco\mkldnn\windows-x86_64\libwinpthread-1.dll
0x0000000061440000 - 0x000000006145c000 	C:\Users\Gagan\.javacpp\cache\mkl-dnn-0.18.1-1.5-windows-x86_64.jar\org\bytedeco\mkldnn\windows-x86_64\libgcc_s_seh-1.dll
0x0000000063600000 - 0x000000006362f000 	C:\Users\Gagan\.javacpp\cache\mkl-dnn-0.18.1-1.5-windows-x86_64.jar\org\bytedeco\mkldnn\windows-x86_64\libgomp-1.dll
0x000000006fc40000 - 0x000000006fda6000 	C:\Users\Gagan\.javacpp\cache\mkl-dnn-0.18.1-1.5-windows-x86_64.jar\org\bytedeco\mkldnn\windows-x86_64\libstdc++-6.dll
0x00007ffaeea20000 - 0x00007ffaeeb0f000 	C:\Users\Gagan\.javacpp\cache\mkl-dnn-0.18.1-1.5-windows-x86_64.jar\org\bytedeco\mkldnn\windows-x86_64\msvcr120.dll
0x00007ffae9600000 - 0x00007ffae97c9000 	C:\Users\Gagan\.javacpp\cache\mkl-dnn-0.18.1-1.5-windows-x86_64.jar\org\bytedeco\mkldnn\windows-x86_64\libiomp5md.dll
0x00007ffa9baf0000 - 0x00007ffaa1361000 	C:\Users\Gagan\.javacpp\cache\mkl-dnn-0.18.1-1.5-windows-x86_64.jar\org\bytedeco\mkldnn\windows-x86_64\mklml.dll
0x0000000062100000 - 0x000000006289a000 	C:\Users\Gagan\.javacpp\cache\mkl-dnn-0.18.1-1.5-windows-x86_64.jar\org\bytedeco\mkldnn\windows-x86_64\libmkldnn.dll
0x0000000069480000 - 0x000000006d161000 	C:\Users\Gagan\.javacpp\cache\nd4j-native-1.0.0-beta4-windows-x86_64.jar\org\nd4j\nativeblas\windows-x86_64\libnd4jcpu.dll
0x0000000066880000 - 0x0000000066b8d000 	C:\Users\Gagan\.javacpp\cache\nd4j-native-1.0.0-beta4-windows-x86_64.jar\org\nd4j\nativeblas\windows-x86_64\jnind4jcpu.dll
0x00007ffa96270000 - 0x00007ffa9bae1000 	C:\Users\Gagan\.javacpp\cache\mkl-dnn-0.18.1-1.5-windows-x86_64.jar\org\bytedeco\mkldnn\windows-x86_64\libopenblas_nolapack.dll
0x0000000071000000 - 0x000000007105f000 	C:\Users\Gagan\.javacpp\cache\openblas-0.3.5-1.5-windows-x86_64.jar\org\bytedeco\openblas\windows-x86_64\jniopenblas_nolapack.dll
0x00007ffadc980000 - 0x00007ffadcb19000 	C:\Program Files\Java\jdk-13.0.1\bin\awt.dll
0x00007ffb47490000 - 0x00007ffb47554000 	C:\Windows\System32\OLEAUT32.dll
0x00007ffb42c50000 - 0x00007ffb43210000 	C:\Windows\SYSTEM32\d2d1.dll
0x00007ffb29da0000 - 0x00007ffb29dcd000 	C:\Program Files\Java\jdk-13.0.1\bin\javajpeg.dll
0x00007ffb44560000 - 0x00007ffb4458d000 	C:\Windows\system32\DWMAPI.DLL
0x00007ffb44120000 - 0x00007ffb441b9000 	C:\Windows\system32\uxtheme.dll
0x00007ffb45290000 - 0x00007ffb452c3000 	C:\Windows\system32\rsaenh.dll
0x00007ffb46d60000 - 0x00007ffb46d86000 	C:\Windows\System32\bcrypt.dll
0x00007ffb45da0000 - 0x00007ffb45dc5000 	C:\Windows\SYSTEM32\USERENV.dll
0x00007ffb458f0000 - 0x00007ffb458fc000 	C:\Windows\SYSTEM32\CRYPTBASE.dll
0x00007ffb45430000 - 0x00007ffb4546a000 	C:\Windows\SYSTEM32\IPHLPAPI.DLL
0x00007ffb485e0000 - 0x00007ffb485e8000 	C:\Windows\System32\NSI.dll
0x00007ffb3fe00000 - 0x00007ffb3fe16000 	C:\Windows\SYSTEM32\dhcpcsvc6.DLL
0x00007ffb3fde0000 - 0x00007ffb3fdfc000 	C:\Windows\SYSTEM32\dhcpcsvc.DLL
0x00007ffb45470000 - 0x00007ffb4553a000 	C:\Windows\SYSTEM32\DNSAPI.dll

dbghelp: loaded successfully - version: 4.0.5 - missing functions: none
symbol engine: initialized successfully - sym options: 0x614 - pdb path: .;C:\Program Files\Java\jdk-13.0.1\bin;C:\Windows\SYSTEM32;C:\Windows\WinSxS\amd64_microsoft.windows.common-controls_6595b64144ccf1df_6.0.18362.476_none_e6c4b11b130f2595;C:\Program Files\Java\jdk-13.0.1\bin\server;C:\Users\Gagan\.javacpp\cache\mkl-dnn-0.18.1-1.5-windows-x86_64.jar\org\bytedeco\mkldnn\windows-x86_64;C:\Users\Gagan\.javacpp\cache\nd4j-native-1.0.0-beta4-windows-x86_64.jar\org\nd4j\nativeblas\windows-x86_64;C:\Users\Gagan\.javacpp\cache\openblas-0.3.5-1.5-windows-x86_64.jar\org\bytedeco\openblas\windows-x86_64

VM Arguments:
jvm_args: -Xmx3G 
java_command: com.fall2019.comp4980.TestClass
java_class_path (initial): G:\TRU\Behavioral_Biometerics\Final_Project\Facial-Recognition\FinalProject\comp4980\target\classes;C:\Users\Gagan\.m2\repository\org\slf4j\slf4j-jdk14\1.7.25\slf4j-jdk14-1.7.25.jar;C:\Users\Gagan\.m2\repository\org\slf4j\slf4j-api\1.7.25\slf4j-api-1.7.25.jar;C:\Users\Gagan\.m2\repository\org\deeplearning4j\deeplearning4j-nlp\1.0.0-beta4\deeplearning4j-nlp-1.0.0-beta4.jar;C:\Users\Gagan\.m2\repository\org\nd4j\nd4j-native-api\1.0.0-beta4\nd4j-native-api-1.0.0-beta4.jar;C:\Users\Gagan\.m2\repository\org\bytedeco\javacpp\1.5\javacpp-1.5.jar;C:\Users\Gagan\.m2\repository\commons-lang\commons-lang\2.6\commons-lang-2.6.jar;C:\Users\Gagan\.m2\repository\org\threadly\threadly\4.10.0\threadly-4.10.0.jar;C:\Users\Gagan\.m2\repository\org\objenesis\objenesis\2.6\objenesis-2.6.jar;C:\Users\Gagan\.m2\repository\org\nd4j\nd4j-jackson\1.0.0-beta4\nd4j-jackson-1.0.0-beta4.jar;C:\Users\Gagan\.m2\repository\org\apache\commons\commons-lang3\3.6\commons-lang3-3.6.jar;C:\Users\Gagan\.m2\repository\org\deeplearning4j\deeplearning4j-core\1.0.0-beta4\deeplearning4j-core-1.0.0-beta4.jar;C:\Users\Gagan\.m2\repository\org\deeplearning4j\deeplearning4j-tsne\1.0.0-beta4\deeplearning4j-tsne-1.0.0-beta4.jar;C:\Users\Gagan\.m2\repository\org\deeplearning4j\nearestneighbor-core\1.0.0-beta4\nearestneighbor-core-1.0.0-beta4.jar;C:\Users\Gagan\.m2\repository\org\deeplearning4j\deeplearning4j-datasets\1.0.0-beta4\deeplearning4j-datasets-1.0.0-beta4.jar;C:\Users\Gagan\.m2\repository\org\deeplearning4j\deeplearning4j-common\1.0.0-beta4\deeplearning4j-common-1.0.0-beta4.jar;C:\Users\Gagan\.m2\repository\org\deeplearning4j\deeplearning4j-datavec-iterators\1.0.0-beta4\deeplearning4j-datavec-iterators-1.0.0-beta4.jar;C:\Users\Gagan\.m2\repository\org\deeplearning4j\deeplearning4j-modelimport\1.0.0-beta4\deeplearning4j-modelimport-1.0.0-beta4.jar;C:\Users\Gagan\.m2\repository\org\bytedeco\hdf5-platform\1.10.5-1.5\hdf5-platform-1.10.5-1.5.jar;C:\Users\Gagan\.m2\repository\org\byte
Launcher Type: SUN_STANDARD

[Global flags]
     intx CICompilerCount                          = 4                                         {product} {ergonomic}
     uint ConcGCThreads                            = 3                                         {product} {ergonomic}
     uint G1ConcRefinementThreads                  = 10                                        {product} {ergonomic}
   size_t G1HeapRegionSize                         = 1048576                                   {product} {ergonomic}
    uintx GCDrainStackTargetSize                   = 64                                        {product} {ergonomic}
   size_t InitialHeapSize                          = 264241152                                 {product} {ergonomic}
   size_t MarkStackSize                            = 4194304                                   {product} {ergonomic}
   size_t MaxHeapSize                              = 3221225472                                {product} {command line}
   size_t MaxNewSize                               = 1932525568                                {product} {ergonomic}
   size_t MinHeapDeltaBytes                        = 1048576                                   {product} {ergonomic}
   size_t MinHeapSize                              = 8388608                                   {product} {ergonomic}
    uintx NonNMethodCodeHeapSize                   = 5836300                                {pd product} {ergonomic}
    uintx NonProfiledCodeHeapSize                  = 122910970                              {pd product} {ergonomic}
    uintx ProfiledCodeHeapSize                     = 122910970                              {pd product} {ergonomic}
    uintx ReservedCodeCacheSize                    = 251658240                              {pd product} {ergonomic}
     bool SegmentedCodeCache                       = true                                      {product} {ergonomic}
   size_t SoftMaxHeapSize                          = 3221225472                             {manageable} {ergonomic}
     bool UseCompressedClassPointers               = true                                 {lp64_product} {ergonomic}
     bool UseCompressedOops                        = true                                 {lp64_product} {ergonomic}
     bool UseG1GC                                  = true                                      {product} {ergonomic}
     bool UseLargePagesIndividualAllocation        = false                                  {pd product} {ergonomic}

Logging:
Log output configuration:
 #0: stdout all=warning uptime,level,tags
 #1: stderr all=off uptime,level,tags

Environment Variables:
JAVA_HOME=C:\Program Files\Java\jdk-13.0.1
PATH=C:\Windows\system32;C:\Windows;C:\Windows\System32\Wbem;C:\Windows\System32\WindowsPowerShell\v1.0\;C:\Windows\System32\OpenSSH\;C:\Program Files (x86)\NVIDIA Corporation\PhysX\Common;C:\Program Files\NVIDIA Corporation\NVIDIA NGX;C:\Program Files\NVIDIA Corporation\NVIDIA NvDLISR;C:\Program Files\Git\cmd;C:\Program Files\nodejs\;C:\Users\Gagan\Miniconda3;C:\Users\Gagan\Miniconda3\Library\mingw-w64\bin;C:\Users\Gagan\Miniconda3\Library\usr\bin;C:\Users\Gagan\Miniconda3\Library\bin;C:\Users\Gagan\Miniconda3\Scripts;C:\Users\Gagan\AppData\Local\Microsoft\WindowsApps;C:\Users\Gagan\AppData\Local\Programs\Microsoft VS Code\bin;C:\Users\Gagan\AppData\Local\atom\bin;C:\Users\Gagan\AppData\Roaming\npm;C:\Program Files\JetBrains\IntelliJ IDEA 2019.2.4\bin;
USERNAME=Gagan
OS=Windows_NT
PROCESSOR_IDENTIFIER=Intel64 Family 6 Model 158 Stepping 10, GenuineIntel



---------------  S Y S T E M  ---------------

OS: Windows 10 , 64 bit Build 18362 (10.0.18362.329)

CPU:total 12 (initial active 12) (6 cores per cpu, 2 threads per core) family 6 model 158 stepping 10, cmov, cx8, fxsr, mmx, sse, sse2, sse3, ssse3, sse4.1, sse4.2, popcnt, avx, avx2, aes, clmul, erms, 3dnowpref, lzcnt, ht, tsc, tscinvbit, bmi1, bmi2, adx, fma

Memory: 4k page, system-wide physical 16111M (1172M free)
TotalPageFile size 43628M (AvailPageFile size 4M)
current process WorkingSet (physical memory assigned to process): 353M, peak: 354M
current process commit charge ("private bytes"): 990M, peak: 990M

vm_info: Java HotSpot(TM) 64-Bit Server VM (13.0.1+9) for windows-amd64 JRE (13.0.1+9), built on Oct  6 2019 12:37:49 by "mach5one" with unknown MS VC++:1916

END.
