#
# There is insufficient memory for the Java Runtime Environment to continue.
# Native memory allocation (malloc) failed to allocate 956608 bytes for Chunk::new
# Possible reasons:
#   The system is out of physical RAM or swap space
#   The process is running with CompressedOops enabled, and the Java Heap may be blocking the growth of the native heap
# Possible solutions:
#   Reduce memory load on the system
#   Increase physical memory or swap space
#   Check if swap backing store is full
#   Decrease Java heap size (-Xmx/-Xms)
#   Decrease number of Java threads
#   Decrease Java thread stack sizes (-Xss)
#   Set larger code cache with -XX:ReservedCodeCacheSize=
#   JVM is running with Zero Based Compressed Oops mode in which the Java heap is
#     placed in the first 32GB address space. The Java Heap base address is the
#     maximum limit for the native heap growth. Please use -XX:HeapBaseMinAddress
#     to set the Java Heap base and to place the Java Heap above 32GB virtual address.
# This output file may be truncated or incomplete.
#
#  Out of Memory Error (t:/workspace/open/src/hotspot/share/memory/arena.cpp:196), pid=13752, tid=16124
#
# JRE version: Java(TM) SE Runtime Environment (13.0.1+9) (build 13.0.1+9)
# Java VM: Java HotSpot(TM) 64-Bit Server VM (13.0.1+9, mixed mode, sharing, tiered, compressed oops, g1 gc, windows-amd64)
# No core dump will be written. Minidumps are not enabled by default on client versions of Windows
#

---------------  S U M M A R Y ------------

Command Line: -Xmx3G com.fall2019.comp4980.TestClass

Host: Intel(R) Core(TM) i7-9750H CPU @ 2.60GHz, 12 cores, 15G,  Windows 10 , 64 bit Build 18362 (10.0.18362.329)
Time: Sat Nov 30 02:12:35 2019 Pacific Standard Time elapsed time: 4 seconds (0d 0h 0m 4s)

---------------  T H R E A D  ---------------

Current thread (0x000002b27fbe2000):  JavaThread "C2 CompilerThread0" daemon [_thread_in_native, id=16124, stack(0x000000cbd6200000,0x000000cbd6300000)]


Current CompileTask:
C2:   4880 3076   !   4       jdk.internal.loader.BuiltinClassLoader::findResource (154 bytes)

Stack: [0x000000cbd6200000,0x000000cbd6300000]
Native frames: (J=compiled Java code, j=interpreted, Vv=VM code, C=native code)
V  [jvm.dll+0x626eca]
V  [jvm.dll+0x772c6a]
V  [jvm.dll+0x77441f]
V  [jvm.dll+0x774a23]
V  [jvm.dll+0x24da58]
V  [jvm.dll+0xc3ae7]
V  [jvm.dll+0xc406c]
V  [jvm.dll+0x35de75]
V  [jvm.dll+0x329593]
V  [jvm.dll+0x32896a]
V  [jvm.dll+0x2078c7]
V  [jvm.dll+0x206adf]
V  [jvm.dll+0x18b94c]
V  [jvm.dll+0x2159bd]
V  [jvm.dll+0x213e6b]
V  [jvm.dll+0x738b16]
V  [jvm.dll+0x731c0a]
V  [jvm.dll+0x6260c6]
C  [ucrtbase.dll+0x20e72]
C  [KERNEL32.DLL+0x17bd4]
C  [ntdll.dll+0x6ced1]


---------------  P R O C E S S  ---------------

Threads class SMR info:
_java_thread_list=0x000002b206be4c10, length=14, elements={
0x000002b2628a2800, 0x000002b27f33f800, 0x000002b27f342800, 0x000002b27fbe0800,
0x000002b27fbe1000, 0x000002b27fbe2000, 0x000002b27fbee000, 0x000002b27fbff000,
0x000002b27fd31000, 0x000002b27fd42800, 0x000002b205b74800, 0x000002b206afa800,
0x000002b206d2b800, 0x000002b206d2c000
}

Java Threads: ( => current thread )
  0x000002b2628a2800 JavaThread "main" [_thread_in_Java, id=23404, stack(0x000000cbd5700000,0x000000cbd5800000)]
  0x000002b27f33f800 JavaThread "Reference Handler" daemon [_thread_blocked, id=20728, stack(0x000000cbd5e00000,0x000000cbd5f00000)]
  0x000002b27f342800 JavaThread "Finalizer" daemon [_thread_blocked, id=8896, stack(0x000000cbd5f00000,0x000000cbd6000000)]
  0x000002b27fbe0800 JavaThread "Signal Dispatcher" daemon [_thread_blocked, id=2404, stack(0x000000cbd6000000,0x000000cbd6100000)]
  0x000002b27fbe1000 JavaThread "Attach Listener" daemon [_thread_blocked, id=18304, stack(0x000000cbd6100000,0x000000cbd6200000)]
=>0x000002b27fbe2000 JavaThread "C2 CompilerThread0" daemon [_thread_in_native, id=16124, stack(0x000000cbd6200000,0x000000cbd6300000)]
  0x000002b27fbee000 JavaThread "C1 CompilerThread0" daemon [_thread_blocked, id=9160, stack(0x000000cbd6300000,0x000000cbd6400000)]
  0x000002b27fbff000 JavaThread "Sweeper thread" daemon [_thread_blocked, id=12324, stack(0x000000cbd6400000,0x000000cbd6500000)]
  0x000002b27fd31000 JavaThread "Service Thread" daemon [_thread_blocked, id=1372, stack(0x000000cbd6500000,0x000000cbd6600000)]
  0x000002b27fd42800 JavaThread "Common-Cleaner" daemon [_thread_blocked, id=26576, stack(0x000000cbd6700000,0x000000cbd6800000)]
  0x000002b205b74800 JavaThread "JavaCPP Deallocator" daemon [_thread_in_native, id=7728, stack(0x000000cbd6e00000,0x000000cbd6f00000)]
  0x000002b206afa800 JavaThread "Java2D Disposer" daemon [_thread_blocked, id=15052, stack(0x000000cbd7300000,0x000000cbd7400000)]
  0x000002b206d2b800 JavaThread "DeallocatorServiceThread_0" daemon [_thread_blocked, id=26232, stack(0x000000cbd7500000,0x000000cbd7600000)]
  0x000002b206d2c000 JavaThread "DeallocatorServiceThread_1" daemon [_thread_blocked, id=11628, stack(0x000000cbd7600000,0x000000cbd7700000)]

Other Threads:
  0x000002b27f33d800 VMThread "VM Thread" [stack: 0x000000cbd5d00000,0x000000cbd5e00000] [id=5544]
  0x000002b27fd47000 WatcherThread [stack: 0x000000cbd6600000,0x000000cbd6700000] [id=17308]
  0x000002b2628fa800 GCTaskThread "GC Thread#0" [stack: 0x000000cbd5800000,0x000000cbd5900000] [id=5168]
  0x000002b205b1f000 GCTaskThread "GC Thread#1" [stack: 0x000000cbd6900000,0x000000cbd6a00000] [id=24572]
  0x000002b205e29800 GCTaskThread "GC Thread#2" [stack: 0x000000cbd6a00000,0x000000cbd6b00000] [id=21544]
  0x000002b205b7e800 GCTaskThread "GC Thread#3" [stack: 0x000000cbd6b00000,0x000000cbd6c00000] [id=9688]
  0x000002b206208800 GCTaskThread "GC Thread#4" [stack: 0x000000cbd6c00000,0x000000cbd6d00000] [id=12636]
  0x000002b205bf1800 GCTaskThread "GC Thread#5" [stack: 0x000000cbd6d00000,0x000000cbd6e00000] [id=6620]
  0x000002b262915800 ConcurrentGCThread "G1 Main Marker" [stack: 0x000000cbd5900000,0x000000cbd5a00000] [id=16028]
  0x000002b262917000 ConcurrentGCThread "G1 Conc#0" [stack: 0x000000cbd5a00000,0x000000cbd5b00000] [id=20072]
  0x000002b27f234800 ConcurrentGCThread "G1 Refine#0" [stack: 0x000000cbd5b00000,0x000000cbd5c00000] [id=2868]
  0x000002b27f238800 ConcurrentGCThread "G1 Young RemSet Sampling" [stack: 0x000000cbd5c00000,0x000000cbd5d00000] [id=15984]

Threads with active compile tasks:
C2 CompilerThread0     4919 3076   !   4       jdk.internal.loader.BuiltinClassLoader::findResource (154 bytes)

VM state:not at safepoint (normal execution)

VM Mutex/Monitor currently owned by a thread: None

Heap address: 0x0000000740000000, size: 3072 MB, Compressed Oops mode: Zero based, Oop shift amount: 3
Narrow klass base: 0x0000000800000000, Narrow klass shift: 3
Compressed class space size: 1073741824 Address: 0x0000000800b40000

Heap:
 garbage-first heap   total 258048K, used 30337K [0x0000000740000000, 0x0000000800000000)
  region size 1024K, 24 young (24576K), 7 survivors (7168K)
 Metaspace       used 18533K, capacity 18811K, committed 18944K, reserved 1067008K
  class space    used 2082K, capacity 2206K, committed 2304K, reserved 1048576K
Heap Regions: E=young(eden), S=young(survivor), O=old, HS=humongous(starts), HC=humongous(continues), CS=collection set, F=free, A=archive, TAMS=top-at-mark-start (previous, next)
|   0|0x0000000740000000, 0x0000000740100000, 0x0000000740100000|100%|HS|  |TAMS 0x0000000740000000, 0x0000000740000000| Complete 
|   1|0x0000000740100000, 0x0000000740200000, 0x0000000740200000|100%|HC|  |TAMS 0x0000000740100000, 0x0000000740100000| Complete 
|   2|0x0000000740200000, 0x0000000740300000, 0x0000000740300000|100%| O|  |TAMS 0x0000000740200000, 0x0000000740200000| Untracked 
|   3|0x0000000740300000, 0x0000000740400000, 0x0000000740400000|100%| O|  |TAMS 0x0000000740300000, 0x0000000740300000| Untracked 
|   4|0x0000000740400000, 0x0000000740500000, 0x0000000740500000|100%| O|  |TAMS 0x0000000740400000, 0x0000000740400000| Untracked 
|   5|0x0000000740500000, 0x0000000740600000, 0x0000000740600000|100%| O|  |TAMS 0x0000000740500000, 0x0000000740500000| Untracked 
|   6|0x0000000740600000, 0x0000000740700000, 0x0000000740700000|100%| O|  |TAMS 0x0000000740600000, 0x0000000740600000| Untracked 
|   7|0x0000000740700000, 0x0000000740736200, 0x0000000740800000| 21%| O|  |TAMS 0x0000000740700000, 0x0000000740700000| Untracked 
|   8|0x0000000740800000, 0x0000000740800000, 0x0000000740900000|  0%| F|  |TAMS 0x0000000740800000, 0x0000000740800000| Untracked 
|   9|0x0000000740900000, 0x0000000740900000, 0x0000000740a00000|  0%| F|  |TAMS 0x0000000740900000, 0x0000000740900000| Untracked 
|  10|0x0000000740a00000, 0x0000000740a00000, 0x0000000740b00000|  0%| F|  |TAMS 0x0000000740a00000, 0x0000000740a00000| Untracked 
|  11|0x0000000740b00000, 0x0000000740b00000, 0x0000000740c00000|  0%| F|  |TAMS 0x0000000740b00000, 0x0000000740b00000| Untracked 
|  12|0x0000000740c00000, 0x0000000740c00000, 0x0000000740d00000|  0%| F|  |TAMS 0x0000000740c00000, 0x0000000740c00000| Untracked 
|  13|0x0000000740d00000, 0x0000000740d00000, 0x0000000740e00000|  0%| F|  |TAMS 0x0000000740d00000, 0x0000000740d00000| Untracked 
|  14|0x0000000740e00000, 0x0000000740e00000, 0x0000000740f00000|  0%| F|  |TAMS 0x0000000740e00000, 0x0000000740e00000| Untracked 
|  15|0x0000000740f00000, 0x0000000740f00000, 0x0000000741000000|  0%| F|  |TAMS 0x0000000740f00000, 0x0000000740f00000| Untracked 
|  16|0x0000000741000000, 0x0000000741000000, 0x0000000741100000|  0%| F|  |TAMS 0x0000000741000000, 0x0000000741000000| Untracked 
|  17|0x0000000741100000, 0x0000000741100000, 0x0000000741200000|  0%| F|  |TAMS 0x0000000741100000, 0x0000000741100000| Untracked 
|  18|0x0000000741200000, 0x0000000741200000, 0x0000000741300000|  0%| F|  |TAMS 0x0000000741200000, 0x0000000741200000| Untracked 
|  19|0x0000000741300000, 0x0000000741300000, 0x0000000741400000|  0%| F|  |TAMS 0x0000000741300000, 0x0000000741300000| Untracked 
|  20|0x0000000741400000, 0x0000000741400000, 0x0000000741500000|  0%| F|  |TAMS 0x0000000741400000, 0x0000000741400000| Untracked 
|  21|0x0000000741500000, 0x0000000741500000, 0x0000000741600000|  0%| F|  |TAMS 0x0000000741500000, 0x0000000741500000| Untracked 
|  22|0x0000000741600000, 0x0000000741600000, 0x0000000741700000|  0%| F|  |TAMS 0x0000000741600000, 0x0000000741600000| Untracked 
|  23|0x0000000741700000, 0x0000000741700000, 0x0000000741800000|  0%| F|  |TAMS 0x0000000741700000, 0x0000000741700000| Untracked 
|  24|0x0000000741800000, 0x0000000741800000, 0x0000000741900000|  0%| F|  |TAMS 0x0000000741800000, 0x0000000741800000| Untracked 
|  25|0x0000000741900000, 0x0000000741900000, 0x0000000741a00000|  0%| F|  |TAMS 0x0000000741900000, 0x0000000741900000| Untracked 
|  26|0x0000000741a00000, 0x0000000741a00000, 0x0000000741b00000|  0%| F|  |TAMS 0x0000000741a00000, 0x0000000741a00000| Untracked 
|  27|0x0000000741b00000, 0x0000000741b00000, 0x0000000741c00000|  0%| F|  |TAMS 0x0000000741b00000, 0x0000000741b00000| Untracked 
|  28|0x0000000741c00000, 0x0000000741c00000, 0x0000000741d00000|  0%| F|  |TAMS 0x0000000741c00000, 0x0000000741c00000| Untracked 
|  29|0x0000000741d00000, 0x0000000741d00000, 0x0000000741e00000|  0%| F|  |TAMS 0x0000000741d00000, 0x0000000741d00000| Untracked 
|  30|0x0000000741e00000, 0x0000000741e00000, 0x0000000741f00000|  0%| F|  |TAMS 0x0000000741e00000, 0x0000000741e00000| Untracked 
|  31|0x0000000741f00000, 0x0000000741f00000, 0x0000000742000000|  0%| F|  |TAMS 0x0000000741f00000, 0x0000000741f00000| Untracked 
|  32|0x0000000742000000, 0x0000000742000000, 0x0000000742100000|  0%| F|  |TAMS 0x0000000742000000, 0x0000000742000000| Untracked 
|  33|0x0000000742100000, 0x0000000742100000, 0x0000000742200000|  0%| F|  |TAMS 0x0000000742100000, 0x0000000742100000| Untracked 
|  34|0x0000000742200000, 0x0000000742200000, 0x0000000742300000|  0%| F|  |TAMS 0x0000000742200000, 0x0000000742200000| Untracked 
|  35|0x0000000742300000, 0x0000000742300000, 0x0000000742400000|  0%| F|  |TAMS 0x0000000742300000, 0x0000000742300000| Untracked 
|  36|0x0000000742400000, 0x0000000742400000, 0x0000000742500000|  0%| F|  |TAMS 0x0000000742400000, 0x0000000742400000| Untracked 
|  37|0x0000000742500000, 0x0000000742500000, 0x0000000742600000|  0%| F|  |TAMS 0x0000000742500000, 0x0000000742500000| Untracked 
|  38|0x0000000742600000, 0x0000000742600000, 0x0000000742700000|  0%| F|  |TAMS 0x0000000742600000, 0x0000000742600000| Untracked 
|  39|0x0000000742700000, 0x0000000742700000, 0x0000000742800000|  0%| F|  |TAMS 0x0000000742700000, 0x0000000742700000| Untracked 
|  40|0x0000000742800000, 0x0000000742800000, 0x0000000742900000|  0%| F|  |TAMS 0x0000000742800000, 0x0000000742800000| Untracked 
|  41|0x0000000742900000, 0x0000000742900000, 0x0000000742a00000|  0%| F|  |TAMS 0x0000000742900000, 0x0000000742900000| Untracked 
|  42|0x0000000742a00000, 0x0000000742a00000, 0x0000000742b00000|  0%| F|  |TAMS 0x0000000742a00000, 0x0000000742a00000| Untracked 
|  43|0x0000000742b00000, 0x0000000742b00000, 0x0000000742c00000|  0%| F|  |TAMS 0x0000000742b00000, 0x0000000742b00000| Untracked 
|  44|0x0000000742c00000, 0x0000000742c00000, 0x0000000742d00000|  0%| F|  |TAMS 0x0000000742c00000, 0x0000000742c00000| Untracked 
|  45|0x0000000742d00000, 0x0000000742d00000, 0x0000000742e00000|  0%| F|  |TAMS 0x0000000742d00000, 0x0000000742d00000| Untracked 
|  46|0x0000000742e00000, 0x0000000742e00000, 0x0000000742f00000|  0%| F|  |TAMS 0x0000000742e00000, 0x0000000742e00000| Untracked 
|  47|0x0000000742f00000, 0x0000000742f00000, 0x0000000743000000|  0%| F|  |TAMS 0x0000000742f00000, 0x0000000742f00000| Untracked 
|  48|0x0000000743000000, 0x0000000743000000, 0x0000000743100000|  0%| F|  |TAMS 0x0000000743000000, 0x0000000743000000| Untracked 
|  49|0x0000000743100000, 0x0000000743100000, 0x0000000743200000|  0%| F|  |TAMS 0x0000000743100000, 0x0000000743100000| Untracked 
|  50|0x0000000743200000, 0x0000000743200000, 0x0000000743300000|  0%| F|  |TAMS 0x0000000743200000, 0x0000000743200000| Untracked 
|  51|0x0000000743300000, 0x0000000743300000, 0x0000000743400000|  0%| F|  |TAMS 0x0000000743300000, 0x0000000743300000| Untracked 
|  52|0x0000000743400000, 0x0000000743400000, 0x0000000743500000|  0%| F|  |TAMS 0x0000000743400000, 0x0000000743400000| Untracked 
|  53|0x0000000743500000, 0x0000000743500000, 0x0000000743600000|  0%| F|  |TAMS 0x0000000743500000, 0x0000000743500000| Untracked 
|  54|0x0000000743600000, 0x0000000743600000, 0x0000000743700000|  0%| F|  |TAMS 0x0000000743600000, 0x0000000743600000| Untracked 
|  55|0x0000000743700000, 0x0000000743700000, 0x0000000743800000|  0%| F|  |TAMS 0x0000000743700000, 0x0000000743700000| Untracked 
|  56|0x0000000743800000, 0x0000000743800000, 0x0000000743900000|  0%| F|  |TAMS 0x0000000743800000, 0x0000000743800000| Untracked 
|  57|0x0000000743900000, 0x0000000743900000, 0x0000000743a00000|  0%| F|  |TAMS 0x0000000743900000, 0x0000000743900000| Untracked 
|  58|0x0000000743a00000, 0x0000000743a00000, 0x0000000743b00000|  0%| F|  |TAMS 0x0000000743a00000, 0x0000000743a00000| Untracked 
|  59|0x0000000743b00000, 0x0000000743b00000, 0x0000000743c00000|  0%| F|  |TAMS 0x0000000743b00000, 0x0000000743b00000| Untracked 
|  60|0x0000000743c00000, 0x0000000743c00000, 0x0000000743d00000|  0%| F|  |TAMS 0x0000000743c00000, 0x0000000743c00000| Untracked 
|  61|0x0000000743d00000, 0x0000000743d00000, 0x0000000743e00000|  0%| F|  |TAMS 0x0000000743d00000, 0x0000000743d00000| Untracked 
|  62|0x0000000743e00000, 0x0000000743e00000, 0x0000000743f00000|  0%| F|  |TAMS 0x0000000743e00000, 0x0000000743e00000| Untracked 
|  63|0x0000000743f00000, 0x0000000743f00000, 0x0000000744000000|  0%| F|  |TAMS 0x0000000743f00000, 0x0000000743f00000| Untracked 
|  64|0x0000000744000000, 0x0000000744000000, 0x0000000744100000|  0%| F|  |TAMS 0x0000000744000000, 0x0000000744000000| Untracked 
|  65|0x0000000744100000, 0x0000000744100000, 0x0000000744200000|  0%| F|  |TAMS 0x0000000744100000, 0x0000000744100000| Untracked 
|  66|0x0000000744200000, 0x0000000744200000, 0x0000000744300000|  0%| F|  |TAMS 0x0000000744200000, 0x0000000744200000| Untracked 
|  67|0x0000000744300000, 0x0000000744300000, 0x0000000744400000|  0%| F|  |TAMS 0x0000000744300000, 0x0000000744300000| Untracked 
|  68|0x0000000744400000, 0x0000000744400000, 0x0000000744500000|  0%| F|  |TAMS 0x0000000744400000, 0x0000000744400000| Untracked 
|  69|0x0000000744500000, 0x0000000744500000, 0x0000000744600000|  0%| F|  |TAMS 0x0000000744500000, 0x0000000744500000| Untracked 
|  70|0x0000000744600000, 0x0000000744600000, 0x0000000744700000|  0%| F|  |TAMS 0x0000000744600000, 0x0000000744600000| Untracked 
|  71|0x0000000744700000, 0x0000000744700000, 0x0000000744800000|  0%| F|  |TAMS 0x0000000744700000, 0x0000000744700000| Untracked 
|  72|0x0000000744800000, 0x0000000744800000, 0x0000000744900000|  0%| F|  |TAMS 0x0000000744800000, 0x0000000744800000| Untracked 
|  73|0x0000000744900000, 0x0000000744900000, 0x0000000744a00000|  0%| F|  |TAMS 0x0000000744900000, 0x0000000744900000| Untracked 
|  74|0x0000000744a00000, 0x0000000744a00000, 0x0000000744b00000|  0%| F|  |TAMS 0x0000000744a00000, 0x0000000744a00000| Untracked 
|  75|0x0000000744b00000, 0x0000000744b00000, 0x0000000744c00000|  0%| F|  |TAMS 0x0000000744b00000, 0x0000000744b00000| Untracked 
|  76|0x0000000744c00000, 0x0000000744c00000, 0x0000000744d00000|  0%| F|  |TAMS 0x0000000744c00000, 0x0000000744c00000| Untracked 
|  77|0x0000000744d00000, 0x0000000744d00000, 0x0000000744e00000|  0%| F|  |TAMS 0x0000000744d00000, 0x0000000744d00000| Untracked 
|  78|0x0000000744e00000, 0x0000000744e00000, 0x0000000744f00000|  0%| F|  |TAMS 0x0000000744e00000, 0x0000000744e00000| Untracked 
|  79|0x0000000744f00000, 0x0000000744f00000, 0x0000000745000000|  0%| F|  |TAMS 0x0000000744f00000, 0x0000000744f00000| Untracked 
|  80|0x0000000745000000, 0x0000000745000000, 0x0000000745100000|  0%| F|  |TAMS 0x0000000745000000, 0x0000000745000000| Untracked 
|  81|0x0000000745100000, 0x0000000745100000, 0x0000000745200000|  0%| F|  |TAMS 0x0000000745100000, 0x0000000745100000| Untracked 
|  82|0x0000000745200000, 0x0000000745200000, 0x0000000745300000|  0%| F|  |TAMS 0x0000000745200000, 0x0000000745200000| Untracked 
|  83|0x0000000745300000, 0x0000000745300000, 0x0000000745400000|  0%| F|  |TAMS 0x0000000745300000, 0x0000000745300000| Untracked 
|  84|0x0000000745400000, 0x0000000745400000, 0x0000000745500000|  0%| F|  |TAMS 0x0000000745400000, 0x0000000745400000| Untracked 
|  85|0x0000000745500000, 0x0000000745500000, 0x0000000745600000|  0%| F|  |TAMS 0x0000000745500000, 0x0000000745500000| Untracked 
|  86|0x0000000745600000, 0x0000000745600000, 0x0000000745700000|  0%| F|  |TAMS 0x0000000745600000, 0x0000000745600000| Untracked 
|  87|0x0000000745700000, 0x0000000745700000, 0x0000000745800000|  0%| F|  |TAMS 0x0000000745700000, 0x0000000745700000| Untracked 
|  88|0x0000000745800000, 0x0000000745800000, 0x0000000745900000|  0%| F|  |TAMS 0x0000000745800000, 0x0000000745800000| Untracked 
|  89|0x0000000745900000, 0x0000000745900000, 0x0000000745a00000|  0%| F|  |TAMS 0x0000000745900000, 0x0000000745900000| Untracked 
|  90|0x0000000745a00000, 0x0000000745a00000, 0x0000000745b00000|  0%| F|  |TAMS 0x0000000745a00000, 0x0000000745a00000| Untracked 
|  91|0x0000000745b00000, 0x0000000745b00000, 0x0000000745c00000|  0%| F|  |TAMS 0x0000000745b00000, 0x0000000745b00000| Untracked 
|  92|0x0000000745c00000, 0x0000000745c00000, 0x0000000745d00000|  0%| F|  |TAMS 0x0000000745c00000, 0x0000000745c00000| Untracked 
|  93|0x0000000745d00000, 0x0000000745d00000, 0x0000000745e00000|  0%| F|  |TAMS 0x0000000745d00000, 0x0000000745d00000| Untracked 
|  94|0x0000000745e00000, 0x0000000745e00000, 0x0000000745f00000|  0%| F|  |TAMS 0x0000000745e00000, 0x0000000745e00000| Untracked 
|  95|0x0000000745f00000, 0x0000000745f00000, 0x0000000746000000|  0%| F|  |TAMS 0x0000000745f00000, 0x0000000745f00000| Untracked 
|  96|0x0000000746000000, 0x0000000746000000, 0x0000000746100000|  0%| F|  |TAMS 0x0000000746000000, 0x0000000746000000| Untracked 
|  97|0x0000000746100000, 0x000000074616a3e0, 0x0000000746200000| 41%| S|CS|TAMS 0x0000000746100000, 0x0000000746100000| Complete 
|  98|0x0000000746200000, 0x0000000746300000, 0x0000000746300000|100%| S|CS|TAMS 0x0000000746200000, 0x0000000746200000| Complete 
|  99|0x0000000746300000, 0x0000000746400000, 0x0000000746400000|100%| S|CS|TAMS 0x0000000746300000, 0x0000000746300000| Complete 
| 100|0x0000000746400000, 0x0000000746500000, 0x0000000746500000|100%| S|CS|TAMS 0x0000000746400000, 0x0000000746400000| Complete 
| 101|0x0000000746500000, 0x0000000746500000, 0x0000000746600000|  0%| F|  |TAMS 0x0000000746500000, 0x0000000746500000| Untracked 
| 102|0x0000000746600000, 0x0000000746600000, 0x0000000746700000|  0%| F|  |TAMS 0x0000000746600000, 0x0000000746600000| Untracked 
| 103|0x0000000746700000, 0x0000000746700000, 0x0000000746800000|  0%| F|  |TAMS 0x0000000746700000, 0x0000000746700000| Untracked 
| 104|0x0000000746800000, 0x0000000746800000, 0x0000000746900000|  0%| F|  |TAMS 0x0000000746800000, 0x0000000746800000| Untracked 
| 105|0x0000000746900000, 0x0000000746a00000, 0x0000000746a00000|100%| S|CS|TAMS 0x0000000746900000, 0x0000000746900000| Complete 
| 106|0x0000000746a00000, 0x0000000746b00000, 0x0000000746b00000|100%| S|CS|TAMS 0x0000000746a00000, 0x0000000746a00000| Complete 
| 107|0x0000000746b00000, 0x0000000746c00000, 0x0000000746c00000|100%| S|CS|TAMS 0x0000000746b00000, 0x0000000746b00000| Complete 
| 108|0x0000000746c00000, 0x0000000746c00000, 0x0000000746d00000|  0%| F|  |TAMS 0x0000000746c00000, 0x0000000746c00000| Untracked 
| 109|0x0000000746d00000, 0x0000000746d00000, 0x0000000746e00000|  0%| F|  |TAMS 0x0000000746d00000, 0x0000000746d00000| Untracked 
| 110|0x0000000746e00000, 0x0000000746e00000, 0x0000000746f00000|  0%| F|  |TAMS 0x0000000746e00000, 0x0000000746e00000| Untracked 
| 111|0x0000000746f00000, 0x0000000746f00000, 0x0000000747000000|  0%| F|  |TAMS 0x0000000746f00000, 0x0000000746f00000| Untracked 
| 112|0x0000000747000000, 0x0000000747000000, 0x0000000747100000|  0%| F|  |TAMS 0x0000000747000000, 0x0000000747000000| Untracked 
| 113|0x0000000747100000, 0x0000000747100000, 0x0000000747200000|  0%| F|  |TAMS 0x0000000747100000, 0x0000000747100000| Untracked 
| 114|0x0000000747200000, 0x0000000747200000, 0x0000000747300000|  0%| F|  |TAMS 0x0000000747200000, 0x0000000747200000| Untracked 
| 115|0x0000000747300000, 0x0000000747300000, 0x0000000747400000|  0%| F|  |TAMS 0x0000000747300000, 0x0000000747300000| Untracked 
| 116|0x0000000747400000, 0x0000000747400000, 0x0000000747500000|  0%| F|  |TAMS 0x0000000747400000, 0x0000000747400000| Untracked 
| 117|0x0000000747500000, 0x0000000747500000, 0x0000000747600000|  0%| F|  |TAMS 0x0000000747500000, 0x0000000747500000| Untracked 
| 118|0x0000000747600000, 0x0000000747600000, 0x0000000747700000|  0%| F|  |TAMS 0x0000000747600000, 0x0000000747600000| Untracked 
| 119|0x0000000747700000, 0x0000000747700000, 0x0000000747800000|  0%| F|  |TAMS 0x0000000747700000, 0x0000000747700000| Untracked 
| 120|0x0000000747800000, 0x0000000747800000, 0x0000000747900000|  0%| F|  |TAMS 0x0000000747800000, 0x0000000747800000| Untracked 
| 121|0x0000000747900000, 0x0000000747900000, 0x0000000747a00000|  0%| F|  |TAMS 0x0000000747900000, 0x0000000747900000| Untracked 
| 122|0x0000000747a00000, 0x0000000747a00000, 0x0000000747b00000|  0%| F|  |TAMS 0x0000000747a00000, 0x0000000747a00000| Untracked 
| 123|0x0000000747b00000, 0x0000000747b00000, 0x0000000747c00000|  0%| F|  |TAMS 0x0000000747b00000, 0x0000000747b00000| Untracked 
| 124|0x0000000747c00000, 0x0000000747c00000, 0x0000000747d00000|  0%| F|  |TAMS 0x0000000747c00000, 0x0000000747c00000| Untracked 
| 125|0x0000000747d00000, 0x0000000747d00000, 0x0000000747e00000|  0%| F|  |TAMS 0x0000000747d00000, 0x0000000747d00000| Untracked 
| 126|0x0000000747e00000, 0x0000000747e00000, 0x0000000747f00000|  0%| F|  |TAMS 0x0000000747e00000, 0x0000000747e00000| Untracked 
| 127|0x0000000747f00000, 0x0000000747f00000, 0x0000000748000000|  0%| F|  |TAMS 0x0000000747f00000, 0x0000000747f00000| Untracked 
| 128|0x0000000748000000, 0x0000000748000000, 0x0000000748100000|  0%| F|  |TAMS 0x0000000748000000, 0x0000000748000000| Untracked 
| 129|0x0000000748100000, 0x0000000748100000, 0x0000000748200000|  0%| F|  |TAMS 0x0000000748100000, 0x0000000748100000| Untracked 
| 130|0x0000000748200000, 0x0000000748200000, 0x0000000748300000|  0%| F|  |TAMS 0x0000000748200000, 0x0000000748200000| Untracked 
| 131|0x0000000748300000, 0x0000000748300000, 0x0000000748400000|  0%| F|  |TAMS 0x0000000748300000, 0x0000000748300000| Untracked 
| 132|0x0000000748400000, 0x0000000748400000, 0x0000000748500000|  0%| F|  |TAMS 0x0000000748400000, 0x0000000748400000| Untracked 
| 133|0x0000000748500000, 0x0000000748500000, 0x0000000748600000|  0%| F|  |TAMS 0x0000000748500000, 0x0000000748500000| Untracked 
| 134|0x0000000748600000, 0x0000000748600000, 0x0000000748700000|  0%| F|  |TAMS 0x0000000748600000, 0x0000000748600000| Untracked 
| 135|0x0000000748700000, 0x0000000748700000, 0x0000000748800000|  0%| F|  |TAMS 0x0000000748700000, 0x0000000748700000| Untracked 
| 136|0x0000000748800000, 0x0000000748800000, 0x0000000748900000|  0%| F|  |TAMS 0x0000000748800000, 0x0000000748800000| Untracked 
| 137|0x0000000748900000, 0x0000000748900000, 0x0000000748a00000|  0%| F|  |TAMS 0x0000000748900000, 0x0000000748900000| Untracked 
| 138|0x0000000748a00000, 0x0000000748a00000, 0x0000000748b00000|  0%| F|  |TAMS 0x0000000748a00000, 0x0000000748a00000| Untracked 
| 139|0x0000000748b00000, 0x0000000748b00000, 0x0000000748c00000|  0%| F|  |TAMS 0x0000000748b00000, 0x0000000748b00000| Untracked 
| 140|0x0000000748c00000, 0x0000000748c00000, 0x0000000748d00000|  0%| F|  |TAMS 0x0000000748c00000, 0x0000000748c00000| Untracked 
| 141|0x0000000748d00000, 0x0000000748d00000, 0x0000000748e00000|  0%| F|  |TAMS 0x0000000748d00000, 0x0000000748d00000| Untracked 
| 142|0x0000000748e00000, 0x0000000748e00000, 0x0000000748f00000|  0%| F|  |TAMS 0x0000000748e00000, 0x0000000748e00000| Untracked 
| 143|0x0000000748f00000, 0x0000000748f00000, 0x0000000749000000|  0%| F|  |TAMS 0x0000000748f00000, 0x0000000748f00000| Untracked 
| 144|0x0000000749000000, 0x0000000749000000, 0x0000000749100000|  0%| F|  |TAMS 0x0000000749000000, 0x0000000749000000| Untracked 
| 145|0x0000000749100000, 0x0000000749100000, 0x0000000749200000|  0%| F|  |TAMS 0x0000000749100000, 0x0000000749100000| Untracked 
| 146|0x0000000749200000, 0x0000000749200000, 0x0000000749300000|  0%| F|  |TAMS 0x0000000749200000, 0x0000000749200000| Untracked 
| 147|0x0000000749300000, 0x0000000749300000, 0x0000000749400000|  0%| F|  |TAMS 0x0000000749300000, 0x0000000749300000| Untracked 
| 148|0x0000000749400000, 0x0000000749400000, 0x0000000749500000|  0%| F|  |TAMS 0x0000000749400000, 0x0000000749400000| Untracked 
| 149|0x0000000749500000, 0x0000000749500000, 0x0000000749600000|  0%| F|  |TAMS 0x0000000749500000, 0x0000000749500000| Untracked 
| 150|0x0000000749600000, 0x0000000749600000, 0x0000000749700000|  0%| F|  |TAMS 0x0000000749600000, 0x0000000749600000| Untracked 
| 151|0x0000000749700000, 0x0000000749700000, 0x0000000749800000|  0%| F|  |TAMS 0x0000000749700000, 0x0000000749700000| Untracked 
| 152|0x0000000749800000, 0x0000000749800000, 0x0000000749900000|  0%| F|  |TAMS 0x0000000749800000, 0x0000000749800000| Untracked 
| 153|0x0000000749900000, 0x0000000749900000, 0x0000000749a00000|  0%| F|  |TAMS 0x0000000749900000, 0x0000000749900000| Untracked 
| 154|0x0000000749a00000, 0x0000000749a00000, 0x0000000749b00000|  0%| F|  |TAMS 0x0000000749a00000, 0x0000000749a00000| Untracked 
| 155|0x0000000749b00000, 0x0000000749b00000, 0x0000000749c00000|  0%| F|  |TAMS 0x0000000749b00000, 0x0000000749b00000| Untracked 
| 156|0x0000000749c00000, 0x0000000749c00000, 0x0000000749d00000|  0%| F|  |TAMS 0x0000000749c00000, 0x0000000749c00000| Untracked 
| 157|0x0000000749d00000, 0x0000000749d00000, 0x0000000749e00000|  0%| F|  |TAMS 0x0000000749d00000, 0x0000000749d00000| Untracked 
| 158|0x0000000749e00000, 0x0000000749e00000, 0x0000000749f00000|  0%| F|  |TAMS 0x0000000749e00000, 0x0000000749e00000| Untracked 
| 159|0x0000000749f00000, 0x0000000749f00000, 0x000000074a000000|  0%| F|  |TAMS 0x0000000749f00000, 0x0000000749f00000| Untracked 
| 160|0x000000074a000000, 0x000000074a000000, 0x000000074a100000|  0%| F|  |TAMS 0x000000074a000000, 0x000000074a000000| Untracked 
| 161|0x000000074a100000, 0x000000074a100000, 0x000000074a200000|  0%| F|  |TAMS 0x000000074a100000, 0x000000074a100000| Untracked 
| 162|0x000000074a200000, 0x000000074a200000, 0x000000074a300000|  0%| F|  |TAMS 0x000000074a200000, 0x000000074a200000| Untracked 
| 163|0x000000074a300000, 0x000000074a300000, 0x000000074a400000|  0%| F|  |TAMS 0x000000074a300000, 0x000000074a300000| Untracked 
| 164|0x000000074a400000, 0x000000074a400000, 0x000000074a500000|  0%| F|  |TAMS 0x000000074a400000, 0x000000074a400000| Untracked 
| 165|0x000000074a500000, 0x000000074a500000, 0x000000074a600000|  0%| F|  |TAMS 0x000000074a500000, 0x000000074a500000| Untracked 
| 166|0x000000074a600000, 0x000000074a600000, 0x000000074a700000|  0%| F|  |TAMS 0x000000074a600000, 0x000000074a600000| Untracked 
| 167|0x000000074a700000, 0x000000074a700000, 0x000000074a800000|  0%| F|  |TAMS 0x000000074a700000, 0x000000074a700000| Untracked 
| 168|0x000000074a800000, 0x000000074a800000, 0x000000074a900000|  0%| F|  |TAMS 0x000000074a800000, 0x000000074a800000| Untracked 
| 169|0x000000074a900000, 0x000000074a900000, 0x000000074aa00000|  0%| F|  |TAMS 0x000000074a900000, 0x000000074a900000| Untracked 
| 170|0x000000074aa00000, 0x000000074aa00000, 0x000000074ab00000|  0%| F|  |TAMS 0x000000074aa00000, 0x000000074aa00000| Untracked 
| 171|0x000000074ab00000, 0x000000074ab00000, 0x000000074ac00000|  0%| F|  |TAMS 0x000000074ab00000, 0x000000074ab00000| Untracked 
| 172|0x000000074ac00000, 0x000000074ac00000, 0x000000074ad00000|  0%| F|  |TAMS 0x000000074ac00000, 0x000000074ac00000| Untracked 
| 173|0x000000074ad00000, 0x000000074ad00000, 0x000000074ae00000|  0%| F|  |TAMS 0x000000074ad00000, 0x000000074ad00000| Untracked 
| 174|0x000000074ae00000, 0x000000074ae00000, 0x000000074af00000|  0%| F|  |TAMS 0x000000074ae00000, 0x000000074ae00000| Untracked 
| 175|0x000000074af00000, 0x000000074af00000, 0x000000074b000000|  0%| F|  |TAMS 0x000000074af00000, 0x000000074af00000| Untracked 
| 176|0x000000074b000000, 0x000000074b000000, 0x000000074b100000|  0%| F|  |TAMS 0x000000074b000000, 0x000000074b000000| Untracked 
| 177|0x000000074b100000, 0x000000074b100000, 0x000000074b200000|  0%| F|  |TAMS 0x000000074b100000, 0x000000074b100000| Untracked 
| 178|0x000000074b200000, 0x000000074b200000, 0x000000074b300000|  0%| F|  |TAMS 0x000000074b200000, 0x000000074b200000| Untracked 
| 179|0x000000074b300000, 0x000000074b300000, 0x000000074b400000|  0%| F|  |TAMS 0x000000074b300000, 0x000000074b300000| Untracked 
| 180|0x000000074b400000, 0x000000074b400000, 0x000000074b500000|  0%| F|  |TAMS 0x000000074b400000, 0x000000074b400000| Untracked 
| 181|0x000000074b500000, 0x000000074b500000, 0x000000074b600000|  0%| F|  |TAMS 0x000000074b500000, 0x000000074b500000| Untracked 
| 182|0x000000074b600000, 0x000000074b600000, 0x000000074b700000|  0%| F|  |TAMS 0x000000074b600000, 0x000000074b600000| Untracked 
| 183|0x000000074b700000, 0x000000074b700000, 0x000000074b800000|  0%| F|  |TAMS 0x000000074b700000, 0x000000074b700000| Untracked 
| 184|0x000000074b800000, 0x000000074b800000, 0x000000074b900000|  0%| F|  |TAMS 0x000000074b800000, 0x000000074b800000| Untracked 
| 185|0x000000074b900000, 0x000000074b900000, 0x000000074ba00000|  0%| F|  |TAMS 0x000000074b900000, 0x000000074b900000| Untracked 
| 186|0x000000074ba00000, 0x000000074ba00000, 0x000000074bb00000|  0%| F|  |TAMS 0x000000074ba00000, 0x000000074ba00000| Untracked 
| 187|0x000000074bb00000, 0x000000074bb00000, 0x000000074bc00000|  0%| F|  |TAMS 0x000000074bb00000, 0x000000074bb00000| Untracked 
| 188|0x000000074bc00000, 0x000000074bc00000, 0x000000074bd00000|  0%| F|  |TAMS 0x000000074bc00000, 0x000000074bc00000| Untracked 
| 189|0x000000074bd00000, 0x000000074bd00000, 0x000000074be00000|  0%| F|  |TAMS 0x000000074bd00000, 0x000000074bd00000| Untracked 
| 190|0x000000074be00000, 0x000000074be00000, 0x000000074bf00000|  0%| F|  |TAMS 0x000000074be00000, 0x000000074be00000| Untracked 
| 191|0x000000074bf00000, 0x000000074bf00000, 0x000000074c000000|  0%| F|  |TAMS 0x000000074bf00000, 0x000000074bf00000| Untracked 
| 192|0x000000074c000000, 0x000000074c000000, 0x000000074c100000|  0%| F|  |TAMS 0x000000074c000000, 0x000000074c000000| Untracked 
| 193|0x000000074c100000, 0x000000074c100000, 0x000000074c200000|  0%| F|  |TAMS 0x000000074c100000, 0x000000074c100000| Untracked 
| 194|0x000000074c200000, 0x000000074c200000, 0x000000074c300000|  0%| F|  |TAMS 0x000000074c200000, 0x000000074c200000| Untracked 
| 195|0x000000074c300000, 0x000000074c300000, 0x000000074c400000|  0%| F|  |TAMS 0x000000074c300000, 0x000000074c300000| Untracked 
| 196|0x000000074c400000, 0x000000074c400000, 0x000000074c500000|  0%| F|  |TAMS 0x000000074c400000, 0x000000074c400000| Untracked 
| 197|0x000000074c500000, 0x000000074c500000, 0x000000074c600000|  0%| F|  |TAMS 0x000000074c500000, 0x000000074c500000| Untracked 
| 198|0x000000074c600000, 0x000000074c600000, 0x000000074c700000|  0%| F|  |TAMS 0x000000074c600000, 0x000000074c600000| Untracked 
| 199|0x000000074c700000, 0x000000074c700000, 0x000000074c800000|  0%| F|  |TAMS 0x000000074c700000, 0x000000074c700000| Untracked 
| 200|0x000000074c800000, 0x000000074c800000, 0x000000074c900000|  0%| F|  |TAMS 0x000000074c800000, 0x000000074c800000| Untracked 
| 201|0x000000074c900000, 0x000000074c900000, 0x000000074ca00000|  0%| F|  |TAMS 0x000000074c900000, 0x000000074c900000| Untracked 
| 202|0x000000074ca00000, 0x000000074ca00000, 0x000000074cb00000|  0%| F|  |TAMS 0x000000074ca00000, 0x000000074ca00000| Untracked 
| 203|0x000000074cb00000, 0x000000074cb00000, 0x000000074cc00000|  0%| F|  |TAMS 0x000000074cb00000, 0x000000074cb00000| Untracked 
| 204|0x000000074cc00000, 0x000000074cc00000, 0x000000074cd00000|  0%| F|  |TAMS 0x000000074cc00000, 0x000000074cc00000| Untracked 
| 205|0x000000074cd00000, 0x000000074cd00000, 0x000000074ce00000|  0%| F|  |TAMS 0x000000074cd00000, 0x000000074cd00000| Untracked 
| 206|0x000000074ce00000, 0x000000074ce00000, 0x000000074cf00000|  0%| F|  |TAMS 0x000000074ce00000, 0x000000074ce00000| Untracked 
| 207|0x000000074cf00000, 0x000000074cf00000, 0x000000074d000000|  0%| F|  |TAMS 0x000000074cf00000, 0x000000074cf00000| Untracked 
| 208|0x000000074d000000, 0x000000074d000000, 0x000000074d100000|  0%| F|  |TAMS 0x000000074d000000, 0x000000074d000000| Untracked 
| 209|0x000000074d100000, 0x000000074d100000, 0x000000074d200000|  0%| F|  |TAMS 0x000000074d100000, 0x000000074d100000| Untracked 
| 210|0x000000074d200000, 0x000000074d200000, 0x000000074d300000|  0%| F|  |TAMS 0x000000074d200000, 0x000000074d200000| Untracked 
| 211|0x000000074d300000, 0x000000074d300000, 0x000000074d400000|  0%| F|  |TAMS 0x000000074d300000, 0x000000074d300000| Untracked 
| 212|0x000000074d400000, 0x000000074d400000, 0x000000074d500000|  0%| F|  |TAMS 0x000000074d400000, 0x000000074d400000| Untracked 
| 213|0x000000074d500000, 0x000000074d500000, 0x000000074d600000|  0%| F|  |TAMS 0x000000074d500000, 0x000000074d500000| Untracked 
| 214|0x000000074d600000, 0x000000074d600000, 0x000000074d700000|  0%| F|  |TAMS 0x000000074d600000, 0x000000074d600000| Untracked 
| 215|0x000000074d700000, 0x000000074d700000, 0x000000074d800000|  0%| F|  |TAMS 0x000000074d700000, 0x000000074d700000| Untracked 
| 216|0x000000074d800000, 0x000000074d800000, 0x000000074d900000|  0%| F|  |TAMS 0x000000074d800000, 0x000000074d800000| Untracked 
| 217|0x000000074d900000, 0x000000074d900000, 0x000000074da00000|  0%| F|  |TAMS 0x000000074d900000, 0x000000074d900000| Untracked 
| 218|0x000000074da00000, 0x000000074da00000, 0x000000074db00000|  0%| F|  |TAMS 0x000000074da00000, 0x000000074da00000| Untracked 
| 219|0x000000074db00000, 0x000000074db00000, 0x000000074dc00000|  0%| F|  |TAMS 0x000000074db00000, 0x000000074db00000| Untracked 
| 220|0x000000074dc00000, 0x000000074dc00000, 0x000000074dd00000|  0%| F|  |TAMS 0x000000074dc00000, 0x000000074dc00000| Untracked 
| 221|0x000000074dd00000, 0x000000074dd00000, 0x000000074de00000|  0%| F|  |TAMS 0x000000074dd00000, 0x000000074dd00000| Untracked 
| 222|0x000000074de00000, 0x000000074de00000, 0x000000074df00000|  0%| F|  |TAMS 0x000000074de00000, 0x000000074de00000| Untracked 
| 223|0x000000074df00000, 0x000000074df00000, 0x000000074e000000|  0%| F|  |TAMS 0x000000074df00000, 0x000000074df00000| Untracked 
| 224|0x000000074e000000, 0x000000074e000000, 0x000000074e100000|  0%| F|  |TAMS 0x000000074e000000, 0x000000074e000000| Untracked 
| 225|0x000000074e100000, 0x000000074e100000, 0x000000074e200000|  0%| F|  |TAMS 0x000000074e100000, 0x000000074e100000| Untracked 
| 226|0x000000074e200000, 0x000000074e200000, 0x000000074e300000|  0%| F|  |TAMS 0x000000074e200000, 0x000000074e200000| Untracked 
| 227|0x000000074e300000, 0x000000074e300000, 0x000000074e400000|  0%| F|  |TAMS 0x000000074e300000, 0x000000074e300000| Untracked 
| 228|0x000000074e400000, 0x000000074e400000, 0x000000074e500000|  0%| F|  |TAMS 0x000000074e400000, 0x000000074e400000| Untracked 
| 229|0x000000074e500000, 0x000000074e500000, 0x000000074e600000|  0%| F|  |TAMS 0x000000074e500000, 0x000000074e500000| Untracked 
| 230|0x000000074e600000, 0x000000074e600000, 0x000000074e700000|  0%| F|  |TAMS 0x000000074e600000, 0x000000074e600000| Untracked 
| 231|0x000000074e700000, 0x000000074e800000, 0x000000074e800000|100%| E|  |TAMS 0x000000074e700000, 0x000000074e700000| Complete 
| 232|0x000000074e800000, 0x000000074e900000, 0x000000074e900000|100%| E|CS|TAMS 0x000000074e800000, 0x000000074e800000| Complete 
| 233|0x000000074e900000, 0x000000074ea00000, 0x000000074ea00000|100%| E|CS|TAMS 0x000000074e900000, 0x000000074e900000| Complete 
| 234|0x000000074ea00000, 0x000000074eb00000, 0x000000074eb00000|100%| E|CS|TAMS 0x000000074ea00000, 0x000000074ea00000| Complete 
| 235|0x000000074eb00000, 0x000000074ec00000, 0x000000074ec00000|100%| E|CS|TAMS 0x000000074eb00000, 0x000000074eb00000| Complete 
| 236|0x000000074ec00000, 0x000000074ed00000, 0x000000074ed00000|100%| E|CS|TAMS 0x000000074ec00000, 0x000000074ec00000| Complete 
| 237|0x000000074ed00000, 0x000000074ee00000, 0x000000074ee00000|100%| E|CS|TAMS 0x000000074ed00000, 0x000000074ed00000| Complete 
| 238|0x000000074ee00000, 0x000000074ef00000, 0x000000074ef00000|100%| E|CS|TAMS 0x000000074ee00000, 0x000000074ee00000| Complete 
| 239|0x000000074ef00000, 0x000000074f000000, 0x000000074f000000|100%| E|CS|TAMS 0x000000074ef00000, 0x000000074ef00000| Complete 
| 240|0x000000074f000000, 0x000000074f100000, 0x000000074f100000|100%| E|CS|TAMS 0x000000074f000000, 0x000000074f000000| Complete 
| 241|0x000000074f100000, 0x000000074f200000, 0x000000074f200000|100%| E|CS|TAMS 0x000000074f100000, 0x000000074f100000| Complete 
| 242|0x000000074f200000, 0x000000074f300000, 0x000000074f300000|100%| E|CS|TAMS 0x000000074f200000, 0x000000074f200000| Complete 
| 243|0x000000074f300000, 0x000000074f400000, 0x000000074f400000|100%| E|CS|TAMS 0x000000074f300000, 0x000000074f300000| Complete 
| 244|0x000000074f400000, 0x000000074f500000, 0x000000074f500000|100%| E|CS|TAMS 0x000000074f400000, 0x000000074f400000| Complete 
| 245|0x000000074f500000, 0x000000074f600000, 0x000000074f600000|100%| E|CS|TAMS 0x000000074f500000, 0x000000074f500000| Complete 
| 246|0x000000074f600000, 0x000000074f700000, 0x000000074f700000|100%| E|CS|TAMS 0x000000074f600000, 0x000000074f600000| Complete 
| 247|0x000000074f700000, 0x000000074f800000, 0x000000074f800000|100%| E|CS|TAMS 0x000000074f700000, 0x000000074f700000| Complete 
| 248|0x000000074f800000, 0x000000074f900000, 0x000000074f900000|100%| E|CS|TAMS 0x000000074f800000, 0x000000074f800000| Complete 
| 249|0x000000074f900000, 0x000000074fa00000, 0x000000074fa00000|100%| E|CS|TAMS 0x000000074f900000, 0x000000074f900000| Complete 
| 250|0x000000074fa00000, 0x000000074fb00000, 0x000000074fb00000|100%| E|CS|TAMS 0x000000074fa00000, 0x000000074fa00000| Complete 
| 251|0x000000074fb00000, 0x000000074fc00000, 0x000000074fc00000|100%| E|CS|TAMS 0x000000074fb00000, 0x000000074fb00000| Complete 

Card table byte_map: [0x000002b27a9e0000,0x000002b27afe0000] _byte_map_base: 0x000002b276fe0000

Marking Bits (Prev, Next): (CMBitMap*) 0x000002b2628fb378, (CMBitMap*) 0x000002b2628fb3b8
 Prev Bits: [0x000002b27b5e0000, 0x000002b27e5e0000)
 Next Bits: [0x000002b200000000, 0x000002b203000000)

Polling page: 0x000002b260580000

Metaspace:

Usage:
  Non-class:     16.22 MB capacity,    16.07 MB (>99%) used,   130.30 KB ( <1%) free+waste,    23.63 KB ( <1%) overhead. 
      Class:      2.15 MB capacity,     2.03 MB ( 94%) used,   112.92 KB (  5%) free+waste,    10.50 KB ( <1%) overhead. 
       Both:     18.37 MB capacity,    18.10 MB ( 99%) used,   243.22 KB (  1%) free+waste,    34.13 KB ( <1%) overhead. 

Virtual space:
  Non-class space:       18.00 MB reserved,      16.25 MB ( 90%) committed 
      Class space:        1.00 GB reserved,       2.25 MB ( <1%) committed 
             Both:        1.02 GB reserved,      18.50 MB (  2%) committed 

Chunk freelists:
   Non-Class:  35.00 KB
       Class:  2.00 KB
        Both:  37.00 KB

MaxMetaspaceSize: 17179869184.00 GB
CompressedClassSpaceSize: 1.00 GB

CodeHeap 'non-profiled nmethods': size=120000Kb used=2002Kb max_used=2002Kb free=117997Kb
 bounds [0x000002b272850000, 0x000002b272ac0000, 0x000002b279d80000]
CodeHeap 'profiled nmethods': size=120000Kb used=7188Kb max_used=7188Kb free=112811Kb
 bounds [0x000002b26b320000, 0x000002b26ba30000, 0x000002b272850000]
CodeHeap 'non-nmethods': size=5760Kb used=1454Kb max_used=1489Kb free=4305Kb
 bounds [0x000002b26ad80000, 0x000002b26aff0000, 0x000002b26b320000]
 total_blobs=5145 nmethods=3089 adapters=688
 compilation: enabled
              stopped_count=0, restarted_count=0
 full_count=0

Compilation events (20 events):
Event: 4.769 Thread 0x000002b27fbee000 3065       3       org.nd4j.linalg.factory.Nd4j::createTypedBuffer (58 bytes)
Event: 4.769 Thread 0x000002b27fbee000 nmethod 3065 0x000002b26ba0bb90 code [0x000002b26ba0be00, 0x000002b26ba0cb30]
Event: 4.773 Thread 0x000002b27fbe2000 nmethod 3058 0x000002b272a3d190 code [0x000002b272a3d660, 0x000002b272a400d0]
Event: 4.796 Thread 0x000002b27fbee000 3069       3       org.nd4j.linalg.api.shape.Shape::assertShapeLessThan (83 bytes)
Event: 4.797 Thread 0x000002b27fbee000 nmethod 3069 0x000002b26ba0cf90 code [0x000002b26ba0d260, 0x000002b26ba0df40]
Event: 4.797 Thread 0x000002b27fbee000 3070       3       org.nd4j.linalg.api.ndarray.BaseNDArray::getDouble (183 bytes)
Event: 4.798 Thread 0x000002b27fbee000 nmethod 3070 0x000002b26ba0e410 code [0x000002b26ba0e860, 0x000002b26ba115c0]
Event: 4.798 Thread 0x000002b27fbee000 3068       3       org.nd4j.linalg.api.shape.Shape::ind2subC (38 bytes)
Event: 4.799 Thread 0x000002b27fbee000 nmethod 3068 0x000002b26ba12090 code [0x000002b26ba12280, 0x000002b26ba12a10]
Event: 4.823 Thread 0x000002b27fbe2000 3071       4       org.nd4j.linalg.memory.abstracts.Nd4jWorkspace::notifyScopeBorrowed (76 bytes)
Event: 4.828 Thread 0x000002b27fbee000 3073       3       java.util.regex.Matcher::end (67 bytes)
Event: 4.829 Thread 0x000002b27fbee000 nmethod 3073 0x000002b26ba12c90 code [0x000002b26ba12f20, 0x000002b26ba13a50]
Event: 4.829 Thread 0x000002b27fbee000 3074       3       java.util.regex.Matcher::search (154 bytes)
Event: 4.829 Thread 0x000002b27fbee000 nmethod 3074 0x000002b26ba13e90 code [0x000002b26ba14080, 0x000002b26ba146c0]
Event: 4.832 Thread 0x000002b27fbe2000 nmethod 3071 0x000002b272a42590 code [0x000002b272a42780, 0x000002b272a42f78]
Event: 4.832 Thread 0x000002b27fbe2000 3072       4       org.deeplearning4j.nn.graph.vertex.impl.LayerVertex::setInput (54 bytes)
Event: 4.834 Thread 0x000002b27fbee000 3075       3       org.bytedeco.javacpp.ClassProperties::addAll (199 bytes)
Event: 4.835 Thread 0x000002b27fbe2000 nmethod 3072 0x000002b272a43590 code [0x000002b272a43760, 0x000002b272a43d28]
Event: 4.836 Thread 0x000002b27fbee000 nmethod 3075 0x000002b26ba14890 code [0x000002b26ba14d40, 0x000002b26ba17140]
Event: 4.847 Thread 0x000002b27fbe2000 3076   !   4       jdk.internal.loader.BuiltinClassLoader::findResource (154 bytes)

GC Heap History (14 events):
Event: 0.620 GC heap before
{Heap before GC invocations=0 (full 0):
 garbage-first heap   total 258048K, used 25600K [0x0000000740000000, 0x0000000800000000)
  region size 1024K, 24 young (24576K), 0 survivors (0K)
 Metaspace       used 3358K, capacity 6173K, committed 6272K, reserved 1056768K
  class space    used 287K, capacity 574K, committed 640K, reserved 1048576K
}
Event: 0.626 GC heap after
{Heap after GC invocations=1 (full 0):
 garbage-first heap   total 258048K, used 10456K [0x0000000740000000, 0x0000000800000000)
  region size 1024K, 3 young (3072K), 3 survivors (3072K)
 Metaspace       used 3358K, capacity 6173K, committed 6272K, reserved 1056768K
  class space    used 287K, capacity 574K, committed 640K, reserved 1048576K
}
Event: 1.025 GC heap before
{Heap before GC invocations=1 (full 0):
 garbage-first heap   total 258048K, used 126168K [0x0000000740000000, 0x0000000800000000)
  region size 1024K, 116 young (118784K), 3 survivors (3072K)
 Metaspace       used 4840K, capacity 7219K, committed 7424K, reserved 1056768K
  class space    used 426K, capacity 689K, committed 768K, reserved 1048576K
}
Event: 1.028 GC heap after
{Heap after GC invocations=2 (full 0):
 garbage-first heap   total 258048K, used 10953K [0x0000000740000000, 0x0000000800000000)
  region size 1024K, 4 young (4096K), 4 survivors (4096K)
 Metaspace       used 4840K, capacity 7219K, committed 7424K, reserved 1056768K
  class space    used 426K, capacity 689K, committed 768K, reserved 1048576K
}
Event: 1.310 GC heap before
{Heap before GC invocations=2 (full 0):
 garbage-first heap   total 258048K, used 139977K [0x0000000740000000, 0x0000000800000000)
  region size 1024K, 130 young (133120K), 4 survivors (4096K)
 Metaspace       used 6828K, capacity 9171K, committed 9472K, reserved 1056768K
  class space    used 968K, capacity 1233K, committed 1280K, reserved 1048576K
}
Event: 1.312 GC heap after
{Heap after GC invocations=3 (full 0):
 garbage-first heap   total 258048K, used 11110K [0x0000000740000000, 0x0000000800000000)
  region size 1024K, 4 young (4096K), 4 survivors (4096K)
 Metaspace       used 6828K, capacity 9171K, committed 9472K, reserved 1056768K
  class space    used 968K, capacity 1233K, committed 1280K, reserved 1048576K
}
Event: 1.667 GC heap before
{Heap before GC invocations=3 (full 0):
 garbage-first heap   total 258048K, used 161638K [0x0000000740000000, 0x0000000800000000)
  region size 1024K, 151 young (154624K), 4 survivors (4096K)
 Metaspace       used 7174K, capacity 9305K, committed 9472K, reserved 1056768K
  class space    used 990K, capacity 1234K, committed 1280K, reserved 1048576K
}
Event: 1.670 GC heap after
{Heap after GC invocations=4 (full 0):
 garbage-first heap   total 258048K, used 11246K [0x0000000740000000, 0x0000000800000000)
  region size 1024K, 4 young (4096K), 4 survivors (4096K)
 Metaspace       used 7174K, capacity 9305K, committed 9472K, reserved 1056768K
  class space    used 990K, capacity 1234K, committed 1280K, reserved 1048576K
}
Event: 2.198 GC heap before
{Heap before GC invocations=4 (full 0):
 garbage-first heap   total 258048K, used 161774K [0x0000000740000000, 0x0000000800000000)
  region size 1024K, 151 young (154624K), 4 survivors (4096K)
 Metaspace       used 12800K, capacity 14304K, committed 14336K, reserved 1062912K
  class space    used 1595K, capacity 1788K, committed 1792K, reserved 1048576K
}
Event: 2.200 GC heap after
{Heap after GC invocations=5 (full 0):
 garbage-first heap   total 258048K, used 12819K [0x0000000740000000, 0x0000000800000000)
  region size 1024K, 6 young (6144K), 6 survivors (6144K)
 Metaspace       used 12800K, capacity 14304K, committed 14336K, reserved 1062912K
  class space    used 1595K, capacity 1788K, committed 1792K, reserved 1048576K
}
Event: 2.988 GC heap before
{Heap before GC invocations=5 (full 0):
 garbage-first heap   total 258048K, used 160275K [0x0000000740000000, 0x0000000800000000)
  region size 1024K, 151 young (154624K), 6 survivors (6144K)
 Metaspace       used 17214K, capacity 17418K, committed 17536K, reserved 1064960K
  class space    used 2009K, capacity 2103K, committed 2176K, reserved 1048576K
}
Event: 2.991 GC heap after
{Heap after GC invocations=6 (full 0):
 garbage-first heap   total 258048K, used 13392K [0x0000000740000000, 0x0000000800000000)
  region size 1024K, 6 young (6144K), 6 survivors (6144K)
 Metaspace       used 17214K, capacity 17418K, committed 17536K, reserved 1064960K
  class space    used 2009K, capacity 2103K, committed 2176K, reserved 1048576K
}
Event: 3.157 GC heap before
{Heap before GC invocations=6 (full 0):
 garbage-first heap   total 258048K, used 161872K [0x0000000740000000, 0x0000000800000000)
  region size 1024K, 151 young (154624K), 6 survivors (6144K)
 Metaspace       used 17230K, capacity 17482K, committed 17792K, reserved 1064960K
  class space    used 2009K, capacity 2103K, committed 2176K, reserved 1048576K
}
Event: 3.160 GC heap after
{Heap after GC invocations=7 (full 0):
 garbage-first heap   total 258048K, used 13661K [0x0000000740000000, 0x0000000800000000)
  region size 1024K, 7 young (7168K), 7 survivors (7168K)
 Metaspace       used 17230K, capacity 17482K, committed 17792K, reserved 1064960K
  class space    used 2009K, capacity 2103K, committed 2176K, reserved 1048576K
}

Deoptimization events (20 events):
Event: 4.068 Thread 0x000002b2628a2800 Uncommon trap: trap_request=0xffffffbe fr.pc=0x000002b272a0bffc relative=0x00000000000002dc
Event: 4.068 Thread 0x000002b2628a2800 Uncommon trap: reason=profile_predicate action=maybe_recompile pc=0x000002b272a0bffc method=sun.security.provider.HashDrbg.addBytes([BI[[B)V @ 36 c2
Event: 4.068 Thread 0x000002b2628a2800 DEOPT PACKING pc=0x000002b272a0bffc sp=0x000000cbd57fe3a0
Event: 4.068 Thread 0x000002b2628a2800 DEOPT UNPACKING pc=0x000002b26adc912f sp=0x000000cbd57fe300 mode 2
Event: 4.070 Thread 0x000002b2628a2800 Uncommon trap: trap_request=0xffffffbe fr.pc=0x000002b272a0bffc relative=0x00000000000002dc
Event: 4.070 Thread 0x000002b2628a2800 Uncommon trap: reason=profile_predicate action=maybe_recompile pc=0x000002b272a0bffc method=sun.security.provider.HashDrbg.addBytes([BI[[B)V @ 36 c2
Event: 4.070 Thread 0x000002b2628a2800 DEOPT PACKING pc=0x000002b272a0bffc sp=0x000000cbd57fe230
Event: 4.070 Thread 0x000002b2628a2800 DEOPT UNPACKING pc=0x000002b26adc912f sp=0x000000cbd57fe190 mode 2
Event: 4.070 Thread 0x000002b2628a2800 Uncommon trap: trap_request=0xffffffbe fr.pc=0x000002b272a0bffc relative=0x00000000000002dc
Event: 4.070 Thread 0x000002b2628a2800 Uncommon trap: reason=profile_predicate action=maybe_recompile pc=0x000002b272a0bffc method=sun.security.provider.HashDrbg.addBytes([BI[[B)V @ 36 c2
Event: 4.070 Thread 0x000002b2628a2800 DEOPT PACKING pc=0x000002b272a0bffc sp=0x000000cbd57fe3a0
Event: 4.070 Thread 0x000002b2628a2800 DEOPT UNPACKING pc=0x000002b26adc912f sp=0x000000cbd57fe300 mode 2
Event: 4.071 Thread 0x000002b2628a2800 Uncommon trap: trap_request=0xffffffbe fr.pc=0x000002b272a0bffc relative=0x00000000000002dc
Event: 4.071 Thread 0x000002b2628a2800 Uncommon trap: reason=profile_predicate action=maybe_recompile pc=0x000002b272a0bffc method=sun.security.provider.HashDrbg.addBytes([BI[[B)V @ 36 c2
Event: 4.071 Thread 0x000002b2628a2800 DEOPT PACKING pc=0x000002b272a0bffc sp=0x000000cbd57fe230
Event: 4.071 Thread 0x000002b2628a2800 DEOPT UNPACKING pc=0x000002b26adc912f sp=0x000000cbd57fe190 mode 2
Event: 4.829 Thread 0x000002b2628a2800 Uncommon trap: trap_request=0xffffff45 fr.pc=0x000002b272a210cc relative=0x000000000000084c
Event: 4.829 Thread 0x000002b2628a2800 Uncommon trap: reason=unstable_if action=reinterpret pc=0x000002b272a210cc method=org.nd4j.linalg.memory.abstracts.Nd4jWorkspace.alloc(JLorg/nd4j/linalg/api/memory/enums/MemoryKind;Lorg/nd4j/linalg/api/buffer/DataType;Z)Lorg/nd4j/linalg/api/memory/pointer
Event: 4.829 Thread 0x000002b2628a2800 DEOPT PACKING pc=0x000002b272a210cc sp=0x000000cbd57fe760
Event: 4.829 Thread 0x000002b2628a2800 DEOPT UNPACKING pc=0x000002b26adc912f sp=0x000000cbd57fe6f0 mode 2

Classes unloaded (0 events):
No events

Classes redefined (0 events):
No events

Internal exceptions (20 events):
Event: 3.217 Thread 0x000002b2628a2800 Exception <a 'sun/nio/fs/WindowsException'{0x000000074cabc790}> (0x000000074cabc790) 
thrown [t:/workspace/open/src/hotspot/share/prims/jni.cpp, line 598]
Event: 3.240 Thread 0x000002b2628a2800 Exception <a 'sun/nio/fs/WindowsException'{0x000000074b521a30}> (0x000000074b521a30) 
thrown [t:/workspace/open/src/hotspot/share/prims/jni.cpp, line 598]
Event: 3.240 Thread 0x000002b2628a2800 Exception <a 'sun/nio/fs/WindowsException'{0x000000074b521a60}> (0x000000074b521a60) 
thrown [t:/workspace/open/src/hotspot/share/prims/jni.cpp, line 598]
Event: 3.240 Thread 0x000002b2628a2800 Exception <a 'sun/nio/fs/WindowsException'{0x000000074b5227c0}> (0x000000074b5227c0) 
thrown [t:/workspace/open/src/hotspot/share/prims/jni.cpp, line 598]
Event: 3.241 Thread 0x000002b2628a2800 Exception <a 'sun/nio/fs/WindowsException'{0x000000074b5227f0}> (0x000000074b5227f0) 
thrown [t:/workspace/open/src/hotspot/share/prims/jni.cpp, line 598]
Event: 3.241 Thread 0x000002b2628a2800 Exception <a 'sun/nio/fs/WindowsException'{0x000000074b523508}> (0x000000074b523508) 
thrown [t:/workspace/open/src/hotspot/share/prims/jni.cpp, line 598]
Event: 3.241 Thread 0x000002b2628a2800 Exception <a 'sun/nio/fs/WindowsException'{0x000000074b523538}> (0x000000074b523538) 
thrown [t:/workspace/open/src/hotspot/share/prims/jni.cpp, line 598]
Event: 3.241 Thread 0x000002b2628a2800 Exception <a 'sun/nio/fs/WindowsException'{0x000000074b524260}> (0x000000074b524260) 
thrown [t:/workspace/open/src/hotspot/share/prims/jni.cpp, line 598]
Event: 3.242 Thread 0x000002b2628a2800 Exception <a 'sun/nio/fs/WindowsException'{0x000000074b524290}> (0x000000074b524290) 
thrown [t:/workspace/open/src/hotspot/share/prims/jni.cpp, line 598]
Event: 3.242 Thread 0x000002b2628a2800 Exception <a 'sun/nio/fs/WindowsException'{0x000000074b524f80}> (0x000000074b524f80) 
thrown [t:/workspace/open/src/hotspot/share/prims/jni.cpp, line 598]
Event: 3.242 Thread 0x000002b2628a2800 Exception <a 'sun/nio/fs/WindowsException'{0x000000074b524fb0}> (0x000000074b524fb0) 
thrown [t:/workspace/open/src/hotspot/share/prims/jni.cpp, line 598]
Event: 3.242 Thread 0x000002b2628a2800 Exception <a 'sun/nio/fs/WindowsException'{0x000000074b525cd8}> (0x000000074b525cd8) 
thrown [t:/workspace/open/src/hotspot/share/prims/jni.cpp, line 598]
Event: 3.243 Thread 0x000002b2628a2800 Exception <a 'sun/nio/fs/WindowsException'{0x000000074b525d08}> (0x000000074b525d08) 
thrown [t:/workspace/open/src/hotspot/share/prims/jni.cpp, line 598]
Event: 3.243 Thread 0x000002b2628a2800 Exception <a 'sun/nio/fs/WindowsException'{0x000000074b5269d8}> (0x000000074b5269d8) 
thrown [t:/workspace/open/src/hotspot/share/prims/jni.cpp, line 598]
Event: 3.243 Thread 0x000002b2628a2800 Exception <a 'sun/nio/fs/WindowsException'{0x000000074b526a08}> (0x000000074b526a08) 
thrown [t:/workspace/open/src/hotspot/share/prims/jni.cpp, line 598]
Event: 3.243 Thread 0x000002b2628a2800 Exception <a 'sun/nio/fs/WindowsException'{0x000000074b527720}> (0x000000074b527720) 
thrown [t:/workspace/open/src/hotspot/share/prims/jni.cpp, line 598]
Event: 3.244 Thread 0x000002b2628a2800 Exception <a 'sun/nio/fs/WindowsException'{0x000000074b527750}> (0x000000074b527750) 
thrown [t:/workspace/open/src/hotspot/share/prims/jni.cpp, line 598]
Event: 3.251 Thread 0x000002b2628a2800 Exception <a 'java/lang/NoSuchMethodError'{0x000000074b571448}: 'java.lang.Object java.lang.invoke.DirectMethodHandle$Holder.invokeStaticInit(java.lang.Object, int, int, int, int)'> (0x000000074b571448) 
thrown [t:/workspace/open/src/hotspot/share/interpreter/linkResolver.cpp, line 767]
Event: 3.372 Thread 0x000002b2628a2800 Exception <a 'java/lang/NoSuchMethodError'{0x000000074b5ed030}: 'java.lang.Object java.lang.invoke.DirectMethodHandle$Holder.invokeStaticInit(java.lang.Object, java.lang.Object, int, int, int, int)'> (0x000000074b5ed030) 
thrown [t:/workspace/open/src/hotspot/share/interpreter/linkResolver.cpp, line 767]
Event: 4.827 Thread 0x000002b2628a2800 Exception <a 'java/lang/RuntimeException'{0x00000007495c0900}> (0x00000007495c0900) 
thrown [t:/workspace/open/src/hotspot/share/prims/jni.cpp, line 598]

Events (20 events):
Event: 4.831 loading class org/nd4j/linalg/api/ops/impl/layers/convolution/config/BaseConvolutionConfig
Event: 4.831 loading class org/nd4j/linalg/api/ops/impl/layers/convolution/config/BaseConvolutionConfig done
Event: 4.831 loading class org/nd4j/linalg/api/ops/impl/layers/convolution/config/Conv2DConfig$Conv2DConfigBuilder
Event: 4.831 loading class org/nd4j/linalg/api/ops/impl/layers/convolution/config/Conv2DConfig$Conv2DConfigBuilder done
Event: 4.832 loading class com/google/common/collect/Lists
Event: 4.832 loading class com/google/common/collect/Lists done
Event: 4.832 loading class com/google/common/collect/Lists$TransformingRandomAccessList
Event: 4.832 loading class com/google/common/collect/Lists$TransformingRandomAccessList done
Event: 4.832 loading class com/google/common/collect/Lists$TransformingSequentialList
Event: 4.832 loading class com/google/common/collect/Lists$TransformingSequentialList done
Event: 4.833 loading class com/google/common/collect/Lists$Partition
Event: 4.833 loading class com/google/common/collect/Lists$Partition done
Event: 4.833 loading class com/google/common/collect/Lists$RandomAccessPartition
Event: 4.833 loading class com/google/common/collect/Lists$RandomAccessPartition done
Event: 4.833 loading class com/google/common/collect/ImmutableList
Event: 4.833 loading class com/google/common/collect/ImmutableList done
Event: 4.833 loading class com/google/common/collect/ImmutableCollection
Event: 4.833 loading class com/google/common/collect/ImmutableCollection done
Event: 4.834 loading class com/google/common/collect/Lists$StringAsImmutableList
Event: 4.834 loading class com/google/common/collect/Lists$StringAsImmutableList done


Dynamic libraries:
0x00007ff608550000 - 0x00007ff60855f000 	C:\Program Files\Java\jdk-13.0.1\bin\java.exe
0x00007ffb48fe0000 - 0x00007ffb491d0000 	C:\Windows\SYSTEM32\ntdll.dll
0x00007ffb485f0000 - 0x00007ffb486a2000 	C:\Windows\System32\KERNEL32.DLL
0x00007ffb46d90000 - 0x00007ffb47033000 	C:\Windows\System32\KERNELBASE.dll
0x00007ffb44030000 - 0x00007ffb440bf000 	C:\Windows\SYSTEM32\apphelp.dll
0x00007ffb46b20000 - 0x00007ffb46c1a000 	C:\Windows\System32\ucrtbase.dll
0x00007ffb29db0000 - 0x00007ffb29dc8000 	C:\Program Files\Java\jdk-13.0.1\bin\jli.dll
0x00007ffb42b10000 - 0x00007ffb42b25000 	C:\Program Files\Java\jdk-13.0.1\bin\VCRUNTIME140.dll
0x00007ffb489f0000 - 0x00007ffb48a93000 	C:\Windows\System32\ADVAPI32.dll
0x00007ffb472c0000 - 0x00007ffb4735e000 	C:\Windows\System32\msvcrt.dll
0x00007ffb47090000 - 0x00007ffb47127000 	C:\Windows\System32\sechost.dll
0x00007ffb484c0000 - 0x00007ffb485e0000 	C:\Windows\System32\RPCRT4.dll
0x00007ffb48c40000 - 0x00007ffb48dd4000 	C:\Windows\System32\USER32.dll
0x00007ffb46d30000 - 0x00007ffb46d51000 	C:\Windows\System32\win32u.dll
0x00007ffb47da0000 - 0x00007ffb47dc6000 	C:\Windows\System32\GDI32.dll
0x00007ffb2dd50000 - 0x00007ffb2dfd5000 	C:\Windows\WinSxS\amd64_microsoft.windows.common-controls_6595b64144ccf1df_6.0.18362.476_none_e6c4b11b130f2595\COMCTL32.dll
0x00007ffb46900000 - 0x00007ffb46a94000 	C:\Windows\System32\gdi32full.dll
0x00007ffb486b0000 - 0x00007ffb489e6000 	C:\Windows\System32\combase.dll
0x00007ffb45f70000 - 0x00007ffb4600e000 	C:\Windows\System32\msvcp_win.dll
0x00007ffb46aa0000 - 0x00007ffb46b20000 	C:\Windows\System32\bcryptPrimitives.dll
0x00007ffb3f8b0000 - 0x00007ffb3f8ba000 	C:\Windows\SYSTEM32\VERSION.dll
0x00007ffb47290000 - 0x00007ffb472be000 	C:\Windows\System32\IMM32.DLL
0x00007ffae4de0000 - 0x00007ffae4e7b000 	C:\Program Files\Java\jdk-13.0.1\bin\msvcp140.dll
0x00007ffaad810000 - 0x00007ffaae376000 	C:\Program Files\Java\jdk-13.0.1\bin\server\jvm.dll
0x00007ffb47ce0000 - 0x00007ffb47ce8000 	C:\Windows\System32\PSAPI.DLL
0x00007ffb2e9d0000 - 0x00007ffb2e9d9000 	C:\Windows\SYSTEM32\WSOCK32.dll
0x00007ffb408a0000 - 0x00007ffb408c4000 	C:\Windows\SYSTEM32\WINMM.dll
0x00007ffb48eb0000 - 0x00007ffb48f1f000 	C:\Windows\System32\WS2_32.dll
0x00007ffb40870000 - 0x00007ffb4089d000 	C:\Windows\SYSTEM32\winmmbase.dll
0x00007ffb47040000 - 0x00007ffb4708a000 	C:\Windows\System32\cfgmgr32.dll
0x00007ffb45ec0000 - 0x00007ffb45ed1000 	C:\Windows\System32\kernel.appcore.dll
0x00007ffb410b0000 - 0x00007ffb410c0000 	C:\Program Files\Java\jdk-13.0.1\bin\verify.dll
0x00007ffb39270000 - 0x00007ffb39464000 	C:\Windows\SYSTEM32\DBGHELP.DLL
0x00007ffb29530000 - 0x00007ffb2955a000 	C:\Windows\SYSTEM32\dbgcore.DLL
0x00007ffb370f0000 - 0x00007ffb37116000 	C:\Program Files\Java\jdk-13.0.1\bin\java.dll
0x00007ffb37060000 - 0x00007ffb37077000 	C:\Program Files\Java\jdk-13.0.1\bin\zip.dll
0x00007ffb40350000 - 0x00007ffb4035a000 	C:\Program Files\Java\jdk-13.0.1\bin\jimage.dll
0x00007ffb47dd0000 - 0x00007ffb484b5000 	C:\Windows\System32\SHELL32.dll
0x00007ffb47cf0000 - 0x00007ffb47d99000 	C:\Windows\System32\shcore.dll
0x00007ffb46010000 - 0x00007ffb4678e000 	C:\Windows\System32\windows.storage.dll
0x00007ffb45f50000 - 0x00007ffb45f6f000 	C:\Windows\System32\profapi.dll
0x00007ffb45ee0000 - 0x00007ffb45f2a000 	C:\Windows\System32\powrprof.dll
0x00007ffb45eb0000 - 0x00007ffb45ec0000 	C:\Windows\System32\UMPDC.dll
0x00007ffb475c0000 - 0x00007ffb47612000 	C:\Windows\System32\shlwapi.dll
0x00007ffb46790000 - 0x00007ffb467a7000 	C:\Windows\System32\cryptsp.dll
0x00007ffb36bd0000 - 0x00007ffb36be9000 	C:\Program Files\Java\jdk-13.0.1\bin\net.dll
0x00007ffb418b0000 - 0x00007ffb419a0000 	C:\Windows\SYSTEM32\WINHTTP.dll
0x00007ffb45720000 - 0x00007ffb45787000 	C:\Windows\system32\mswsock.dll
0x00007ffb362d0000 - 0x00007ffb362e3000 	C:\Program Files\Java\jdk-13.0.1\bin\nio.dll
0x0000000064940000 - 0x0000000064955000 	C:\Users\Gagan\.javacpp\cache\mkl-dnn-0.18.1-1.5-windows-x86_64.jar\org\bytedeco\mkldnn\windows-x86_64\libwinpthread-1.dll
0x0000000061440000 - 0x000000006145c000 	C:\Users\Gagan\.javacpp\cache\mkl-dnn-0.18.1-1.5-windows-x86_64.jar\org\bytedeco\mkldnn\windows-x86_64\libgcc_s_seh-1.dll
0x0000000063600000 - 0x000000006362f000 	C:\Users\Gagan\.javacpp\cache\mkl-dnn-0.18.1-1.5-windows-x86_64.jar\org\bytedeco\mkldnn\windows-x86_64\libgomp-1.dll
0x000000006fc40000 - 0x000000006fda6000 	C:\Users\Gagan\.javacpp\cache\mkl-dnn-0.18.1-1.5-windows-x86_64.jar\org\bytedeco\mkldnn\windows-x86_64\libstdc++-6.dll
0x00007ffae94b0000 - 0x00007ffae959f000 	C:\Users\Gagan\.javacpp\cache\mkl-dnn-0.18.1-1.5-windows-x86_64.jar\org\bytedeco\mkldnn\windows-x86_64\msvcr120.dll
0x00007ffae7390000 - 0x00007ffae7559000 	C:\Users\Gagan\.javacpp\cache\mkl-dnn-0.18.1-1.5-windows-x86_64.jar\org\bytedeco\mkldnn\windows-x86_64\libiomp5md.dll
0x00007ffa9baf0000 - 0x00007ffaa1361000 	C:\Users\Gagan\.javacpp\cache\mkl-dnn-0.18.1-1.5-windows-x86_64.jar\org\bytedeco\mkldnn\windows-x86_64\mklml.dll
0x0000000062100000 - 0x000000006289a000 	C:\Users\Gagan\.javacpp\cache\mkl-dnn-0.18.1-1.5-windows-x86_64.jar\org\bytedeco\mkldnn\windows-x86_64\libmkldnn.dll
0x0000000069480000 - 0x000000006d161000 	C:\Users\Gagan\.javacpp\cache\nd4j-native-1.0.0-beta4-windows-x86_64.jar\org\nd4j\nativeblas\windows-x86_64\libnd4jcpu.dll
0x0000000066880000 - 0x0000000066b8d000 	C:\Users\Gagan\.javacpp\cache\nd4j-native-1.0.0-beta4-windows-x86_64.jar\org\nd4j\nativeblas\windows-x86_64\jnind4jcpu.dll
0x00007ffa96270000 - 0x00007ffa9bae1000 	C:\Users\Gagan\.javacpp\cache\mkl-dnn-0.18.1-1.5-windows-x86_64.jar\org\bytedeco\mkldnn\windows-x86_64\libopenblas_nolapack.dll
0x0000000071000000 - 0x000000007105f000 	C:\Users\Gagan\.javacpp\cache\openblas-0.3.5-1.5-windows-x86_64.jar\org\bytedeco\openblas\windows-x86_64\jniopenblas_nolapack.dll
0x00007ffadc980000 - 0x00007ffadcb19000 	C:\Program Files\Java\jdk-13.0.1\bin\awt.dll
0x00007ffb47490000 - 0x00007ffb47554000 	C:\Windows\System32\OLEAUT32.dll
0x00007ffb42c50000 - 0x00007ffb43210000 	C:\Windows\SYSTEM32\d2d1.dll
0x00007ffb27830000 - 0x00007ffb2785d000 	C:\Program Files\Java\jdk-13.0.1\bin\javajpeg.dll
0x00007ffb44560000 - 0x00007ffb4458d000 	C:\Windows\system32\DWMAPI.DLL
0x00007ffb44120000 - 0x00007ffb441b9000 	C:\Windows\system32\uxtheme.dll
0x00007ffb45290000 - 0x00007ffb452c3000 	C:\Windows\system32\rsaenh.dll
0x00007ffb46d60000 - 0x00007ffb46d86000 	C:\Windows\System32\bcrypt.dll
0x00007ffb45da0000 - 0x00007ffb45dc5000 	C:\Windows\SYSTEM32\USERENV.dll
0x00007ffb458f0000 - 0x00007ffb458fc000 	C:\Windows\SYSTEM32\CRYPTBASE.dll
0x00007ffb45430000 - 0x00007ffb4546a000 	C:\Windows\SYSTEM32\IPHLPAPI.DLL
0x00007ffb485e0000 - 0x00007ffb485e8000 	C:\Windows\System32\NSI.dll
0x00007ffb3fe00000 - 0x00007ffb3fe16000 	C:\Windows\SYSTEM32\dhcpcsvc6.DLL
0x00007ffb3fde0000 - 0x00007ffb3fdfc000 	C:\Windows\SYSTEM32\dhcpcsvc.DLL
0x00007ffb45470000 - 0x00007ffb4553a000 	C:\Windows\SYSTEM32\DNSAPI.dll

dbghelp: loaded successfully - version: 4.0.5 - missing functions: none
symbol engine: initialized successfully - sym options: 0x614 - pdb path: .;C:\Program Files\Java\jdk-13.0.1\bin;C:\Windows\SYSTEM32;C:\Windows\WinSxS\amd64_microsoft.windows.common-controls_6595b64144ccf1df_6.0.18362.476_none_e6c4b11b130f2595;C:\Program Files\Java\jdk-13.0.1\bin\server;C:\Users\Gagan\.javacpp\cache\mkl-dnn-0.18.1-1.5-windows-x86_64.jar\org\bytedeco\mkldnn\windows-x86_64;C:\Users\Gagan\.javacpp\cache\nd4j-native-1.0.0-beta4-windows-x86_64.jar\org\nd4j\nativeblas\windows-x86_64;C:\Users\Gagan\.javacpp\cache\openblas-0.3.5-1.5-windows-x86_64.jar\org\bytedeco\openblas\windows-x86_64

VM Arguments:
jvm_args: -Xmx3G 
java_command: com.fall2019.comp4980.TestClass
java_class_path (initial): G:\TRU\Behavioral_Biometerics\Final_Project\Facial-Recognition\FinalProject\comp4980\target\classes;C:\Users\Gagan\.m2\repository\org\slf4j\slf4j-jdk14\1.7.25\slf4j-jdk14-1.7.25.jar;C:\Users\Gagan\.m2\repository\org\slf4j\slf4j-api\1.7.25\slf4j-api-1.7.25.jar;C:\Users\Gagan\.m2\repository\org\deeplearning4j\deeplearning4j-nlp\1.0.0-beta4\deeplearning4j-nlp-1.0.0-beta4.jar;C:\Users\Gagan\.m2\repository\org\nd4j\nd4j-native-api\1.0.0-beta4\nd4j-native-api-1.0.0-beta4.jar;C:\Users\Gagan\.m2\repository\org\bytedeco\javacpp\1.5\javacpp-1.5.jar;C:\Users\Gagan\.m2\repository\commons-lang\commons-lang\2.6\commons-lang-2.6.jar;C:\Users\Gagan\.m2\repository\org\threadly\threadly\4.10.0\threadly-4.10.0.jar;C:\Users\Gagan\.m2\repository\org\objenesis\objenesis\2.6\objenesis-2.6.jar;C:\Users\Gagan\.m2\repository\org\nd4j\nd4j-jackson\1.0.0-beta4\nd4j-jackson-1.0.0-beta4.jar;C:\Users\Gagan\.m2\repository\org\apache\commons\commons-lang3\3.6\commons-lang3-3.6.jar;C:\Users\Gagan\.m2\repository\org\deeplearning4j\deeplearning4j-core\1.0.0-beta4\deeplearning4j-core-1.0.0-beta4.jar;C:\Users\Gagan\.m2\repository\org\deeplearning4j\deeplearning4j-tsne\1.0.0-beta4\deeplearning4j-tsne-1.0.0-beta4.jar;C:\Users\Gagan\.m2\repository\org\deeplearning4j\nearestneighbor-core\1.0.0-beta4\nearestneighbor-core-1.0.0-beta4.jar;C:\Users\Gagan\.m2\repository\org\deeplearning4j\deeplearning4j-datasets\1.0.0-beta4\deeplearning4j-datasets-1.0.0-beta4.jar;C:\Users\Gagan\.m2\repository\org\deeplearning4j\deeplearning4j-common\1.0.0-beta4\deeplearning4j-common-1.0.0-beta4.jar;C:\Users\Gagan\.m2\repository\org\deeplearning4j\deeplearning4j-datavec-iterators\1.0.0-beta4\deeplearning4j-datavec-iterators-1.0.0-beta4.jar;C:\Users\Gagan\.m2\repository\org\deeplearning4j\deeplearning4j-modelimport\1.0.0-beta4\deeplearning4j-modelimport-1.0.0-beta4.jar;C:\Users\Gagan\.m2\repository\org\bytedeco\hdf5-platform\1.10.5-1.5\hdf5-platform-1.10.5-1.5.jar;C:\Users\Gagan\.m2\repository\org\byte
Launcher Type: SUN_STANDARD

[Global flags]
     intx CICompilerCount                          = 4                                         {product} {ergonomic}
     uint ConcGCThreads                            = 3                                         {product} {ergonomic}
     uint G1ConcRefinementThreads                  = 10                                        {product} {ergonomic}
   size_t G1HeapRegionSize                         = 1048576                                   {product} {ergonomic}
    uintx GCDrainStackTargetSize                   = 64                                        {product} {ergonomic}
   size_t InitialHeapSize                          = 264241152                                 {product} {ergonomic}
   size_t MarkStackSize                            = 4194304                                   {product} {ergonomic}
   size_t MaxHeapSize                              = 3221225472                                {product} {command line}
   size_t MaxNewSize                               = 1932525568                                {product} {ergonomic}
   size_t MinHeapDeltaBytes                        = 1048576                                   {product} {ergonomic}
   size_t MinHeapSize                              = 8388608                                   {product} {ergonomic}
    uintx NonNMethodCodeHeapSize                   = 5836300                                {pd product} {ergonomic}
    uintx NonProfiledCodeHeapSize                  = 122910970                              {pd product} {ergonomic}
    uintx ProfiledCodeHeapSize                     = 122910970                              {pd product} {ergonomic}
    uintx ReservedCodeCacheSize                    = 251658240                              {pd product} {ergonomic}
     bool SegmentedCodeCache                       = true                                      {product} {ergonomic}
   size_t SoftMaxHeapSize                          = 3221225472                             {manageable} {ergonomic}
     bool UseCompressedClassPointers               = true                                 {lp64_product} {ergonomic}
     bool UseCompressedOops                        = true                                 {lp64_product} {ergonomic}
     bool UseG1GC                                  = true                                      {product} {ergonomic}
     bool UseLargePagesIndividualAllocation        = false                                  {pd product} {ergonomic}

Logging:
Log output configuration:
 #0: stdout all=warning uptime,level,tags
 #1: stderr all=off uptime,level,tags

Environment Variables:
JAVA_HOME=C:\Program Files\Java\jdk-13.0.1
PATH=C:\Windows\system32;C:\Windows;C:\Windows\System32\Wbem;C:\Windows\System32\WindowsPowerShell\v1.0\;C:\Windows\System32\OpenSSH\;C:\Program Files (x86)\NVIDIA Corporation\PhysX\Common;C:\Program Files\NVIDIA Corporation\NVIDIA NGX;C:\Program Files\NVIDIA Corporation\NVIDIA NvDLISR;C:\Program Files\Git\cmd;C:\Program Files\nodejs\;C:\Users\Gagan\Miniconda3;C:\Users\Gagan\Miniconda3\Library\mingw-w64\bin;C:\Users\Gagan\Miniconda3\Library\usr\bin;C:\Users\Gagan\Miniconda3\Library\bin;C:\Users\Gagan\Miniconda3\Scripts;C:\Users\Gagan\AppData\Local\Microsoft\WindowsApps;C:\Users\Gagan\AppData\Local\Programs\Microsoft VS Code\bin;C:\Users\Gagan\AppData\Local\atom\bin;C:\Users\Gagan\AppData\Roaming\npm;C:\Program Files\JetBrains\IntelliJ IDEA 2019.2.4\bin;
USERNAME=Gagan
OS=Windows_NT
PROCESSOR_IDENTIFIER=Intel64 Family 6 Model 158 Stepping 10, GenuineIntel



---------------  S Y S T E M  ---------------

OS: Windows 10 , 64 bit Build 18362 (10.0.18362.329)

CPU:total 12 (initial active 12) (6 cores per cpu, 2 threads per core) family 6 model 158 stepping 10, cmov, cx8, fxsr, mmx, sse, sse2, sse3, ssse3, sse4.1, sse4.2, popcnt, avx, avx2, aes, clmul, erms, 3dnowpref, lzcnt, ht, tsc, tscinvbit, bmi1, bmi2, adx, fma

Memory: 4k page, system-wide physical 16111M (1370M free)
TotalPageFile size 43628M (AvailPageFile size 863M)
current process WorkingSet (physical memory assigned to process): 313M, peak: 414M
current process commit charge ("private bytes"): 608M, peak: 1472M

vm_info: Java HotSpot(TM) 64-Bit Server VM (13.0.1+9) for windows-amd64 JRE (13.0.1+9), built on Oct  6 2019 12:37:49 by "mach5one" with unknown MS VC++:1916

END.
