#
# There is insufficient memory for the Java Runtime Environment to continue.
# Native memory allocation (malloc) failed to allocate 801296 bytes for Chunk::new
# Possible reasons:
#   The system is out of physical RAM or swap space
#   The process is running with CompressedOops enabled, and the Java Heap may be blocking the growth of the native heap
# Possible solutions:
#   Reduce memory load on the system
#   Increase physical memory or swap space
#   Check if swap backing store is full
#   Decrease Java heap size (-Xmx/-Xms)
#   Decrease number of Java threads
#   Decrease Java thread stack sizes (-Xss)
#   Set larger code cache with -XX:ReservedCodeCacheSize=
#   JVM is running with Zero Based Compressed Oops mode in which the Java heap is
#     placed in the first 32GB address space. The Java Heap base address is the
#     maximum limit for the native heap growth. Please use -XX:HeapBaseMinAddress
#     to set the Java Heap base and to place the Java Heap above 32GB virtual address.
# This output file may be truncated or incomplete.
#
#  Out of Memory Error (t:/workspace/open/src/hotspot/share/memory/arena.cpp:196), pid=19644, tid=23240
#
# JRE version: Java(TM) SE Runtime Environment (13.0.1+9) (build 13.0.1+9)
# Java VM: Java HotSpot(TM) 64-Bit Server VM (13.0.1+9, mixed mode, sharing, tiered, compressed oops, g1 gc, windows-amd64)
# No core dump will be written. Minidumps are not enabled by default on client versions of Windows
#

---------------  S U M M A R Y ------------

Command Line: -Xmx3G com.fall2019.comp4980.TestClass

Host: Intel(R) Core(TM) i7-9750H CPU @ 2.60GHz, 12 cores, 15G,  Windows 10 , 64 bit Build 18362 (10.0.18362.329)
Time: Sat Nov 30 02:22:01 2019 Pacific Standard Time elapsed time: 3 seconds (0d 0h 0m 3s)

---------------  T H R E A D  ---------------

Current thread (0x000002cb7d308000):  JavaThread "C2 CompilerThread1" daemon [_thread_in_native, id=23240, stack(0x000000dc36a00000,0x000000dc36b00000)]


Current CompileTask:
C2:   3441 2731   !   4       jdk.internal.loader.BuiltinClassLoader::findResource (154 bytes)

Stack: [0x000000dc36a00000,0x000000dc36b00000]
Native frames: (J=compiled Java code, j=interpreted, Vv=VM code, C=native code)
V  [jvm.dll+0x626eca]
V  [jvm.dll+0x772c6a]
V  [jvm.dll+0x77441f]
V  [jvm.dll+0x774a23]
V  [jvm.dll+0x24da58]
V  [jvm.dll+0xc3ae7]
V  [jvm.dll+0xc406c]
V  [jvm.dll+0x35de18]
V  [jvm.dll+0x329593]
V  [jvm.dll+0x32896a]
V  [jvm.dll+0x2078c7]
V  [jvm.dll+0x206adf]
V  [jvm.dll+0x18b94c]
V  [jvm.dll+0x2159bd]
V  [jvm.dll+0x213e6b]
V  [jvm.dll+0x738b16]
V  [jvm.dll+0x731c0a]
V  [jvm.dll+0x6260c6]
C  [ucrtbase.dll+0x20e72]
C  [KERNEL32.DLL+0x17bd4]
C  [ntdll.dll+0x6ced1]


---------------  P R O C E S S  ---------------

Threads class SMR info:
_java_thread_list=0x000002cb7d12b190, length=15, elements={
0x000002cb58f63000, 0x000002cb7a9fc800, 0x000002cb7aa00000, 0x000002cb7b2a1800,
0x000002cb7b2a2800, 0x000002cb7b2a3800, 0x000002cb7b2ab000, 0x000002cb7b2af000,
0x000002cb7b3f8000, 0x000002cb7b408000, 0x000002cb7c6ac000, 0x000002cb7caeb800,
0x000002cb7d12c000, 0x000002cb7cb9d000, 0x000002cb7d308000
}

Java Threads: ( => current thread )
  0x000002cb58f63000 JavaThread "main" [_thread_in_Java, id=8488, stack(0x000000dc34b00000,0x000000dc34c00000)]
  0x000002cb7a9fc800 JavaThread "Reference Handler" daemon [_thread_blocked, id=5528, stack(0x000000dc35200000,0x000000dc35300000)]
  0x000002cb7aa00000 JavaThread "Finalizer" daemon [_thread_blocked, id=11656, stack(0x000000dc35300000,0x000000dc35400000)]
  0x000002cb7b2a1800 JavaThread "Signal Dispatcher" daemon [_thread_blocked, id=3636, stack(0x000000dc35400000,0x000000dc35500000)]
  0x000002cb7b2a2800 JavaThread "Attach Listener" daemon [_thread_blocked, id=4744, stack(0x000000dc35500000,0x000000dc35600000)]
  0x000002cb7b2a3800 JavaThread "C2 CompilerThread0" daemon [_thread_blocked, id=14416, stack(0x000000dc35600000,0x000000dc35700000)]
  0x000002cb7b2ab000 JavaThread "C1 CompilerThread0" daemon [_thread_blocked, id=22172, stack(0x000000dc35700000,0x000000dc35800000)]
  0x000002cb7b2af000 JavaThread "Sweeper thread" daemon [_thread_blocked, id=24824, stack(0x000000dc35800000,0x000000dc35900000)]
  0x000002cb7b3f8000 JavaThread "Service Thread" daemon [_thread_blocked, id=6584, stack(0x000000dc35900000,0x000000dc35a00000)]
  0x000002cb7b408000 JavaThread "Common-Cleaner" daemon [_thread_blocked, id=27508, stack(0x000000dc35b00000,0x000000dc35c00000)]
  0x000002cb7c6ac000 JavaThread "JavaCPP Deallocator" daemon [_thread_blocked, id=23920, stack(0x000000dc36200000,0x000000dc36300000)]
  0x000002cb7caeb800 JavaThread "Java2D Disposer" daemon [_thread_blocked, id=11840, stack(0x000000dc36800000,0x000000dc36900000)]
  0x000002cb7d12c000 JavaThread "DeallocatorServiceThread_0" daemon [_thread_blocked, id=21868, stack(0x000000dc35c00000,0x000000dc35d00000)]
  0x000002cb7cb9d000 JavaThread "DeallocatorServiceThread_1" daemon [_thread_blocked, id=14100, stack(0x000000dc36900000,0x000000dc36a00000)]
=>0x000002cb7d308000 JavaThread "C2 CompilerThread1" daemon [_thread_in_native, id=23240, stack(0x000000dc36a00000,0x000000dc36b00000)]

Other Threads:
  0x000002cb7a9fa800 VMThread "VM Thread" [stack: 0x000000dc35100000,0x000000dc35200000] [id=16264]
  0x000002cb7b3fc000 WatcherThread [stack: 0x000000dc35a00000,0x000000dc35b00000] [id=14904]
  0x000002cb58fba000 GCTaskThread "GC Thread#0" [stack: 0x000000dc34c00000,0x000000dc34d00000] [id=22508]
  0x000002cb7c419000 GCTaskThread "GC Thread#1" [stack: 0x000000dc35d00000,0x000000dc35e00000] [id=11632]
  0x000002cb7c416800 GCTaskThread "GC Thread#2" [stack: 0x000000dc35e00000,0x000000dc35f00000] [id=24792]
  0x000002cb7c416000 GCTaskThread "GC Thread#3" [stack: 0x000000dc35f00000,0x000000dc36000000] [id=25932]
  0x000002cb7c415800 GCTaskThread "GC Thread#4" [stack: 0x000000dc36000000,0x000000dc36100000] [id=23284]
  0x000002cb7c417800 GCTaskThread "GC Thread#5" [stack: 0x000000dc36100000,0x000000dc36200000] [id=6140]
  0x000002cb58fd5800 ConcurrentGCThread "G1 Main Marker" [stack: 0x000000dc34d00000,0x000000dc34e00000] [id=13108]
  0x000002cb58fd9000 ConcurrentGCThread "G1 Conc#0" [stack: 0x000000dc34e00000,0x000000dc34f00000] [id=21020]
  0x000002cb7a8f3800 ConcurrentGCThread "G1 Refine#0" [stack: 0x000000dc34f00000,0x000000dc35000000] [id=26732]
  0x000002cb7a8f5800 ConcurrentGCThread "G1 Young RemSet Sampling" [stack: 0x000000dc35000000,0x000000dc35100000] [id=8812]

Threads with active compile tasks:
C2 CompilerThread1     3464 2731   !   4       jdk.internal.loader.BuiltinClassLoader::findResource (154 bytes)

VM state:not at safepoint (normal execution)

VM Mutex/Monitor currently owned by a thread: None

Heap address: 0x0000000740000000, size: 3072 MB, Compressed Oops mode: Zero based, Oop shift amount: 3
Narrow klass base: 0x0000000800000000, Narrow klass shift: 3
Compressed class space size: 1073741824 Address: 0x0000000800b40000

Heap:
 garbage-first heap   total 258048K, used 143874K [0x0000000740000000, 0x0000000800000000)
  region size 1024K, 135 young (138240K), 7 survivors (7168K)
 Metaspace       used 18275K, capacity 18555K, committed 18688K, reserved 1064960K
  class space    used 2082K, capacity 2206K, committed 2304K, reserved 1048576K
Heap Regions: E=young(eden), S=young(survivor), O=old, HS=humongous(starts), HC=humongous(continues), CS=collection set, F=free, A=archive, TAMS=top-at-mark-start (previous, next)
|   0|0x0000000740000000, 0x0000000740100000, 0x0000000740100000|100%|HS|  |TAMS 0x0000000740000000, 0x0000000740000000| Complete 
|   1|0x0000000740100000, 0x0000000740200000, 0x0000000740200000|100%|HC|  |TAMS 0x0000000740100000, 0x0000000740100000| Complete 
|   2|0x0000000740200000, 0x0000000740300000, 0x0000000740300000|100%| O|  |TAMS 0x0000000740200000, 0x0000000740200000| Untracked 
|   3|0x0000000740300000, 0x0000000740400000, 0x0000000740400000|100%| O|  |TAMS 0x0000000740300000, 0x0000000740300000| Untracked 
|   4|0x0000000740400000, 0x0000000740500000, 0x0000000740500000|100%| O|  |TAMS 0x0000000740400000, 0x0000000740400000| Untracked 
|   5|0x0000000740500000, 0x0000000740600000, 0x0000000740600000|100%| O|  |TAMS 0x0000000740500000, 0x0000000740500000| Untracked 
|   6|0x0000000740600000, 0x0000000740700000, 0x0000000740700000|100%| O|  |TAMS 0x0000000740600000, 0x0000000740600000| Untracked 
|   7|0x0000000740700000, 0x0000000740740000, 0x0000000740800000| 25%| O|  |TAMS 0x0000000740700000, 0x0000000740700000| Untracked 
|   8|0x0000000740800000, 0x0000000740800000, 0x0000000740900000|  0%| F|  |TAMS 0x0000000740800000, 0x0000000740800000| Untracked 
|   9|0x0000000740900000, 0x0000000740900000, 0x0000000740a00000|  0%| F|  |TAMS 0x0000000740900000, 0x0000000740900000| Untracked 
|  10|0x0000000740a00000, 0x0000000740a00000, 0x0000000740b00000|  0%| F|  |TAMS 0x0000000740a00000, 0x0000000740a00000| Untracked 
|  11|0x0000000740b00000, 0x0000000740b00000, 0x0000000740c00000|  0%| F|  |TAMS 0x0000000740b00000, 0x0000000740b00000| Untracked 
|  12|0x0000000740c00000, 0x0000000740c00000, 0x0000000740d00000|  0%| F|  |TAMS 0x0000000740c00000, 0x0000000740c00000| Untracked 
|  13|0x0000000740d00000, 0x0000000740d00000, 0x0000000740e00000|  0%| F|  |TAMS 0x0000000740d00000, 0x0000000740d00000| Untracked 
|  14|0x0000000740e00000, 0x0000000740e00000, 0x0000000740f00000|  0%| F|  |TAMS 0x0000000740e00000, 0x0000000740e00000| Untracked 
|  15|0x0000000740f00000, 0x0000000740f00000, 0x0000000741000000|  0%| F|  |TAMS 0x0000000740f00000, 0x0000000740f00000| Untracked 
|  16|0x0000000741000000, 0x0000000741000000, 0x0000000741100000|  0%| F|  |TAMS 0x0000000741000000, 0x0000000741000000| Untracked 
|  17|0x0000000741100000, 0x0000000741100000, 0x0000000741200000|  0%| F|  |TAMS 0x0000000741100000, 0x0000000741100000| Untracked 
|  18|0x0000000741200000, 0x0000000741200000, 0x0000000741300000|  0%| F|  |TAMS 0x0000000741200000, 0x0000000741200000| Untracked 
|  19|0x0000000741300000, 0x0000000741300000, 0x0000000741400000|  0%| F|  |TAMS 0x0000000741300000, 0x0000000741300000| Untracked 
|  20|0x0000000741400000, 0x0000000741400000, 0x0000000741500000|  0%| F|  |TAMS 0x0000000741400000, 0x0000000741400000| Untracked 
|  21|0x0000000741500000, 0x0000000741500000, 0x0000000741600000|  0%| F|  |TAMS 0x0000000741500000, 0x0000000741500000| Untracked 
|  22|0x0000000741600000, 0x0000000741600000, 0x0000000741700000|  0%| F|  |TAMS 0x0000000741600000, 0x0000000741600000| Untracked 
|  23|0x0000000741700000, 0x0000000741700000, 0x0000000741800000|  0%| F|  |TAMS 0x0000000741700000, 0x0000000741700000| Untracked 
|  24|0x0000000741800000, 0x0000000741800000, 0x0000000741900000|  0%| F|  |TAMS 0x0000000741800000, 0x0000000741800000| Untracked 
|  25|0x0000000741900000, 0x0000000741900000, 0x0000000741a00000|  0%| F|  |TAMS 0x0000000741900000, 0x0000000741900000| Untracked 
|  26|0x0000000741a00000, 0x0000000741a00000, 0x0000000741b00000|  0%| F|  |TAMS 0x0000000741a00000, 0x0000000741a00000| Untracked 
|  27|0x0000000741b00000, 0x0000000741b00000, 0x0000000741c00000|  0%| F|  |TAMS 0x0000000741b00000, 0x0000000741b00000| Untracked 
|  28|0x0000000741c00000, 0x0000000741c00000, 0x0000000741d00000|  0%| F|  |TAMS 0x0000000741c00000, 0x0000000741c00000| Untracked 
|  29|0x0000000741d00000, 0x0000000741d00000, 0x0000000741e00000|  0%| F|  |TAMS 0x0000000741d00000, 0x0000000741d00000| Untracked 
|  30|0x0000000741e00000, 0x0000000741e00000, 0x0000000741f00000|  0%| F|  |TAMS 0x0000000741e00000, 0x0000000741e00000| Untracked 
|  31|0x0000000741f00000, 0x0000000741f00000, 0x0000000742000000|  0%| F|  |TAMS 0x0000000741f00000, 0x0000000741f00000| Untracked 
|  32|0x0000000742000000, 0x0000000742000000, 0x0000000742100000|  0%| F|  |TAMS 0x0000000742000000, 0x0000000742000000| Untracked 
|  33|0x0000000742100000, 0x0000000742100000, 0x0000000742200000|  0%| F|  |TAMS 0x0000000742100000, 0x0000000742100000| Untracked 
|  34|0x0000000742200000, 0x0000000742200000, 0x0000000742300000|  0%| F|  |TAMS 0x0000000742200000, 0x0000000742200000| Untracked 
|  35|0x0000000742300000, 0x0000000742300000, 0x0000000742400000|  0%| F|  |TAMS 0x0000000742300000, 0x0000000742300000| Untracked 
|  36|0x0000000742400000, 0x0000000742400000, 0x0000000742500000|  0%| F|  |TAMS 0x0000000742400000, 0x0000000742400000| Untracked 
|  37|0x0000000742500000, 0x0000000742500000, 0x0000000742600000|  0%| F|  |TAMS 0x0000000742500000, 0x0000000742500000| Untracked 
|  38|0x0000000742600000, 0x0000000742600000, 0x0000000742700000|  0%| F|  |TAMS 0x0000000742600000, 0x0000000742600000| Untracked 
|  39|0x0000000742700000, 0x0000000742700000, 0x0000000742800000|  0%| F|  |TAMS 0x0000000742700000, 0x0000000742700000| Untracked 
|  40|0x0000000742800000, 0x0000000742800000, 0x0000000742900000|  0%| F|  |TAMS 0x0000000742800000, 0x0000000742800000| Untracked 
|  41|0x0000000742900000, 0x0000000742900000, 0x0000000742a00000|  0%| F|  |TAMS 0x0000000742900000, 0x0000000742900000| Untracked 
|  42|0x0000000742a00000, 0x0000000742a00000, 0x0000000742b00000|  0%| F|  |TAMS 0x0000000742a00000, 0x0000000742a00000| Untracked 
|  43|0x0000000742b00000, 0x0000000742b00000, 0x0000000742c00000|  0%| F|  |TAMS 0x0000000742b00000, 0x0000000742b00000| Untracked 
|  44|0x0000000742c00000, 0x0000000742c00000, 0x0000000742d00000|  0%| F|  |TAMS 0x0000000742c00000, 0x0000000742c00000| Untracked 
|  45|0x0000000742d00000, 0x0000000742d00000, 0x0000000742e00000|  0%| F|  |TAMS 0x0000000742d00000, 0x0000000742d00000| Untracked 
|  46|0x0000000742e00000, 0x0000000742e00000, 0x0000000742f00000|  0%| F|  |TAMS 0x0000000742e00000, 0x0000000742e00000| Untracked 
|  47|0x0000000742f00000, 0x0000000742f00000, 0x0000000743000000|  0%| F|  |TAMS 0x0000000742f00000, 0x0000000742f00000| Untracked 
|  48|0x0000000743000000, 0x0000000743000000, 0x0000000743100000|  0%| F|  |TAMS 0x0000000743000000, 0x0000000743000000| Untracked 
|  49|0x0000000743100000, 0x0000000743100000, 0x0000000743200000|  0%| F|  |TAMS 0x0000000743100000, 0x0000000743100000| Untracked 
|  50|0x0000000743200000, 0x0000000743200000, 0x0000000743300000|  0%| F|  |TAMS 0x0000000743200000, 0x0000000743200000| Untracked 
|  51|0x0000000743300000, 0x0000000743300000, 0x0000000743400000|  0%| F|  |TAMS 0x0000000743300000, 0x0000000743300000| Untracked 
|  52|0x0000000743400000, 0x0000000743400000, 0x0000000743500000|  0%| F|  |TAMS 0x0000000743400000, 0x0000000743400000| Untracked 
|  53|0x0000000743500000, 0x0000000743500000, 0x0000000743600000|  0%| F|  |TAMS 0x0000000743500000, 0x0000000743500000| Untracked 
|  54|0x0000000743600000, 0x0000000743600000, 0x0000000743700000|  0%| F|  |TAMS 0x0000000743600000, 0x0000000743600000| Untracked 
|  55|0x0000000743700000, 0x0000000743700000, 0x0000000743800000|  0%| F|  |TAMS 0x0000000743700000, 0x0000000743700000| Untracked 
|  56|0x0000000743800000, 0x0000000743800000, 0x0000000743900000|  0%| F|  |TAMS 0x0000000743800000, 0x0000000743800000| Untracked 
|  57|0x0000000743900000, 0x0000000743900000, 0x0000000743a00000|  0%| F|  |TAMS 0x0000000743900000, 0x0000000743900000| Untracked 
|  58|0x0000000743a00000, 0x0000000743a00000, 0x0000000743b00000|  0%| F|  |TAMS 0x0000000743a00000, 0x0000000743a00000| Untracked 
|  59|0x0000000743b00000, 0x0000000743b00000, 0x0000000743c00000|  0%| F|  |TAMS 0x0000000743b00000, 0x0000000743b00000| Untracked 
|  60|0x0000000743c00000, 0x0000000743c00000, 0x0000000743d00000|  0%| F|  |TAMS 0x0000000743c00000, 0x0000000743c00000| Untracked 
|  61|0x0000000743d00000, 0x0000000743d00000, 0x0000000743e00000|  0%| F|  |TAMS 0x0000000743d00000, 0x0000000743d00000| Untracked 
|  62|0x0000000743e00000, 0x0000000743e00000, 0x0000000743f00000|  0%| F|  |TAMS 0x0000000743e00000, 0x0000000743e00000| Untracked 
|  63|0x0000000743f00000, 0x0000000743f00000, 0x0000000744000000|  0%| F|  |TAMS 0x0000000743f00000, 0x0000000743f00000| Untracked 
|  64|0x0000000744000000, 0x0000000744000000, 0x0000000744100000|  0%| F|  |TAMS 0x0000000744000000, 0x0000000744000000| Untracked 
|  65|0x0000000744100000, 0x0000000744100000, 0x0000000744200000|  0%| F|  |TAMS 0x0000000744100000, 0x0000000744100000| Untracked 
|  66|0x0000000744200000, 0x0000000744200000, 0x0000000744300000|  0%| F|  |TAMS 0x0000000744200000, 0x0000000744200000| Untracked 
|  67|0x0000000744300000, 0x0000000744300000, 0x0000000744400000|  0%| F|  |TAMS 0x0000000744300000, 0x0000000744300000| Untracked 
|  68|0x0000000744400000, 0x0000000744400000, 0x0000000744500000|  0%| F|  |TAMS 0x0000000744400000, 0x0000000744400000| Untracked 
|  69|0x0000000744500000, 0x0000000744500000, 0x0000000744600000|  0%| F|  |TAMS 0x0000000744500000, 0x0000000744500000| Untracked 
|  70|0x0000000744600000, 0x0000000744600000, 0x0000000744700000|  0%| F|  |TAMS 0x0000000744600000, 0x0000000744600000| Untracked 
|  71|0x0000000744700000, 0x0000000744700000, 0x0000000744800000|  0%| F|  |TAMS 0x0000000744700000, 0x0000000744700000| Untracked 
|  72|0x0000000744800000, 0x0000000744800000, 0x0000000744900000|  0%| F|  |TAMS 0x0000000744800000, 0x0000000744800000| Untracked 
|  73|0x0000000744900000, 0x0000000744900000, 0x0000000744a00000|  0%| F|  |TAMS 0x0000000744900000, 0x0000000744900000| Untracked 
|  74|0x0000000744a00000, 0x0000000744a00000, 0x0000000744b00000|  0%| F|  |TAMS 0x0000000744a00000, 0x0000000744a00000| Untracked 
|  75|0x0000000744b00000, 0x0000000744b00000, 0x0000000744c00000|  0%| F|  |TAMS 0x0000000744b00000, 0x0000000744b00000| Untracked 
|  76|0x0000000744c00000, 0x0000000744c00000, 0x0000000744d00000|  0%| F|  |TAMS 0x0000000744c00000, 0x0000000744c00000| Untracked 
|  77|0x0000000744d00000, 0x0000000744d00000, 0x0000000744e00000|  0%| F|  |TAMS 0x0000000744d00000, 0x0000000744d00000| Untracked 
|  78|0x0000000744e00000, 0x0000000744e00000, 0x0000000744f00000|  0%| F|  |TAMS 0x0000000744e00000, 0x0000000744e00000| Untracked 
|  79|0x0000000744f00000, 0x0000000744f00000, 0x0000000745000000|  0%| F|  |TAMS 0x0000000744f00000, 0x0000000744f00000| Untracked 
|  80|0x0000000745000000, 0x0000000745000000, 0x0000000745100000|  0%| F|  |TAMS 0x0000000745000000, 0x0000000745000000| Untracked 
|  81|0x0000000745100000, 0x0000000745100000, 0x0000000745200000|  0%| F|  |TAMS 0x0000000745100000, 0x0000000745100000| Untracked 
|  82|0x0000000745200000, 0x0000000745200000, 0x0000000745300000|  0%| F|  |TAMS 0x0000000745200000, 0x0000000745200000| Untracked 
|  83|0x0000000745300000, 0x0000000745300000, 0x0000000745400000|  0%| F|  |TAMS 0x0000000745300000, 0x0000000745300000| Untracked 
|  84|0x0000000745400000, 0x0000000745400000, 0x0000000745500000|  0%| F|  |TAMS 0x0000000745400000, 0x0000000745400000| Untracked 
|  85|0x0000000745500000, 0x0000000745500000, 0x0000000745600000|  0%| F|  |TAMS 0x0000000745500000, 0x0000000745500000| Untracked 
|  86|0x0000000745600000, 0x0000000745600000, 0x0000000745700000|  0%| F|  |TAMS 0x0000000745600000, 0x0000000745600000| Untracked 
|  87|0x0000000745700000, 0x0000000745700000, 0x0000000745800000|  0%| F|  |TAMS 0x0000000745700000, 0x0000000745700000| Untracked 
|  88|0x0000000745800000, 0x0000000745800000, 0x0000000745900000|  0%| F|  |TAMS 0x0000000745800000, 0x0000000745800000| Untracked 
|  89|0x0000000745900000, 0x0000000745900000, 0x0000000745a00000|  0%| F|  |TAMS 0x0000000745900000, 0x0000000745900000| Untracked 
|  90|0x0000000745a00000, 0x0000000745a00000, 0x0000000745b00000|  0%| F|  |TAMS 0x0000000745a00000, 0x0000000745a00000| Untracked 
|  91|0x0000000745b00000, 0x0000000745b00000, 0x0000000745c00000|  0%| F|  |TAMS 0x0000000745b00000, 0x0000000745b00000| Untracked 
|  92|0x0000000745c00000, 0x0000000745c00000, 0x0000000745d00000|  0%| F|  |TAMS 0x0000000745c00000, 0x0000000745c00000| Untracked 
|  93|0x0000000745d00000, 0x0000000745d00000, 0x0000000745e00000|  0%| F|  |TAMS 0x0000000745d00000, 0x0000000745d00000| Untracked 
|  94|0x0000000745e00000, 0x0000000745e40b30, 0x0000000745f00000| 25%| S|CS|TAMS 0x0000000745e00000, 0x0000000745e00000| Complete 
|  95|0x0000000745f00000, 0x0000000746000000, 0x0000000746000000|100%| S|CS|TAMS 0x0000000745f00000, 0x0000000745f00000| Complete 
|  96|0x0000000746000000, 0x0000000746100000, 0x0000000746100000|100%| S|CS|TAMS 0x0000000746000000, 0x0000000746000000| Complete 
|  97|0x0000000746100000, 0x0000000746100000, 0x0000000746200000|  0%| F|  |TAMS 0x0000000746100000, 0x0000000746100000| Untracked 
|  98|0x0000000746200000, 0x0000000746200000, 0x0000000746300000|  0%| F|  |TAMS 0x0000000746200000, 0x0000000746200000| Untracked 
|  99|0x0000000746300000, 0x0000000746300000, 0x0000000746400000|  0%| F|  |TAMS 0x0000000746300000, 0x0000000746300000| Untracked 
| 100|0x0000000746400000, 0x0000000746400000, 0x0000000746500000|  0%| F|  |TAMS 0x0000000746400000, 0x0000000746400000| Untracked 
| 101|0x0000000746500000, 0x0000000746600000, 0x0000000746600000|100%| S|CS|TAMS 0x0000000746500000, 0x0000000746500000| Complete 
| 102|0x0000000746600000, 0x0000000746700000, 0x0000000746700000|100%| S|CS|TAMS 0x0000000746600000, 0x0000000746600000| Complete 
| 103|0x0000000746700000, 0x0000000746800000, 0x0000000746800000|100%| S|CS|TAMS 0x0000000746700000, 0x0000000746700000| Complete 
| 104|0x0000000746800000, 0x0000000746900000, 0x0000000746900000|100%| S|CS|TAMS 0x0000000746800000, 0x0000000746800000| Complete 
| 105|0x0000000746900000, 0x0000000746900000, 0x0000000746a00000|  0%| F|  |TAMS 0x0000000746900000, 0x0000000746900000| Untracked 
| 106|0x0000000746a00000, 0x0000000746a00000, 0x0000000746b00000|  0%| F|  |TAMS 0x0000000746a00000, 0x0000000746a00000| Untracked 
| 107|0x0000000746b00000, 0x0000000746b00000, 0x0000000746c00000|  0%| F|  |TAMS 0x0000000746b00000, 0x0000000746b00000| Untracked 
| 108|0x0000000746c00000, 0x0000000746c00000, 0x0000000746d00000|  0%| F|  |TAMS 0x0000000746c00000, 0x0000000746c00000| Untracked 
| 109|0x0000000746d00000, 0x0000000746d00000, 0x0000000746e00000|  0%| F|  |TAMS 0x0000000746d00000, 0x0000000746d00000| Untracked 
| 110|0x0000000746e00000, 0x0000000746e00000, 0x0000000746f00000|  0%| F|  |TAMS 0x0000000746e00000, 0x0000000746e00000| Untracked 
| 111|0x0000000746f00000, 0x0000000746f00000, 0x0000000747000000|  0%| F|  |TAMS 0x0000000746f00000, 0x0000000746f00000| Untracked 
| 112|0x0000000747000000, 0x0000000747000000, 0x0000000747100000|  0%| F|  |TAMS 0x0000000747000000, 0x0000000747000000| Untracked 
| 113|0x0000000747100000, 0x0000000747100000, 0x0000000747200000|  0%| F|  |TAMS 0x0000000747100000, 0x0000000747100000| Untracked 
| 114|0x0000000747200000, 0x0000000747200000, 0x0000000747300000|  0%| F|  |TAMS 0x0000000747200000, 0x0000000747200000| Untracked 
| 115|0x0000000747300000, 0x0000000747300000, 0x0000000747400000|  0%| F|  |TAMS 0x0000000747300000, 0x0000000747300000| Untracked 
| 116|0x0000000747400000, 0x0000000747400000, 0x0000000747500000|  0%| F|  |TAMS 0x0000000747400000, 0x0000000747400000| Untracked 
| 117|0x0000000747500000, 0x0000000747500000, 0x0000000747600000|  0%| F|  |TAMS 0x0000000747500000, 0x0000000747500000| Untracked 
| 118|0x0000000747600000, 0x0000000747600000, 0x0000000747700000|  0%| F|  |TAMS 0x0000000747600000, 0x0000000747600000| Untracked 
| 119|0x0000000747700000, 0x0000000747700000, 0x0000000747800000|  0%| F|  |TAMS 0x0000000747700000, 0x0000000747700000| Untracked 
| 120|0x0000000747800000, 0x0000000747800000, 0x0000000747900000|  0%| F|  |TAMS 0x0000000747800000, 0x0000000747800000| Untracked 
| 121|0x0000000747900000, 0x0000000747a00000, 0x0000000747a00000|100%| E|  |TAMS 0x0000000747900000, 0x0000000747900000| Complete 
| 122|0x0000000747a00000, 0x0000000747b00000, 0x0000000747b00000|100%| E|CS|TAMS 0x0000000747a00000, 0x0000000747a00000| Complete 
| 123|0x0000000747b00000, 0x0000000747c00000, 0x0000000747c00000|100%| E|CS|TAMS 0x0000000747b00000, 0x0000000747b00000| Complete 
| 124|0x0000000747c00000, 0x0000000747d00000, 0x0000000747d00000|100%| E|CS|TAMS 0x0000000747c00000, 0x0000000747c00000| Complete 
| 125|0x0000000747d00000, 0x0000000747e00000, 0x0000000747e00000|100%| E|CS|TAMS 0x0000000747d00000, 0x0000000747d00000| Complete 
| 126|0x0000000747e00000, 0x0000000747f00000, 0x0000000747f00000|100%| E|CS|TAMS 0x0000000747e00000, 0x0000000747e00000| Complete 
| 127|0x0000000747f00000, 0x0000000748000000, 0x0000000748000000|100%| E|CS|TAMS 0x0000000747f00000, 0x0000000747f00000| Complete 
| 128|0x0000000748000000, 0x0000000748100000, 0x0000000748100000|100%| E|CS|TAMS 0x0000000748000000, 0x0000000748000000| Complete 
| 129|0x0000000748100000, 0x0000000748200000, 0x0000000748200000|100%| E|CS|TAMS 0x0000000748100000, 0x0000000748100000| Complete 
| 130|0x0000000748200000, 0x0000000748300000, 0x0000000748300000|100%| E|CS|TAMS 0x0000000748200000, 0x0000000748200000| Complete 
| 131|0x0000000748300000, 0x0000000748400000, 0x0000000748400000|100%| E|CS|TAMS 0x0000000748300000, 0x0000000748300000| Complete 
| 132|0x0000000748400000, 0x0000000748500000, 0x0000000748500000|100%| E|CS|TAMS 0x0000000748400000, 0x0000000748400000| Complete 
| 133|0x0000000748500000, 0x0000000748600000, 0x0000000748600000|100%| E|CS|TAMS 0x0000000748500000, 0x0000000748500000| Complete 
| 134|0x0000000748600000, 0x0000000748700000, 0x0000000748700000|100%| E|CS|TAMS 0x0000000748600000, 0x0000000748600000| Complete 
| 135|0x0000000748700000, 0x0000000748800000, 0x0000000748800000|100%| E|CS|TAMS 0x0000000748700000, 0x0000000748700000| Complete 
| 136|0x0000000748800000, 0x0000000748900000, 0x0000000748900000|100%| E|CS|TAMS 0x0000000748800000, 0x0000000748800000| Complete 
| 137|0x0000000748900000, 0x0000000748a00000, 0x0000000748a00000|100%| E|CS|TAMS 0x0000000748900000, 0x0000000748900000| Complete 
| 138|0x0000000748a00000, 0x0000000748b00000, 0x0000000748b00000|100%| E|CS|TAMS 0x0000000748a00000, 0x0000000748a00000| Complete 
| 139|0x0000000748b00000, 0x0000000748c00000, 0x0000000748c00000|100%| E|CS|TAMS 0x0000000748b00000, 0x0000000748b00000| Complete 
| 140|0x0000000748c00000, 0x0000000748d00000, 0x0000000748d00000|100%| E|CS|TAMS 0x0000000748c00000, 0x0000000748c00000| Complete 
| 141|0x0000000748d00000, 0x0000000748e00000, 0x0000000748e00000|100%| E|CS|TAMS 0x0000000748d00000, 0x0000000748d00000| Complete 
| 142|0x0000000748e00000, 0x0000000748f00000, 0x0000000748f00000|100%| E|CS|TAMS 0x0000000748e00000, 0x0000000748e00000| Complete 
| 143|0x0000000748f00000, 0x0000000749000000, 0x0000000749000000|100%| E|CS|TAMS 0x0000000748f00000, 0x0000000748f00000| Complete 
| 144|0x0000000749000000, 0x0000000749100000, 0x0000000749100000|100%| E|CS|TAMS 0x0000000749000000, 0x0000000749000000| Complete 
| 145|0x0000000749100000, 0x0000000749200000, 0x0000000749200000|100%| E|CS|TAMS 0x0000000749100000, 0x0000000749100000| Complete 
| 146|0x0000000749200000, 0x0000000749300000, 0x0000000749300000|100%| E|CS|TAMS 0x0000000749200000, 0x0000000749200000| Complete 
| 147|0x0000000749300000, 0x0000000749400000, 0x0000000749400000|100%| E|CS|TAMS 0x0000000749300000, 0x0000000749300000| Complete 
| 148|0x0000000749400000, 0x0000000749500000, 0x0000000749500000|100%| E|CS|TAMS 0x0000000749400000, 0x0000000749400000| Complete 
| 149|0x0000000749500000, 0x0000000749600000, 0x0000000749600000|100%| E|CS|TAMS 0x0000000749500000, 0x0000000749500000| Complete 
| 150|0x0000000749600000, 0x0000000749700000, 0x0000000749700000|100%| E|CS|TAMS 0x0000000749600000, 0x0000000749600000| Complete 
| 151|0x0000000749700000, 0x0000000749800000, 0x0000000749800000|100%| E|CS|TAMS 0x0000000749700000, 0x0000000749700000| Complete 
| 152|0x0000000749800000, 0x0000000749900000, 0x0000000749900000|100%| E|CS|TAMS 0x0000000749800000, 0x0000000749800000| Complete 
| 153|0x0000000749900000, 0x0000000749a00000, 0x0000000749a00000|100%| E|CS|TAMS 0x0000000749900000, 0x0000000749900000| Complete 
| 154|0x0000000749a00000, 0x0000000749b00000, 0x0000000749b00000|100%| E|CS|TAMS 0x0000000749a00000, 0x0000000749a00000| Complete 
| 155|0x0000000749b00000, 0x0000000749c00000, 0x0000000749c00000|100%| E|CS|TAMS 0x0000000749b00000, 0x0000000749b00000| Complete 
| 156|0x0000000749c00000, 0x0000000749d00000, 0x0000000749d00000|100%| E|CS|TAMS 0x0000000749c00000, 0x0000000749c00000| Complete 
| 157|0x0000000749d00000, 0x0000000749e00000, 0x0000000749e00000|100%| E|CS|TAMS 0x0000000749d00000, 0x0000000749d00000| Complete 
| 158|0x0000000749e00000, 0x0000000749f00000, 0x0000000749f00000|100%| E|CS|TAMS 0x0000000749e00000, 0x0000000749e00000| Complete 
| 159|0x0000000749f00000, 0x000000074a000000, 0x000000074a000000|100%| E|CS|TAMS 0x0000000749f00000, 0x0000000749f00000| Complete 
| 160|0x000000074a000000, 0x000000074a100000, 0x000000074a100000|100%| E|CS|TAMS 0x000000074a000000, 0x000000074a000000| Complete 
| 161|0x000000074a100000, 0x000000074a200000, 0x000000074a200000|100%| E|CS|TAMS 0x000000074a100000, 0x000000074a100000| Complete 
| 162|0x000000074a200000, 0x000000074a300000, 0x000000074a300000|100%| E|CS|TAMS 0x000000074a200000, 0x000000074a200000| Complete 
| 163|0x000000074a300000, 0x000000074a400000, 0x000000074a400000|100%| E|CS|TAMS 0x000000074a300000, 0x000000074a300000| Complete 
| 164|0x000000074a400000, 0x000000074a500000, 0x000000074a500000|100%| E|CS|TAMS 0x000000074a400000, 0x000000074a400000| Complete 
| 165|0x000000074a500000, 0x000000074a600000, 0x000000074a600000|100%| E|CS|TAMS 0x000000074a500000, 0x000000074a500000| Complete 
| 166|0x000000074a600000, 0x000000074a700000, 0x000000074a700000|100%| E|CS|TAMS 0x000000074a600000, 0x000000074a600000| Complete 
| 167|0x000000074a700000, 0x000000074a800000, 0x000000074a800000|100%| E|CS|TAMS 0x000000074a700000, 0x000000074a700000| Complete 
| 168|0x000000074a800000, 0x000000074a900000, 0x000000074a900000|100%| E|CS|TAMS 0x000000074a800000, 0x000000074a800000| Complete 
| 169|0x000000074a900000, 0x000000074aa00000, 0x000000074aa00000|100%| E|CS|TAMS 0x000000074a900000, 0x000000074a900000| Complete 
| 170|0x000000074aa00000, 0x000000074ab00000, 0x000000074ab00000|100%| E|CS|TAMS 0x000000074aa00000, 0x000000074aa00000| Complete 
| 171|0x000000074ab00000, 0x000000074ac00000, 0x000000074ac00000|100%| E|CS|TAMS 0x000000074ab00000, 0x000000074ab00000| Complete 
| 172|0x000000074ac00000, 0x000000074ad00000, 0x000000074ad00000|100%| E|CS|TAMS 0x000000074ac00000, 0x000000074ac00000| Complete 
| 173|0x000000074ad00000, 0x000000074ae00000, 0x000000074ae00000|100%| E|CS|TAMS 0x000000074ad00000, 0x000000074ad00000| Complete 
| 174|0x000000074ae00000, 0x000000074af00000, 0x000000074af00000|100%| E|CS|TAMS 0x000000074ae00000, 0x000000074ae00000| Complete 
| 175|0x000000074af00000, 0x000000074b000000, 0x000000074b000000|100%| E|CS|TAMS 0x000000074af00000, 0x000000074af00000| Complete 
| 176|0x000000074b000000, 0x000000074b100000, 0x000000074b100000|100%| E|CS|TAMS 0x000000074b000000, 0x000000074b000000| Complete 
| 177|0x000000074b100000, 0x000000074b200000, 0x000000074b200000|100%| E|CS|TAMS 0x000000074b100000, 0x000000074b100000| Complete 
| 178|0x000000074b200000, 0x000000074b300000, 0x000000074b300000|100%| E|CS|TAMS 0x000000074b200000, 0x000000074b200000| Complete 
| 179|0x000000074b300000, 0x000000074b400000, 0x000000074b400000|100%| E|CS|TAMS 0x000000074b300000, 0x000000074b300000| Complete 
| 180|0x000000074b400000, 0x000000074b500000, 0x000000074b500000|100%| E|CS|TAMS 0x000000074b400000, 0x000000074b400000| Complete 
| 181|0x000000074b500000, 0x000000074b600000, 0x000000074b600000|100%| E|CS|TAMS 0x000000074b500000, 0x000000074b500000| Complete 
| 182|0x000000074b600000, 0x000000074b700000, 0x000000074b700000|100%| E|CS|TAMS 0x000000074b600000, 0x000000074b600000| Complete 
| 183|0x000000074b700000, 0x000000074b800000, 0x000000074b800000|100%| E|CS|TAMS 0x000000074b700000, 0x000000074b700000| Complete 
| 184|0x000000074b800000, 0x000000074b900000, 0x000000074b900000|100%| E|CS|TAMS 0x000000074b800000, 0x000000074b800000| Complete 
| 185|0x000000074b900000, 0x000000074ba00000, 0x000000074ba00000|100%| E|CS|TAMS 0x000000074b900000, 0x000000074b900000| Complete 
| 186|0x000000074ba00000, 0x000000074bb00000, 0x000000074bb00000|100%| E|CS|TAMS 0x000000074ba00000, 0x000000074ba00000| Complete 
| 187|0x000000074bb00000, 0x000000074bc00000, 0x000000074bc00000|100%| E|CS|TAMS 0x000000074bb00000, 0x000000074bb00000| Complete 
| 188|0x000000074bc00000, 0x000000074bd00000, 0x000000074bd00000|100%| E|CS|TAMS 0x000000074bc00000, 0x000000074bc00000| Complete 
| 189|0x000000074bd00000, 0x000000074be00000, 0x000000074be00000|100%| E|CS|TAMS 0x000000074bd00000, 0x000000074bd00000| Complete 
| 190|0x000000074be00000, 0x000000074bf00000, 0x000000074bf00000|100%| E|CS|TAMS 0x000000074be00000, 0x000000074be00000| Complete 
| 191|0x000000074bf00000, 0x000000074c000000, 0x000000074c000000|100%| E|CS|TAMS 0x000000074bf00000, 0x000000074bf00000| Complete 
| 192|0x000000074c000000, 0x000000074c100000, 0x000000074c100000|100%| E|CS|TAMS 0x000000074c000000, 0x000000074c000000| Complete 
| 193|0x000000074c100000, 0x000000074c200000, 0x000000074c200000|100%| E|CS|TAMS 0x000000074c100000, 0x000000074c100000| Complete 
| 194|0x000000074c200000, 0x000000074c300000, 0x000000074c300000|100%| E|CS|TAMS 0x000000074c200000, 0x000000074c200000| Complete 
| 195|0x000000074c300000, 0x000000074c400000, 0x000000074c400000|100%| E|CS|TAMS 0x000000074c300000, 0x000000074c300000| Complete 
| 196|0x000000074c400000, 0x000000074c500000, 0x000000074c500000|100%| E|CS|TAMS 0x000000074c400000, 0x000000074c400000| Complete 
| 197|0x000000074c500000, 0x000000074c600000, 0x000000074c600000|100%| E|CS|TAMS 0x000000074c500000, 0x000000074c500000| Complete 
| 198|0x000000074c600000, 0x000000074c700000, 0x000000074c700000|100%| E|CS|TAMS 0x000000074c600000, 0x000000074c600000| Complete 
| 199|0x000000074c700000, 0x000000074c800000, 0x000000074c800000|100%| E|CS|TAMS 0x000000074c700000, 0x000000074c700000| Complete 
| 200|0x000000074c800000, 0x000000074c900000, 0x000000074c900000|100%| E|CS|TAMS 0x000000074c800000, 0x000000074c800000| Complete 
| 201|0x000000074c900000, 0x000000074ca00000, 0x000000074ca00000|100%| E|CS|TAMS 0x000000074c900000, 0x000000074c900000| Complete 
| 202|0x000000074ca00000, 0x000000074cb00000, 0x000000074cb00000|100%| E|CS|TAMS 0x000000074ca00000, 0x000000074ca00000| Complete 
| 203|0x000000074cb00000, 0x000000074cc00000, 0x000000074cc00000|100%| E|CS|TAMS 0x000000074cb00000, 0x000000074cb00000| Complete 
| 204|0x000000074cc00000, 0x000000074cd00000, 0x000000074cd00000|100%| E|CS|TAMS 0x000000074cc00000, 0x000000074cc00000| Complete 
| 205|0x000000074cd00000, 0x000000074ce00000, 0x000000074ce00000|100%| E|CS|TAMS 0x000000074cd00000, 0x000000074cd00000| Complete 
| 206|0x000000074ce00000, 0x000000074cf00000, 0x000000074cf00000|100%| E|CS|TAMS 0x000000074ce00000, 0x000000074ce00000| Complete 
| 207|0x000000074cf00000, 0x000000074d000000, 0x000000074d000000|100%| E|CS|TAMS 0x000000074cf00000, 0x000000074cf00000| Complete 
| 208|0x000000074d000000, 0x000000074d100000, 0x000000074d100000|100%| E|CS|TAMS 0x000000074d000000, 0x000000074d000000| Complete 
| 209|0x000000074d100000, 0x000000074d200000, 0x000000074d200000|100%| E|CS|TAMS 0x000000074d100000, 0x000000074d100000| Complete 
| 210|0x000000074d200000, 0x000000074d300000, 0x000000074d300000|100%| E|CS|TAMS 0x000000074d200000, 0x000000074d200000| Complete 
| 211|0x000000074d300000, 0x000000074d400000, 0x000000074d400000|100%| E|CS|TAMS 0x000000074d300000, 0x000000074d300000| Complete 
| 212|0x000000074d400000, 0x000000074d500000, 0x000000074d500000|100%| E|CS|TAMS 0x000000074d400000, 0x000000074d400000| Complete 
| 213|0x000000074d500000, 0x000000074d600000, 0x000000074d600000|100%| E|CS|TAMS 0x000000074d500000, 0x000000074d500000| Complete 
| 214|0x000000074d600000, 0x000000074d700000, 0x000000074d700000|100%| E|CS|TAMS 0x000000074d600000, 0x000000074d600000| Complete 
| 215|0x000000074d700000, 0x000000074d800000, 0x000000074d800000|100%| E|CS|TAMS 0x000000074d700000, 0x000000074d700000| Complete 
| 216|0x000000074d800000, 0x000000074d900000, 0x000000074d900000|100%| E|CS|TAMS 0x000000074d800000, 0x000000074d800000| Complete 
| 217|0x000000074d900000, 0x000000074da00000, 0x000000074da00000|100%| E|CS|TAMS 0x000000074d900000, 0x000000074d900000| Complete 
| 218|0x000000074da00000, 0x000000074db00000, 0x000000074db00000|100%| E|CS|TAMS 0x000000074da00000, 0x000000074da00000| Complete 
| 219|0x000000074db00000, 0x000000074dc00000, 0x000000074dc00000|100%| E|CS|TAMS 0x000000074db00000, 0x000000074db00000| Complete 
| 220|0x000000074dc00000, 0x000000074dd00000, 0x000000074dd00000|100%| E|CS|TAMS 0x000000074dc00000, 0x000000074dc00000| Complete 
| 221|0x000000074dd00000, 0x000000074de00000, 0x000000074de00000|100%| E|CS|TAMS 0x000000074dd00000, 0x000000074dd00000| Complete 
| 222|0x000000074de00000, 0x000000074df00000, 0x000000074df00000|100%| E|CS|TAMS 0x000000074de00000, 0x000000074de00000| Complete 
| 223|0x000000074df00000, 0x000000074e000000, 0x000000074e000000|100%| E|CS|TAMS 0x000000074df00000, 0x000000074df00000| Complete 
| 224|0x000000074e000000, 0x000000074e100000, 0x000000074e100000|100%| E|CS|TAMS 0x000000074e000000, 0x000000074e000000| Complete 
| 225|0x000000074e100000, 0x000000074e200000, 0x000000074e200000|100%| E|CS|TAMS 0x000000074e100000, 0x000000074e100000| Complete 
| 226|0x000000074e200000, 0x000000074e300000, 0x000000074e300000|100%| E|CS|TAMS 0x000000074e200000, 0x000000074e200000| Complete 
| 227|0x000000074e300000, 0x000000074e400000, 0x000000074e400000|100%| E|CS|TAMS 0x000000074e300000, 0x000000074e300000| Complete 
| 228|0x000000074e400000, 0x000000074e500000, 0x000000074e500000|100%| E|CS|TAMS 0x000000074e400000, 0x000000074e400000| Complete 
| 229|0x000000074e500000, 0x000000074e600000, 0x000000074e600000|100%| E|CS|TAMS 0x000000074e500000, 0x000000074e500000| Complete 
| 230|0x000000074e600000, 0x000000074e700000, 0x000000074e700000|100%| E|CS|TAMS 0x000000074e600000, 0x000000074e600000| Complete 
| 231|0x000000074e700000, 0x000000074e800000, 0x000000074e800000|100%| E|CS|TAMS 0x000000074e700000, 0x000000074e700000| Complete 
| 232|0x000000074e800000, 0x000000074e900000, 0x000000074e900000|100%| E|CS|TAMS 0x000000074e800000, 0x000000074e800000| Complete 
| 233|0x000000074e900000, 0x000000074ea00000, 0x000000074ea00000|100%| E|CS|TAMS 0x000000074e900000, 0x000000074e900000| Complete 
| 234|0x000000074ea00000, 0x000000074eb00000, 0x000000074eb00000|100%| E|CS|TAMS 0x000000074ea00000, 0x000000074ea00000| Complete 
| 235|0x000000074eb00000, 0x000000074ec00000, 0x000000074ec00000|100%| E|CS|TAMS 0x000000074eb00000, 0x000000074eb00000| Complete 
| 236|0x000000074ec00000, 0x000000074ed00000, 0x000000074ed00000|100%| E|CS|TAMS 0x000000074ec00000, 0x000000074ec00000| Complete 
| 237|0x000000074ed00000, 0x000000074ee00000, 0x000000074ee00000|100%| E|CS|TAMS 0x000000074ed00000, 0x000000074ed00000| Complete 
| 238|0x000000074ee00000, 0x000000074ef00000, 0x000000074ef00000|100%| E|CS|TAMS 0x000000074ee00000, 0x000000074ee00000| Complete 
| 239|0x000000074ef00000, 0x000000074f000000, 0x000000074f000000|100%| E|CS|TAMS 0x000000074ef00000, 0x000000074ef00000| Complete 
| 240|0x000000074f000000, 0x000000074f100000, 0x000000074f100000|100%| E|CS|TAMS 0x000000074f000000, 0x000000074f000000| Complete 
| 241|0x000000074f100000, 0x000000074f200000, 0x000000074f200000|100%| E|CS|TAMS 0x000000074f100000, 0x000000074f100000| Complete 
| 242|0x000000074f200000, 0x000000074f300000, 0x000000074f300000|100%| E|CS|TAMS 0x000000074f200000, 0x000000074f200000| Complete 
| 243|0x000000074f300000, 0x000000074f400000, 0x000000074f400000|100%| E|CS|TAMS 0x000000074f300000, 0x000000074f300000| Complete 
| 244|0x000000074f400000, 0x000000074f500000, 0x000000074f500000|100%| E|CS|TAMS 0x000000074f400000, 0x000000074f400000| Complete 
| 245|0x000000074f500000, 0x000000074f600000, 0x000000074f600000|100%| E|CS|TAMS 0x000000074f500000, 0x000000074f500000| Complete 
| 246|0x000000074f600000, 0x000000074f700000, 0x000000074f700000|100%| E|CS|TAMS 0x000000074f600000, 0x000000074f600000| Complete 
| 247|0x000000074f700000, 0x000000074f800000, 0x000000074f800000|100%| E|CS|TAMS 0x000000074f700000, 0x000000074f700000| Complete 
| 248|0x000000074f800000, 0x000000074f900000, 0x000000074f900000|100%| E|CS|TAMS 0x000000074f800000, 0x000000074f800000| Complete 
| 249|0x000000074f900000, 0x000000074fa00000, 0x000000074fa00000|100%| E|CS|TAMS 0x000000074f900000, 0x000000074f900000| Complete 
| 250|0x000000074fa00000, 0x000000074fb00000, 0x000000074fb00000|100%| E|CS|TAMS 0x000000074fa00000, 0x000000074fa00000| Complete 
| 251|0x000000074fb00000, 0x000000074fc00000, 0x000000074fc00000|100%| E|CS|TAMS 0x000000074fb00000, 0x000000074fb00000| Complete 

Card table byte_map: [0x000002cb710a0000,0x000002cb716a0000] _byte_map_base: 0x000002cb6d6a0000

Marking Bits (Prev, Next): (CMBitMap*) 0x000002cb58fbb1a8, (CMBitMap*) 0x000002cb58fbb1e8
 Prev Bits: [0x000002cb71ca0000, 0x000002cb74ca0000)
 Next Bits: [0x000002cb74ca0000, 0x000002cb77ca0000)

Polling page: 0x000002cb56ec0000

Metaspace:

Usage:
  Non-class:     15.97 MB capacity,    15.81 MB (>99%) used,   133.20 KB ( <1%) free+waste,    23.38 KB ( <1%) overhead. 
      Class:      2.15 MB capacity,     2.03 MB ( 94%) used,   112.92 KB (  5%) free+waste,    10.50 KB ( <1%) overhead. 
       Both:     18.12 MB capacity,    17.85 MB ( 98%) used,   246.12 KB (  1%) free+waste,    33.88 KB ( <1%) overhead. 

Virtual space:
  Non-class space:       16.00 MB reserved,      16.00 MB (100%) committed 
      Class space:        1.00 GB reserved,       2.25 MB ( <1%) committed 
             Both:        1.02 GB reserved,      18.25 MB (  2%) committed 

Chunk freelists:
   Non-Class:  35.00 KB
       Class:  2.00 KB
        Both:  37.00 KB

MaxMetaspaceSize: 17179869184.00 GB
CompressedClassSpaceSize: 1.00 GB

CodeHeap 'non-profiled nmethods': size=120000Kb used=1617Kb max_used=1617Kb free=118382Kb
 bounds [0x000002cb68f10000, 0x000002cb69180000, 0x000002cb70440000]
CodeHeap 'profiled nmethods': size=120000Kb used=5930Kb max_used=5930Kb free=114069Kb
 bounds [0x000002cb619e0000, 0x000002cb61fb0000, 0x000002cb68f10000]
CodeHeap 'non-nmethods': size=5760Kb used=1452Kb max_used=1467Kb free=4307Kb
 bounds [0x000002cb61440000, 0x000002cb616b0000, 0x000002cb619e0000]
 total_blobs=4638 nmethods=2740 adapters=688
 compilation: enabled
              stopped_count=0, restarted_count=0
 full_count=0

Compilation events (20 events):
Event: 3.373 Thread 0x000002cb7b2ab000 nmethod 2723 0x000002cb61f99990 code [0x000002cb61f99be0, 0x000002cb61f9a540]
Event: 3.376 Thread 0x000002cb7d308000 2724       4       java.lang.String::equalsIgnoreCase (45 bytes)
Event: 3.379 Thread 0x000002cb7b2a3800 2725       4       org.nd4j.linalg.api.ndarray.BaseNDArray::columns (79 bytes)
Event: 3.382 Thread 0x000002cb7b2ab000 2726       3       java.util.regex.Matcher::end (67 bytes)
Event: 3.383 Thread 0x000002cb7b2ab000 nmethod 2726 0x000002cb61f9a790 code [0x000002cb61f9aa20, 0x000002cb61f9b550]
Event: 3.383 Thread 0x000002cb7b2ab000 2728       3       java.util.regex.Matcher::search (154 bytes)
Event: 3.383 Thread 0x000002cb7d308000 nmethod 2724 0x000002cb690a1390 code [0x000002cb690a1540, 0x000002cb690a1b38]
Event: 3.383 Thread 0x000002cb7b2ab000 nmethod 2728 0x000002cb61f9b990 code [0x000002cb61f9bb80, 0x000002cb61f9c1c0]
Event: 3.383 Thread 0x000002cb7b2ab000 2727       3       java.util.regex.Matcher::getTextLength (10 bytes)
Event: 3.383 Thread 0x000002cb7b2ab000 nmethod 2727 0x000002cb61f9c390 code [0x000002cb61f9c540, 0x000002cb61f9c790]
Event: 3.387 Thread 0x000002cb7d308000 2729 %     4       java.util.Arrays::fill @ 5 (21 bytes)
Event: 3.388 Thread 0x000002cb7b2ab000 2730       3       org.bytedeco.javacpp.ClassProperties::addAll (199 bytes)
Event: 3.389 Thread 0x000002cb7b2a3800 nmethod 2725 0x000002cb690a2010 code [0x000002cb690a2220, 0x000002cb690a2d38]
Event: 3.389 Thread 0x000002cb7b2ab000 nmethod 2730 0x000002cb61f9c890 code [0x000002cb61f9cd40, 0x000002cb61f9f140]
Event: 3.391 Thread 0x000002cb7d308000 nmethod 2729% 0x000002cb690a3a10 code [0x000002cb690a3ba0, 0x000002cb690a3d78]
Event: 3.404 Thread 0x000002cb7d308000 2731   !   4       jdk.internal.loader.BuiltinClassLoader::findResource (154 bytes)
Event: 3.436 Thread 0x000002cb7b2ab000 2732       3       java.io.File::getCanonicalPath (31 bytes)
Event: 3.436 Thread 0x000002cb7b2ab000 nmethod 2732 0x000002cb61f9fb90 code [0x000002cb61f9fd80, 0x000002cb61fa00c0]
Event: 3.436 Thread 0x000002cb7b2ab000 2733       3       java.io.WinNTFileSystem::canonicalize (372 bytes)
Event: 3.439 Thread 0x000002cb7b2ab000 nmethod 2733 0x000002cb61fa0210 code [0x000002cb61fa0860, 0x000002cb61fa3e20]

GC Heap History (14 events):
Event: 0.604 GC heap before
{Heap before GC invocations=0 (full 0):
 garbage-first heap   total 258048K, used 25600K [0x0000000740000000, 0x0000000800000000)
  region size 1024K, 24 young (24576K), 0 survivors (0K)
 Metaspace       used 3351K, capacity 6173K, committed 6272K, reserved 1056768K
  class space    used 287K, capacity 574K, committed 640K, reserved 1048576K
}
Event: 0.609 GC heap after
{Heap after GC invocations=1 (full 0):
 garbage-first heap   total 258048K, used 10496K [0x0000000740000000, 0x0000000800000000)
  region size 1024K, 3 young (3072K), 3 survivors (3072K)
 Metaspace       used 3351K, capacity 6173K, committed 6272K, reserved 1056768K
  class space    used 287K, capacity 574K, committed 640K, reserved 1048576K
}
Event: 0.914 GC heap before
{Heap before GC invocations=1 (full 0):
 garbage-first heap   total 258048K, used 129280K [0x0000000740000000, 0x0000000800000000)
  region size 1024K, 119 young (121856K), 3 survivors (3072K)
 Metaspace       used 4838K, capacity 7219K, committed 7424K, reserved 1056768K
  class space    used 427K, capacity 689K, committed 768K, reserved 1048576K
}
Event: 0.916 GC heap after
{Heap after GC invocations=2 (full 0):
 garbage-first heap   total 258048K, used 10995K [0x0000000740000000, 0x0000000800000000)
  region size 1024K, 4 young (4096K), 4 survivors (4096K)
 Metaspace       used 4838K, capacity 7219K, committed 7424K, reserved 1056768K
  class space    used 427K, capacity 689K, committed 768K, reserved 1048576K
}
Event: 1.184 GC heap before
{Heap before GC invocations=2 (full 0):
 garbage-first heap   total 258048K, used 143091K [0x0000000740000000, 0x0000000800000000)
  region size 1024K, 133 young (136192K), 4 survivors (4096K)
 Metaspace       used 6824K, capacity 9171K, committed 9472K, reserved 1056768K
  class space    used 968K, capacity 1233K, committed 1280K, reserved 1048576K
}
Event: 1.186 GC heap after
{Heap after GC invocations=3 (full 0):
 garbage-first heap   total 258048K, used 11357K [0x0000000740000000, 0x0000000800000000)
  region size 1024K, 4 young (4096K), 4 survivors (4096K)
 Metaspace       used 6824K, capacity 9171K, committed 9472K, reserved 1056768K
  class space    used 968K, capacity 1233K, committed 1280K, reserved 1048576K
}
Event: 1.501 GC heap before
{Heap before GC invocations=3 (full 0):
 garbage-first heap   total 258048K, used 161885K [0x0000000740000000, 0x0000000800000000)
  region size 1024K, 151 young (154624K), 4 survivors (4096K)
 Metaspace       used 7172K, capacity 9305K, committed 9472K, reserved 1056768K
  class space    used 990K, capacity 1234K, committed 1280K, reserved 1048576K
}
Event: 1.504 GC heap after
{Heap after GC invocations=4 (full 0):
 garbage-first heap   total 258048K, used 11413K [0x0000000740000000, 0x0000000800000000)
  region size 1024K, 4 young (4096K), 4 survivors (4096K)
 Metaspace       used 7172K, capacity 9305K, committed 9472K, reserved 1056768K
  class space    used 990K, capacity 1234K, committed 1280K, reserved 1048576K
}
Event: 1.959 GC heap before
{Heap before GC invocations=4 (full 0):
 garbage-first heap   total 258048K, used 161941K [0x0000000740000000, 0x0000000800000000)
  region size 1024K, 151 young (154624K), 4 survivors (4096K)
 Metaspace       used 12777K, capacity 14304K, committed 14336K, reserved 1062912K
  class space    used 1595K, capacity 1788K, committed 1792K, reserved 1048576K
}
Event: 1.962 GC heap after
{Heap after GC invocations=5 (full 0):
 garbage-first heap   total 258048K, used 12789K [0x0000000740000000, 0x0000000800000000)
  region size 1024K, 6 young (6144K), 6 survivors (6144K)
 Metaspace       used 12777K, capacity 14304K, committed 14336K, reserved 1062912K
  class space    used 1595K, capacity 1788K, committed 1792K, reserved 1048576K
}
Event: 2.709 GC heap before
{Heap before GC invocations=5 (full 0):
 garbage-first heap   total 258048K, used 160245K [0x0000000740000000, 0x0000000800000000)
  region size 1024K, 151 young (154624K), 6 survivors (6144K)
 Metaspace       used 17196K, capacity 17418K, committed 17536K, reserved 1064960K
  class space    used 2009K, capacity 2103K, committed 2176K, reserved 1048576K
}
Event: 2.712 GC heap after
{Heap after GC invocations=6 (full 0):
 garbage-first heap   total 258048K, used 13568K [0x0000000740000000, 0x0000000800000000)
  region size 1024K, 6 young (6144K), 6 survivors (6144K)
 Metaspace       used 17196K, capacity 17418K, committed 17536K, reserved 1064960K
  class space    used 2009K, capacity 2103K, committed 2176K, reserved 1048576K
}
Event: 2.879 GC heap before
{Heap before GC invocations=6 (full 0):
 garbage-first heap   total 258048K, used 162048K [0x0000000740000000, 0x0000000800000000)
  region size 1024K, 151 young (154624K), 6 survivors (6144K)
 Metaspace       used 17214K, capacity 17482K, committed 17792K, reserved 1064960K
  class space    used 2009K, capacity 2103K, committed 2176K, reserved 1048576K
}
Event: 2.882 GC heap after
{Heap after GC invocations=7 (full 0):
 garbage-first heap   total 258048K, used 13826K [0x0000000740000000, 0x0000000800000000)
  region size 1024K, 7 young (7168K), 7 survivors (7168K)
 Metaspace       used 17214K, capacity 17482K, committed 17792K, reserved 1064960K
  class space    used 2009K, capacity 2103K, committed 2176K, reserved 1048576K
}

Deoptimization events (20 events):
Event: 3.083 Thread 0x000002cb58f63000 DEOPT PACKING pc=0x000002cb6906d92c sp=0x000000dc34bfe790
Event: 3.083 Thread 0x000002cb58f63000 DEOPT UNPACKING pc=0x000002cb6148912f sp=0x000000dc34bfe728 mode 2
Event: 3.104 Thread 0x000002cb58f63000 Uncommon trap: trap_request=0xffffffde fr.pc=0x000002cb6904be20 relative=0x0000000000000080
Event: 3.104 Thread 0x000002cb58f63000 Uncommon trap: reason=class_check action=maybe_recompile pc=0x000002cb6904be20 method=org.nd4j.linalg.api.ndarray.BaseNDArray.dataType()Lorg/nd4j/linalg/api/buffer/DataType; @ 11 c2
Event: 3.104 Thread 0x000002cb58f63000 DEOPT PACKING pc=0x000002cb6904be20 sp=0x000000dc34bfefb0
Event: 3.104 Thread 0x000002cb58f63000 DEOPT UNPACKING pc=0x000002cb6148912f sp=0x000000dc34bfef38 mode 2
Event: 3.104 Thread 0x000002cb58f63000 Uncommon trap: trap_request=0xffffffde fr.pc=0x000002cb6904be20 relative=0x0000000000000080
Event: 3.104 Thread 0x000002cb58f63000 Uncommon trap: reason=class_check action=maybe_recompile pc=0x000002cb6904be20 method=org.nd4j.linalg.api.ndarray.BaseNDArray.dataType()Lorg/nd4j/linalg/api/buffer/DataType; @ 11 c2
Event: 3.104 Thread 0x000002cb58f63000 DEOPT PACKING pc=0x000002cb6904be20 sp=0x000000dc34bfefa0
Event: 3.104 Thread 0x000002cb58f63000 DEOPT UNPACKING pc=0x000002cb6148912f sp=0x000000dc34bfef28 mode 2
Event: 3.110 Thread 0x000002cb58f63000 Uncommon trap: trap_request=0xffffffde fr.pc=0x000002cb6904be20 relative=0x0000000000000080
Event: 3.110 Thread 0x000002cb58f63000 Uncommon trap: reason=class_check action=maybe_recompile pc=0x000002cb6904be20 method=org.nd4j.linalg.api.ndarray.BaseNDArray.dataType()Lorg/nd4j/linalg/api/buffer/DataType; @ 11 c2
Event: 3.110 Thread 0x000002cb58f63000 DEOPT PACKING pc=0x000002cb6904be20 sp=0x000000dc34bfefb0
Event: 3.110 Thread 0x000002cb58f63000 DEOPT UNPACKING pc=0x000002cb6148912f sp=0x000000dc34bfef38 mode 2
Event: 3.110 Thread 0x000002cb58f63000 Uncommon trap: trap_request=0xffffffde fr.pc=0x000002cb6904be20 relative=0x0000000000000080
Event: 3.110 Thread 0x000002cb58f63000 Uncommon trap: reason=class_check action=maybe_recompile pc=0x000002cb6904be20 method=org.nd4j.linalg.api.ndarray.BaseNDArray.dataType()Lorg/nd4j/linalg/api/buffer/DataType; @ 11 c2
Event: 3.110 Thread 0x000002cb58f63000 DEOPT PACKING pc=0x000002cb6904be20 sp=0x000000dc34bfefa0
Event: 3.110 Thread 0x000002cb58f63000 DEOPT UNPACKING pc=0x000002cb6148912f sp=0x000000dc34bfef28 mode 2
Event: 3.287 Thread 0x000002cb58f63000 DEOPT PACKING pc=0x000002cb61ea4a09 sp=0x000000dc34bfe170
Event: 3.287 Thread 0x000002cb58f63000 DEOPT UNPACKING pc=0x000002cb6148964e sp=0x000000dc34bfd628 mode 0

Classes unloaded (0 events):
No events

Classes redefined (0 events):
No events

Internal exceptions (20 events):
Event: 2.931 Thread 0x000002cb58f63000 Exception <a 'sun/nio/fs/WindowsException'{0x000000074d5e9b00}> (0x000000074d5e9b00) 
thrown [t:/workspace/open/src/hotspot/share/prims/jni.cpp, line 598]
Event: 2.953 Thread 0x000002cb58f63000 Exception <a 'sun/nio/fs/WindowsException'{0x000000074c04ec80}> (0x000000074c04ec80) 
thrown [t:/workspace/open/src/hotspot/share/prims/jni.cpp, line 598]
Event: 2.953 Thread 0x000002cb58f63000 Exception <a 'sun/nio/fs/WindowsException'{0x000000074c04ecb0}> (0x000000074c04ecb0) 
thrown [t:/workspace/open/src/hotspot/share/prims/jni.cpp, line 598]
Event: 2.953 Thread 0x000002cb58f63000 Exception <a 'sun/nio/fs/WindowsException'{0x000000074c04fa10}> (0x000000074c04fa10) 
thrown [t:/workspace/open/src/hotspot/share/prims/jni.cpp, line 598]
Event: 2.954 Thread 0x000002cb58f63000 Exception <a 'sun/nio/fs/WindowsException'{0x000000074c04fa40}> (0x000000074c04fa40) 
thrown [t:/workspace/open/src/hotspot/share/prims/jni.cpp, line 598]
Event: 2.954 Thread 0x000002cb58f63000 Exception <a 'sun/nio/fs/WindowsException'{0x000000074c050758}> (0x000000074c050758) 
thrown [t:/workspace/open/src/hotspot/share/prims/jni.cpp, line 598]
Event: 2.954 Thread 0x000002cb58f63000 Exception <a 'sun/nio/fs/WindowsException'{0x000000074c050788}> (0x000000074c050788) 
thrown [t:/workspace/open/src/hotspot/share/prims/jni.cpp, line 598]
Event: 2.954 Thread 0x000002cb58f63000 Exception <a 'sun/nio/fs/WindowsException'{0x000000074c0514b0}> (0x000000074c0514b0) 
thrown [t:/workspace/open/src/hotspot/share/prims/jni.cpp, line 598]
Event: 2.955 Thread 0x000002cb58f63000 Exception <a 'sun/nio/fs/WindowsException'{0x000000074c0514e0}> (0x000000074c0514e0) 
thrown [t:/workspace/open/src/hotspot/share/prims/jni.cpp, line 598]
Event: 2.955 Thread 0x000002cb58f63000 Exception <a 'sun/nio/fs/WindowsException'{0x000000074c0521d0}> (0x000000074c0521d0) 
thrown [t:/workspace/open/src/hotspot/share/prims/jni.cpp, line 598]
Event: 2.955 Thread 0x000002cb58f63000 Exception <a 'sun/nio/fs/WindowsException'{0x000000074c052200}> (0x000000074c052200) 
thrown [t:/workspace/open/src/hotspot/share/prims/jni.cpp, line 598]
Event: 2.955 Thread 0x000002cb58f63000 Exception <a 'sun/nio/fs/WindowsException'{0x000000074c052f28}> (0x000000074c052f28) 
thrown [t:/workspace/open/src/hotspot/share/prims/jni.cpp, line 598]
Event: 2.955 Thread 0x000002cb58f63000 Exception <a 'sun/nio/fs/WindowsException'{0x000000074c052f58}> (0x000000074c052f58) 
thrown [t:/workspace/open/src/hotspot/share/prims/jni.cpp, line 598]
Event: 2.956 Thread 0x000002cb58f63000 Exception <a 'sun/nio/fs/WindowsException'{0x000000074c053c28}> (0x000000074c053c28) 
thrown [t:/workspace/open/src/hotspot/share/prims/jni.cpp, line 598]
Event: 2.956 Thread 0x000002cb58f63000 Exception <a 'sun/nio/fs/WindowsException'{0x000000074c053c58}> (0x000000074c053c58) 
thrown [t:/workspace/open/src/hotspot/share/prims/jni.cpp, line 598]
Event: 2.956 Thread 0x000002cb58f63000 Exception <a 'sun/nio/fs/WindowsException'{0x000000074c054970}> (0x000000074c054970) 
thrown [t:/workspace/open/src/hotspot/share/prims/jni.cpp, line 598]
Event: 2.956 Thread 0x000002cb58f63000 Exception <a 'sun/nio/fs/WindowsException'{0x000000074c0549a0}> (0x000000074c0549a0) 
thrown [t:/workspace/open/src/hotspot/share/prims/jni.cpp, line 598]
Event: 2.963 Thread 0x000002cb58f63000 Exception <a 'java/lang/NoSuchMethodError'{0x000000074c09e8e8}: 'java.lang.Object java.lang.invoke.DirectMethodHandle$Holder.invokeStaticInit(java.lang.Object, int, int, int, int)'> (0x000000074c09e8e8) 
thrown [t:/workspace/open/src/hotspot/share/interpreter/linkResolver.cpp, line 767]
Event: 3.079 Thread 0x000002cb58f63000 Exception <a 'java/lang/NoSuchMethodError'{0x000000074bf00be8}: 'java.lang.Object java.lang.invoke.DirectMethodHandle$Holder.invokeStaticInit(java.lang.Object, java.lang.Object, int, int, int, int)'> (0x000000074bf00be8) 
thrown [t:/workspace/open/src/hotspot/share/interpreter/linkResolver.cpp, line 767]
Event: 3.381 Thread 0x000002cb58f63000 Exception <a 'java/lang/RuntimeException'{0x000000074b9948e0}> (0x000000074b9948e0) 
thrown [t:/workspace/open/src/hotspot/share/prims/jni.cpp, line 598]

Events (20 events):
Event: 3.385 loading class org/nd4j/linalg/api/ops/impl/layers/convolution/config/BaseConvolutionConfig
Event: 3.385 loading class org/nd4j/linalg/api/ops/impl/layers/convolution/config/BaseConvolutionConfig done
Event: 3.385 loading class org/nd4j/linalg/api/ops/impl/layers/convolution/config/Conv2DConfig$Conv2DConfigBuilder
Event: 3.385 loading class org/nd4j/linalg/api/ops/impl/layers/convolution/config/Conv2DConfig$Conv2DConfigBuilder done
Event: 3.385 loading class com/google/common/collect/Lists
Event: 3.385 loading class com/google/common/collect/Lists done
Event: 3.386 loading class com/google/common/collect/Lists$TransformingRandomAccessList
Event: 3.386 loading class com/google/common/collect/Lists$TransformingRandomAccessList done
Event: 3.386 loading class com/google/common/collect/Lists$TransformingSequentialList
Event: 3.386 loading class com/google/common/collect/Lists$TransformingSequentialList done
Event: 3.386 loading class com/google/common/collect/Lists$Partition
Event: 3.386 loading class com/google/common/collect/Lists$Partition done
Event: 3.386 loading class com/google/common/collect/Lists$RandomAccessPartition
Event: 3.386 loading class com/google/common/collect/Lists$RandomAccessPartition done
Event: 3.387 loading class com/google/common/collect/ImmutableList
Event: 3.387 loading class com/google/common/collect/ImmutableList done
Event: 3.387 loading class com/google/common/collect/ImmutableCollection
Event: 3.387 loading class com/google/common/collect/ImmutableCollection done
Event: 3.387 loading class com/google/common/collect/Lists$StringAsImmutableList
Event: 3.387 loading class com/google/common/collect/Lists$StringAsImmutableList done


Dynamic libraries:
0x00007ff70a820000 - 0x00007ff70a82f000 	C:\Program Files\Java\jdk-13.0.1\bin\java.exe
0x00007ffb48fe0000 - 0x00007ffb491d0000 	C:\Windows\SYSTEM32\ntdll.dll
0x00007ffb485f0000 - 0x00007ffb486a2000 	C:\Windows\System32\KERNEL32.DLL
0x00007ffb46d90000 - 0x00007ffb47033000 	C:\Windows\System32\KERNELBASE.dll
0x00007ffb44030000 - 0x00007ffb440bf000 	C:\Windows\SYSTEM32\apphelp.dll
0x00007ffb46b20000 - 0x00007ffb46c1a000 	C:\Windows\System32\ucrtbase.dll
0x00007ffb41010000 - 0x00007ffb41028000 	C:\Program Files\Java\jdk-13.0.1\bin\jli.dll
0x00007ffb42b10000 - 0x00007ffb42b25000 	C:\Program Files\Java\jdk-13.0.1\bin\VCRUNTIME140.dll
0x00007ffb489f0000 - 0x00007ffb48a93000 	C:\Windows\System32\ADVAPI32.dll
0x00007ffb472c0000 - 0x00007ffb4735e000 	C:\Windows\System32\msvcrt.dll
0x00007ffb47090000 - 0x00007ffb47127000 	C:\Windows\System32\sechost.dll
0x00007ffb484c0000 - 0x00007ffb485e0000 	C:\Windows\System32\RPCRT4.dll
0x00007ffb48c40000 - 0x00007ffb48dd4000 	C:\Windows\System32\USER32.dll
0x00007ffb46d30000 - 0x00007ffb46d51000 	C:\Windows\System32\win32u.dll
0x00007ffb47da0000 - 0x00007ffb47dc6000 	C:\Windows\System32\GDI32.dll
0x00007ffb2dd50000 - 0x00007ffb2dfd5000 	C:\Windows\WinSxS\amd64_microsoft.windows.common-controls_6595b64144ccf1df_6.0.18362.476_none_e6c4b11b130f2595\COMCTL32.dll
0x00007ffb46900000 - 0x00007ffb46a94000 	C:\Windows\System32\gdi32full.dll
0x00007ffb45f70000 - 0x00007ffb4600e000 	C:\Windows\System32\msvcp_win.dll
0x00007ffb486b0000 - 0x00007ffb489e6000 	C:\Windows\System32\combase.dll
0x00007ffb46aa0000 - 0x00007ffb46b20000 	C:\Windows\System32\bcryptPrimitives.dll
0x00007ffb3f8b0000 - 0x00007ffb3f8ba000 	C:\Windows\SYSTEM32\VERSION.dll
0x00007ffb47290000 - 0x00007ffb472be000 	C:\Windows\System32\IMM32.DLL
0x00007ffae4de0000 - 0x00007ffae4e7b000 	C:\Program Files\Java\jdk-13.0.1\bin\msvcp140.dll
0x00007ffaad810000 - 0x00007ffaae376000 	C:\Program Files\Java\jdk-13.0.1\bin\server\jvm.dll
0x00007ffb47ce0000 - 0x00007ffb47ce8000 	C:\Windows\System32\PSAPI.DLL
0x00007ffb408a0000 - 0x00007ffb408c4000 	C:\Windows\SYSTEM32\WINMM.dll
0x00007ffb2e9d0000 - 0x00007ffb2e9d9000 	C:\Windows\SYSTEM32\WSOCK32.dll
0x00007ffb48eb0000 - 0x00007ffb48f1f000 	C:\Windows\System32\WS2_32.dll
0x00007ffb40870000 - 0x00007ffb4089d000 	C:\Windows\SYSTEM32\winmmbase.dll
0x00007ffb47040000 - 0x00007ffb4708a000 	C:\Windows\System32\cfgmgr32.dll
0x00007ffb45ec0000 - 0x00007ffb45ed1000 	C:\Windows\System32\kernel.appcore.dll
0x00007ffb410b0000 - 0x00007ffb410c0000 	C:\Program Files\Java\jdk-13.0.1\bin\verify.dll
0x00007ffb39270000 - 0x00007ffb39464000 	C:\Windows\SYSTEM32\DBGHELP.DLL
0x00007ffb29530000 - 0x00007ffb2955a000 	C:\Windows\SYSTEM32\dbgcore.DLL
0x00007ffb370f0000 - 0x00007ffb37116000 	C:\Program Files\Java\jdk-13.0.1\bin\java.dll
0x00007ffb37060000 - 0x00007ffb37077000 	C:\Program Files\Java\jdk-13.0.1\bin\zip.dll
0x00007ffb40350000 - 0x00007ffb4035a000 	C:\Program Files\Java\jdk-13.0.1\bin\jimage.dll
0x00007ffb47dd0000 - 0x00007ffb484b5000 	C:\Windows\System32\SHELL32.dll
0x00007ffb47cf0000 - 0x00007ffb47d99000 	C:\Windows\System32\shcore.dll
0x00007ffb46010000 - 0x00007ffb4678e000 	C:\Windows\System32\windows.storage.dll
0x00007ffb45f50000 - 0x00007ffb45f6f000 	C:\Windows\System32\profapi.dll
0x00007ffb45ee0000 - 0x00007ffb45f2a000 	C:\Windows\System32\powrprof.dll
0x00007ffb45eb0000 - 0x00007ffb45ec0000 	C:\Windows\System32\UMPDC.dll
0x00007ffb475c0000 - 0x00007ffb47612000 	C:\Windows\System32\shlwapi.dll
0x00007ffb46790000 - 0x00007ffb467a7000 	C:\Windows\System32\cryptsp.dll
0x00007ffb36bd0000 - 0x00007ffb36be9000 	C:\Program Files\Java\jdk-13.0.1\bin\net.dll
0x00007ffb418b0000 - 0x00007ffb419a0000 	C:\Windows\SYSTEM32\WINHTTP.dll
0x00007ffb45720000 - 0x00007ffb45787000 	C:\Windows\system32\mswsock.dll
0x00007ffb362d0000 - 0x00007ffb362e3000 	C:\Program Files\Java\jdk-13.0.1\bin\nio.dll
0x0000000064940000 - 0x0000000064955000 	C:\Users\Gagan\.javacpp\cache\mkl-dnn-0.18.1-1.5-windows-x86_64.jar\org\bytedeco\mkldnn\windows-x86_64\libwinpthread-1.dll
0x0000000061440000 - 0x000000006145c000 	C:\Users\Gagan\.javacpp\cache\mkl-dnn-0.18.1-1.5-windows-x86_64.jar\org\bytedeco\mkldnn\windows-x86_64\libgcc_s_seh-1.dll
0x0000000063600000 - 0x000000006362f000 	C:\Users\Gagan\.javacpp\cache\mkl-dnn-0.18.1-1.5-windows-x86_64.jar\org\bytedeco\mkldnn\windows-x86_64\libgomp-1.dll
0x000000006fc40000 - 0x000000006fda6000 	C:\Users\Gagan\.javacpp\cache\mkl-dnn-0.18.1-1.5-windows-x86_64.jar\org\bytedeco\mkldnn\windows-x86_64\libstdc++-6.dll
0x00007ffaeea20000 - 0x00007ffaeeb0f000 	C:\Users\Gagan\.javacpp\cache\mkl-dnn-0.18.1-1.5-windows-x86_64.jar\org\bytedeco\mkldnn\windows-x86_64\msvcr120.dll
0x00007ffae9600000 - 0x00007ffae97c9000 	C:\Users\Gagan\.javacpp\cache\mkl-dnn-0.18.1-1.5-windows-x86_64.jar\org\bytedeco\mkldnn\windows-x86_64\libiomp5md.dll
0x00007ffa9baf0000 - 0x00007ffaa1361000 	C:\Users\Gagan\.javacpp\cache\mkl-dnn-0.18.1-1.5-windows-x86_64.jar\org\bytedeco\mkldnn\windows-x86_64\mklml.dll
0x0000000062100000 - 0x000000006289a000 	C:\Users\Gagan\.javacpp\cache\mkl-dnn-0.18.1-1.5-windows-x86_64.jar\org\bytedeco\mkldnn\windows-x86_64\libmkldnn.dll
0x0000000069480000 - 0x000000006d161000 	C:\Users\Gagan\.javacpp\cache\nd4j-native-1.0.0-beta4-windows-x86_64.jar\org\nd4j\nativeblas\windows-x86_64\libnd4jcpu.dll
0x0000000066880000 - 0x0000000066b8d000 	C:\Users\Gagan\.javacpp\cache\nd4j-native-1.0.0-beta4-windows-x86_64.jar\org\nd4j\nativeblas\windows-x86_64\jnind4jcpu.dll
0x00007ffa96270000 - 0x00007ffa9bae1000 	C:\Users\Gagan\.javacpp\cache\mkl-dnn-0.18.1-1.5-windows-x86_64.jar\org\bytedeco\mkldnn\windows-x86_64\libopenblas_nolapack.dll
0x0000000071000000 - 0x000000007105f000 	C:\Users\Gagan\.javacpp\cache\openblas-0.3.5-1.5-windows-x86_64.jar\org\bytedeco\openblas\windows-x86_64\jniopenblas_nolapack.dll
0x00007ffadc980000 - 0x00007ffadcb19000 	C:\Program Files\Java\jdk-13.0.1\bin\awt.dll
0x00007ffb47490000 - 0x00007ffb47554000 	C:\Windows\System32\OLEAUT32.dll
0x00007ffb42c50000 - 0x00007ffb43210000 	C:\Windows\SYSTEM32\d2d1.dll
0x00007ffb29da0000 - 0x00007ffb29dcd000 	C:\Program Files\Java\jdk-13.0.1\bin\javajpeg.dll
0x00007ffb44560000 - 0x00007ffb4458d000 	C:\Windows\system32\DWMAPI.DLL
0x00007ffb44120000 - 0x00007ffb441b9000 	C:\Windows\system32\uxtheme.dll
0x00007ffb45290000 - 0x00007ffb452c3000 	C:\Windows\system32\rsaenh.dll
0x00007ffb46d60000 - 0x00007ffb46d86000 	C:\Windows\System32\bcrypt.dll
0x00007ffb45da0000 - 0x00007ffb45dc5000 	C:\Windows\SYSTEM32\USERENV.dll
0x00007ffb458f0000 - 0x00007ffb458fc000 	C:\Windows\SYSTEM32\CRYPTBASE.dll
0x00007ffb45430000 - 0x00007ffb4546a000 	C:\Windows\SYSTEM32\IPHLPAPI.DLL
0x00007ffb485e0000 - 0x00007ffb485e8000 	C:\Windows\System32\NSI.dll
0x00007ffb3fe00000 - 0x00007ffb3fe16000 	C:\Windows\SYSTEM32\dhcpcsvc6.DLL
0x00007ffb3fde0000 - 0x00007ffb3fdfc000 	C:\Windows\SYSTEM32\dhcpcsvc.DLL
0x00007ffb45470000 - 0x00007ffb4553a000 	C:\Windows\SYSTEM32\DNSAPI.dll

dbghelp: loaded successfully - version: 4.0.5 - missing functions: none
symbol engine: initialized successfully - sym options: 0x614 - pdb path: .;C:\Program Files\Java\jdk-13.0.1\bin;C:\Windows\SYSTEM32;C:\Windows\WinSxS\amd64_microsoft.windows.common-controls_6595b64144ccf1df_6.0.18362.476_none_e6c4b11b130f2595;C:\Program Files\Java\jdk-13.0.1\bin\server;C:\Users\Gagan\.javacpp\cache\mkl-dnn-0.18.1-1.5-windows-x86_64.jar\org\bytedeco\mkldnn\windows-x86_64;C:\Users\Gagan\.javacpp\cache\nd4j-native-1.0.0-beta4-windows-x86_64.jar\org\nd4j\nativeblas\windows-x86_64;C:\Users\Gagan\.javacpp\cache\openblas-0.3.5-1.5-windows-x86_64.jar\org\bytedeco\openblas\windows-x86_64

VM Arguments:
jvm_args: -Xmx3G 
java_command: com.fall2019.comp4980.TestClass
java_class_path (initial): G:\TRU\Behavioral_Biometerics\Final_Project\Facial-Recognition\FinalProject\comp4980\target\classes;C:\Users\Gagan\.m2\repository\org\slf4j\slf4j-jdk14\1.7.25\slf4j-jdk14-1.7.25.jar;C:\Users\Gagan\.m2\repository\org\slf4j\slf4j-api\1.7.25\slf4j-api-1.7.25.jar;C:\Users\Gagan\.m2\repository\org\deeplearning4j\deeplearning4j-nlp\1.0.0-beta4\deeplearning4j-nlp-1.0.0-beta4.jar;C:\Users\Gagan\.m2\repository\org\nd4j\nd4j-native-api\1.0.0-beta4\nd4j-native-api-1.0.0-beta4.jar;C:\Users\Gagan\.m2\repository\org\bytedeco\javacpp\1.5\javacpp-1.5.jar;C:\Users\Gagan\.m2\repository\commons-lang\commons-lang\2.6\commons-lang-2.6.jar;C:\Users\Gagan\.m2\repository\org\threadly\threadly\4.10.0\threadly-4.10.0.jar;C:\Users\Gagan\.m2\repository\org\objenesis\objenesis\2.6\objenesis-2.6.jar;C:\Users\Gagan\.m2\repository\org\nd4j\nd4j-jackson\1.0.0-beta4\nd4j-jackson-1.0.0-beta4.jar;C:\Users\Gagan\.m2\repository\org\apache\commons\commons-lang3\3.6\commons-lang3-3.6.jar;C:\Users\Gagan\.m2\repository\org\deeplearning4j\deeplearning4j-core\1.0.0-beta4\deeplearning4j-core-1.0.0-beta4.jar;C:\Users\Gagan\.m2\repository\org\deeplearning4j\deeplearning4j-tsne\1.0.0-beta4\deeplearning4j-tsne-1.0.0-beta4.jar;C:\Users\Gagan\.m2\repository\org\deeplearning4j\nearestneighbor-core\1.0.0-beta4\nearestneighbor-core-1.0.0-beta4.jar;C:\Users\Gagan\.m2\repository\org\deeplearning4j\deeplearning4j-datasets\1.0.0-beta4\deeplearning4j-datasets-1.0.0-beta4.jar;C:\Users\Gagan\.m2\repository\org\deeplearning4j\deeplearning4j-common\1.0.0-beta4\deeplearning4j-common-1.0.0-beta4.jar;C:\Users\Gagan\.m2\repository\org\deeplearning4j\deeplearning4j-datavec-iterators\1.0.0-beta4\deeplearning4j-datavec-iterators-1.0.0-beta4.jar;C:\Users\Gagan\.m2\repository\org\deeplearning4j\deeplearning4j-modelimport\1.0.0-beta4\deeplearning4j-modelimport-1.0.0-beta4.jar;C:\Users\Gagan\.m2\repository\org\bytedeco\hdf5-platform\1.10.5-1.5\hdf5-platform-1.10.5-1.5.jar;C:\Users\Gagan\.m2\repository\org\byte
Launcher Type: SUN_STANDARD

[Global flags]
     intx CICompilerCount                          = 4                                         {product} {ergonomic}
     uint ConcGCThreads                            = 3                                         {product} {ergonomic}
     uint G1ConcRefinementThreads                  = 10                                        {product} {ergonomic}
   size_t G1HeapRegionSize                         = 1048576                                   {product} {ergonomic}
    uintx GCDrainStackTargetSize                   = 64                                        {product} {ergonomic}
   size_t InitialHeapSize                          = 264241152                                 {product} {ergonomic}
   size_t MarkStackSize                            = 4194304                                   {product} {ergonomic}
   size_t MaxHeapSize                              = 3221225472                                {product} {command line}
   size_t MaxNewSize                               = 1932525568                                {product} {ergonomic}
   size_t MinHeapDeltaBytes                        = 1048576                                   {product} {ergonomic}
   size_t MinHeapSize                              = 8388608                                   {product} {ergonomic}
    uintx NonNMethodCodeHeapSize                   = 5836300                                {pd product} {ergonomic}
    uintx NonProfiledCodeHeapSize                  = 122910970                              {pd product} {ergonomic}
    uintx ProfiledCodeHeapSize                     = 122910970                              {pd product} {ergonomic}
    uintx ReservedCodeCacheSize                    = 251658240                              {pd product} {ergonomic}
     bool SegmentedCodeCache                       = true                                      {product} {ergonomic}
   size_t SoftMaxHeapSize                          = 3221225472                             {manageable} {ergonomic}
     bool UseCompressedClassPointers               = true                                 {lp64_product} {ergonomic}
     bool UseCompressedOops                        = true                                 {lp64_product} {ergonomic}
     bool UseG1GC                                  = true                                      {product} {ergonomic}
     bool UseLargePagesIndividualAllocation        = false                                  {pd product} {ergonomic}

Logging:
Log output configuration:
 #0: stdout all=warning uptime,level,tags
 #1: stderr all=off uptime,level,tags

Environment Variables:
JAVA_HOME=C:\Program Files\Java\jdk-13.0.1
PATH=C:\Windows\system32;C:\Windows;C:\Windows\System32\Wbem;C:\Windows\System32\WindowsPowerShell\v1.0\;C:\Windows\System32\OpenSSH\;C:\Program Files (x86)\NVIDIA Corporation\PhysX\Common;C:\Program Files\NVIDIA Corporation\NVIDIA NGX;C:\Program Files\NVIDIA Corporation\NVIDIA NvDLISR;C:\Program Files\Git\cmd;C:\Program Files\nodejs\;C:\Users\Gagan\Miniconda3;C:\Users\Gagan\Miniconda3\Library\mingw-w64\bin;C:\Users\Gagan\Miniconda3\Library\usr\bin;C:\Users\Gagan\Miniconda3\Library\bin;C:\Users\Gagan\Miniconda3\Scripts;C:\Users\Gagan\AppData\Local\Microsoft\WindowsApps;C:\Users\Gagan\AppData\Local\Programs\Microsoft VS Code\bin;C:\Users\Gagan\AppData\Local\atom\bin;C:\Users\Gagan\AppData\Roaming\npm;C:\Program Files\JetBrains\IntelliJ IDEA 2019.2.4\bin;
USERNAME=Gagan
OS=Windows_NT
PROCESSOR_IDENTIFIER=Intel64 Family 6 Model 158 Stepping 10, GenuineIntel



---------------  S Y S T E M  ---------------

OS: Windows 10 , 64 bit Build 18362 (10.0.18362.329)

CPU:total 12 (initial active 12) (6 cores per cpu, 2 threads per core) family 6 model 158 stepping 10, cmov, cx8, fxsr, mmx, sse, sse2, sse3, ssse3, sse4.1, sse4.2, popcnt, avx, avx2, aes, clmul, erms, 3dnowpref, lzcnt, ht, tsc, tscinvbit, bmi1, bmi2, adx, fma

Memory: 4k page, system-wide physical 16111M (1682M free)
TotalPageFile size 43628M (AvailPageFile size 5M)
current process WorkingSet (physical memory assigned to process): 288M, peak: 288M
current process commit charge ("private bytes"): 553M, peak: 554M

vm_info: Java HotSpot(TM) 64-Bit Server VM (13.0.1+9) for windows-amd64 JRE (13.0.1+9), built on Oct  6 2019 12:37:49 by "mach5one" with unknown MS VC++:1916

END.
