#
# There is insufficient memory for the Java Runtime Environment to continue.
# Native memory allocation (malloc) failed to allocate 891088 bytes for Chunk::new
# Possible reasons:
#   The system is out of physical RAM or swap space
#   The process is running with CompressedOops enabled, and the Java Heap may be blocking the growth of the native heap
# Possible solutions:
#   Reduce memory load on the system
#   Increase physical memory or swap space
#   Check if swap backing store is full
#   Decrease Java heap size (-Xmx/-Xms)
#   Decrease number of Java threads
#   Decrease Java thread stack sizes (-Xss)
#   Set larger code cache with -XX:ReservedCodeCacheSize=
#   JVM is running with Zero Based Compressed Oops mode in which the Java heap is
#     placed in the first 32GB address space. The Java Heap base address is the
#     maximum limit for the native heap growth. Please use -XX:HeapBaseMinAddress
#     to set the Java Heap base and to place the Java Heap above 32GB virtual address.
# This output file may be truncated or incomplete.
#
#  Out of Memory Error (t:/workspace/open/src/hotspot/share/memory/arena.cpp:196), pid=9536, tid=20920
#
# JRE version: Java(TM) SE Runtime Environment (13.0.1+9) (build 13.0.1+9)
# Java VM: Java HotSpot(TM) 64-Bit Server VM (13.0.1+9, mixed mode, sharing, tiered, compressed oops, g1 gc, windows-amd64)
# No core dump will be written. Minidumps are not enabled by default on client versions of Windows
#

---------------  S U M M A R Y ------------

Command Line: -Xmx3G com.fall2019.comp4980.TestClass

Host: Intel(R) Core(TM) i7-9750H CPU @ 2.60GHz, 12 cores, 15G,  Windows 10 , 64 bit Build 18362 (10.0.18362.329)
Time: Sat Nov 30 02:21:21 2019 Pacific Standard Time elapsed time: 4 seconds (0d 0h 0m 4s)

---------------  T H R E A D  ---------------

Current thread (0x000001dcf9804000):  JavaThread "C2 CompilerThread0" daemon [_thread_in_native, id=20920, stack(0x000000611b000000,0x000000611b100000)]


Current CompileTask:
C2:   4144 2849       4       org.nd4j.linalg.cpu.nativecpu.ops.NativeOpExecutioner::exec (1812 bytes)

Stack: [0x000000611b000000,0x000000611b100000]
Native frames: (J=compiled Java code, j=interpreted, Vv=VM code, C=native code)
V  [jvm.dll+0x626eca]
V  [jvm.dll+0x772c6a]
V  [jvm.dll+0x77441f]
V  [jvm.dll+0x774a23]
V  [jvm.dll+0x24da58]
V  [jvm.dll+0xc3ae7]
V  [jvm.dll+0xc406c]
V  [jvm.dll+0x35de75]
V  [jvm.dll+0x1a0e10]
V  [jvm.dll+0x2079d6]
V  [jvm.dll+0x206adf]
V  [jvm.dll+0x18b94c]
V  [jvm.dll+0x2159bd]
V  [jvm.dll+0x213e6b]
V  [jvm.dll+0x738b16]
V  [jvm.dll+0x731c0a]
V  [jvm.dll+0x6260c6]
C  [ucrtbase.dll+0x20e72]
C  [KERNEL32.DLL+0x17bd4]
C  [ntdll.dll+0x6ced1]


---------------  P R O C E S S  ---------------

Threads class SMR info:
_java_thread_list=0x000001dcfb399050, length=15, elements={
0x000001dcd74b5800, 0x000001dcf8f60800, 0x000001dcf8f61800, 0x000001dcf9802800,
0x000001dcf9803000, 0x000001dcf9804000, 0x000001dcf980b000, 0x000001dcf980f000,
0x000001dcf9aa4000, 0x000001dcf9acc800, 0x000001dcfaf47000, 0x000001dcfb73c800,
0x000001dcfb0bb800, 0x000001dcfb0c6800, 0x000001dcfb840000
}

Java Threads: ( => current thread )
  0x000001dcd74b5800 JavaThread "main" [_thread_in_native, id=26824, stack(0x000000611a500000,0x000000611a600000)]
  0x000001dcf8f60800 JavaThread "Reference Handler" daemon [_thread_blocked, id=20888, stack(0x000000611ac00000,0x000000611ad00000)]
  0x000001dcf8f61800 JavaThread "Finalizer" daemon [_thread_blocked, id=20844, stack(0x000000611ad00000,0x000000611ae00000)]
  0x000001dcf9802800 JavaThread "Signal Dispatcher" daemon [_thread_blocked, id=20380, stack(0x000000611ae00000,0x000000611af00000)]
  0x000001dcf9803000 JavaThread "Attach Listener" daemon [_thread_blocked, id=6176, stack(0x000000611af00000,0x000000611b000000)]
=>0x000001dcf9804000 JavaThread "C2 CompilerThread0" daemon [_thread_in_native, id=20920, stack(0x000000611b000000,0x000000611b100000)]
  0x000001dcf980b000 JavaThread "C1 CompilerThread0" daemon [_thread_blocked, id=13684, stack(0x000000611b100000,0x000000611b200000)]
  0x000001dcf980f000 JavaThread "Sweeper thread" daemon [_thread_blocked, id=5788, stack(0x000000611b200000,0x000000611b300000)]
  0x000001dcf9aa4000 JavaThread "Service Thread" daemon [_thread_blocked, id=1452, stack(0x000000611b300000,0x000000611b400000)]
  0x000001dcf9acc800 JavaThread "Common-Cleaner" daemon [_thread_blocked, id=26012, stack(0x000000611b500000,0x000000611b600000)]
  0x000001dcfaf47000 JavaThread "JavaCPP Deallocator" daemon [_thread_blocked, id=25936, stack(0x000000611bc00000,0x000000611bd00000)]
  0x000001dcfb73c800 JavaThread "Java2D Disposer" daemon [_thread_blocked, id=26660, stack(0x000000611c300000,0x000000611c400000)]
  0x000001dcfb0bb800 JavaThread "DeallocatorServiceThread_0" daemon [_thread_blocked, id=27276, stack(0x000000611b600000,0x000000611b700000)]
  0x000001dcfb0c6800 JavaThread "DeallocatorServiceThread_1" daemon [_thread_blocked, id=8360, stack(0x000000611bd00000,0x000000611be00000)]
  0x000001dcfb840000 JavaThread "C2 CompilerThread1" daemon [_thread_in_native, id=14368, stack(0x000000611c400000,0x000000611c500000)]

Other Threads:
  0x000001dcf8f5c800 VMThread "VM Thread" [stack: 0x000000611ab00000,0x000000611ac00000] [id=15752]
  0x000001dcf9ad9000 WatcherThread [stack: 0x000000611b400000,0x000000611b500000] [id=25308]
  0x000001dcd750d800 GCTaskThread "GC Thread#0" [stack: 0x000000611a600000,0x000000611a700000] [id=11468]
  0x000001dcfa426800 GCTaskThread "GC Thread#1" [stack: 0x000000611b700000,0x000000611b800000] [id=2092]
  0x000001dcfa80c800 GCTaskThread "GC Thread#2" [stack: 0x000000611b800000,0x000000611b900000] [id=15344]
  0x000001dcfa7be800 GCTaskThread "GC Thread#3" [stack: 0x000000611b900000,0x000000611ba00000] [id=2932]
  0x000001dcfa655000 GCTaskThread "GC Thread#4" [stack: 0x000000611ba00000,0x000000611bb00000] [id=26388]
  0x000001dcfa754800 GCTaskThread "GC Thread#5" [stack: 0x000000611bb00000,0x000000611bc00000] [id=24188]
  0x000001dcd7528000 ConcurrentGCThread "G1 Main Marker" [stack: 0x000000611a700000,0x000000611a800000] [id=6172]
  0x000001dcd752a800 ConcurrentGCThread "G1 Conc#0" [stack: 0x000000611a800000,0x000000611a900000] [id=20712]
  0x000001dcf8e57800 ConcurrentGCThread "G1 Refine#0" [stack: 0x000000611a900000,0x000000611aa00000] [id=1520]
  0x000001dcf8e5a800 ConcurrentGCThread "G1 Young RemSet Sampling" [stack: 0x000000611aa00000,0x000000611ab00000] [id=12212]

Threads with active compile tasks:
C2 CompilerThread0     4189 2849       4       org.nd4j.linalg.cpu.nativecpu.ops.NativeOpExecutioner::exec (1812 bytes)
C2 CompilerThread1     4189 2879       4       org.nd4j.linalg.workspace.BaseWorkspaceMgr::enforceExistsAndActive (111 bytes)

VM state:not at safepoint (normal execution)

VM Mutex/Monitor currently owned by a thread: None

Heap address: 0x0000000740000000, size: 3072 MB, Compressed Oops mode: Zero based, Oop shift amount: 3
Narrow klass base: 0x0000000800000000, Narrow klass shift: 3
Compressed class space size: 1073741824 Address: 0x0000000800b40000

Heap:
 garbage-first heap   total 258048K, used 107866K [0x0000000740000000, 0x0000000800000000)
  region size 1024K, 99 young (101376K), 6 survivors (6144K)
 Metaspace       used 18432K, capacity 18683K, committed 18944K, reserved 1067008K
  class space    used 2082K, capacity 2206K, committed 2304K, reserved 1048576K
Heap Regions: E=young(eden), S=young(survivor), O=old, HS=humongous(starts), HC=humongous(continues), CS=collection set, F=free, A=archive, TAMS=top-at-mark-start (previous, next)
|   0|0x0000000740000000, 0x0000000740100000, 0x0000000740100000|100%|HS|  |TAMS 0x0000000740000000, 0x0000000740000000| Complete 
|   1|0x0000000740100000, 0x0000000740200000, 0x0000000740200000|100%|HC|  |TAMS 0x0000000740100000, 0x0000000740100000| Complete 
|   2|0x0000000740200000, 0x0000000740300000, 0x0000000740300000|100%| O|  |TAMS 0x0000000740200000, 0x0000000740200000| Untracked 
|   3|0x0000000740300000, 0x0000000740400000, 0x0000000740400000|100%| O|  |TAMS 0x0000000740300000, 0x0000000740300000| Untracked 
|   4|0x0000000740400000, 0x0000000740500000, 0x0000000740500000|100%| O|  |TAMS 0x0000000740400000, 0x0000000740400000| Untracked 
|   5|0x0000000740500000, 0x0000000740600000, 0x0000000740600000|100%| O|  |TAMS 0x0000000740500000, 0x0000000740500000| Untracked 
|   6|0x0000000740600000, 0x0000000740700000, 0x0000000740700000|100%| O|  |TAMS 0x0000000740600000, 0x0000000740600000| Untracked 
|   7|0x0000000740700000, 0x0000000740759800, 0x0000000740800000| 34%| O|  |TAMS 0x0000000740700000, 0x0000000740700000| Untracked 
|   8|0x0000000740800000, 0x0000000740800000, 0x0000000740900000|  0%| F|  |TAMS 0x0000000740800000, 0x0000000740800000| Untracked 
|   9|0x0000000740900000, 0x0000000740900000, 0x0000000740a00000|  0%| F|  |TAMS 0x0000000740900000, 0x0000000740900000| Untracked 
|  10|0x0000000740a00000, 0x0000000740a00000, 0x0000000740b00000|  0%| F|  |TAMS 0x0000000740a00000, 0x0000000740a00000| Untracked 
|  11|0x0000000740b00000, 0x0000000740b00000, 0x0000000740c00000|  0%| F|  |TAMS 0x0000000740b00000, 0x0000000740b00000| Untracked 
|  12|0x0000000740c00000, 0x0000000740c00000, 0x0000000740d00000|  0%| F|  |TAMS 0x0000000740c00000, 0x0000000740c00000| Untracked 
|  13|0x0000000740d00000, 0x0000000740d00000, 0x0000000740e00000|  0%| F|  |TAMS 0x0000000740d00000, 0x0000000740d00000| Untracked 
|  14|0x0000000740e00000, 0x0000000740e00000, 0x0000000740f00000|  0%| F|  |TAMS 0x0000000740e00000, 0x0000000740e00000| Untracked 
|  15|0x0000000740f00000, 0x0000000740f00000, 0x0000000741000000|  0%| F|  |TAMS 0x0000000740f00000, 0x0000000740f00000| Untracked 
|  16|0x0000000741000000, 0x0000000741000000, 0x0000000741100000|  0%| F|  |TAMS 0x0000000741000000, 0x0000000741000000| Untracked 
|  17|0x0000000741100000, 0x0000000741100000, 0x0000000741200000|  0%| F|  |TAMS 0x0000000741100000, 0x0000000741100000| Untracked 
|  18|0x0000000741200000, 0x0000000741200000, 0x0000000741300000|  0%| F|  |TAMS 0x0000000741200000, 0x0000000741200000| Untracked 
|  19|0x0000000741300000, 0x0000000741300000, 0x0000000741400000|  0%| F|  |TAMS 0x0000000741300000, 0x0000000741300000| Untracked 
|  20|0x0000000741400000, 0x0000000741400000, 0x0000000741500000|  0%| F|  |TAMS 0x0000000741400000, 0x0000000741400000| Untracked 
|  21|0x0000000741500000, 0x0000000741500000, 0x0000000741600000|  0%| F|  |TAMS 0x0000000741500000, 0x0000000741500000| Untracked 
|  22|0x0000000741600000, 0x0000000741600000, 0x0000000741700000|  0%| F|  |TAMS 0x0000000741600000, 0x0000000741600000| Untracked 
|  23|0x0000000741700000, 0x0000000741700000, 0x0000000741800000|  0%| F|  |TAMS 0x0000000741700000, 0x0000000741700000| Untracked 
|  24|0x0000000741800000, 0x0000000741800000, 0x0000000741900000|  0%| F|  |TAMS 0x0000000741800000, 0x0000000741800000| Untracked 
|  25|0x0000000741900000, 0x0000000741900000, 0x0000000741a00000|  0%| F|  |TAMS 0x0000000741900000, 0x0000000741900000| Untracked 
|  26|0x0000000741a00000, 0x0000000741a00000, 0x0000000741b00000|  0%| F|  |TAMS 0x0000000741a00000, 0x0000000741a00000| Untracked 
|  27|0x0000000741b00000, 0x0000000741b00000, 0x0000000741c00000|  0%| F|  |TAMS 0x0000000741b00000, 0x0000000741b00000| Untracked 
|  28|0x0000000741c00000, 0x0000000741c00000, 0x0000000741d00000|  0%| F|  |TAMS 0x0000000741c00000, 0x0000000741c00000| Untracked 
|  29|0x0000000741d00000, 0x0000000741d00000, 0x0000000741e00000|  0%| F|  |TAMS 0x0000000741d00000, 0x0000000741d00000| Untracked 
|  30|0x0000000741e00000, 0x0000000741e00000, 0x0000000741f00000|  0%| F|  |TAMS 0x0000000741e00000, 0x0000000741e00000| Untracked 
|  31|0x0000000741f00000, 0x0000000741f00000, 0x0000000742000000|  0%| F|  |TAMS 0x0000000741f00000, 0x0000000741f00000| Untracked 
|  32|0x0000000742000000, 0x0000000742000000, 0x0000000742100000|  0%| F|  |TAMS 0x0000000742000000, 0x0000000742000000| Untracked 
|  33|0x0000000742100000, 0x0000000742100000, 0x0000000742200000|  0%| F|  |TAMS 0x0000000742100000, 0x0000000742100000| Untracked 
|  34|0x0000000742200000, 0x0000000742200000, 0x0000000742300000|  0%| F|  |TAMS 0x0000000742200000, 0x0000000742200000| Untracked 
|  35|0x0000000742300000, 0x0000000742300000, 0x0000000742400000|  0%| F|  |TAMS 0x0000000742300000, 0x0000000742300000| Untracked 
|  36|0x0000000742400000, 0x0000000742400000, 0x0000000742500000|  0%| F|  |TAMS 0x0000000742400000, 0x0000000742400000| Untracked 
|  37|0x0000000742500000, 0x0000000742500000, 0x0000000742600000|  0%| F|  |TAMS 0x0000000742500000, 0x0000000742500000| Untracked 
|  38|0x0000000742600000, 0x0000000742600000, 0x0000000742700000|  0%| F|  |TAMS 0x0000000742600000, 0x0000000742600000| Untracked 
|  39|0x0000000742700000, 0x0000000742700000, 0x0000000742800000|  0%| F|  |TAMS 0x0000000742700000, 0x0000000742700000| Untracked 
|  40|0x0000000742800000, 0x0000000742800000, 0x0000000742900000|  0%| F|  |TAMS 0x0000000742800000, 0x0000000742800000| Untracked 
|  41|0x0000000742900000, 0x0000000742900000, 0x0000000742a00000|  0%| F|  |TAMS 0x0000000742900000, 0x0000000742900000| Untracked 
|  42|0x0000000742a00000, 0x0000000742a00000, 0x0000000742b00000|  0%| F|  |TAMS 0x0000000742a00000, 0x0000000742a00000| Untracked 
|  43|0x0000000742b00000, 0x0000000742b00000, 0x0000000742c00000|  0%| F|  |TAMS 0x0000000742b00000, 0x0000000742b00000| Untracked 
|  44|0x0000000742c00000, 0x0000000742c00000, 0x0000000742d00000|  0%| F|  |TAMS 0x0000000742c00000, 0x0000000742c00000| Untracked 
|  45|0x0000000742d00000, 0x0000000742d00000, 0x0000000742e00000|  0%| F|  |TAMS 0x0000000742d00000, 0x0000000742d00000| Untracked 
|  46|0x0000000742e00000, 0x0000000742e00000, 0x0000000742f00000|  0%| F|  |TAMS 0x0000000742e00000, 0x0000000742e00000| Untracked 
|  47|0x0000000742f00000, 0x0000000742f00000, 0x0000000743000000|  0%| F|  |TAMS 0x0000000742f00000, 0x0000000742f00000| Untracked 
|  48|0x0000000743000000, 0x0000000743000000, 0x0000000743100000|  0%| F|  |TAMS 0x0000000743000000, 0x0000000743000000| Untracked 
|  49|0x0000000743100000, 0x0000000743100000, 0x0000000743200000|  0%| F|  |TAMS 0x0000000743100000, 0x0000000743100000| Untracked 
|  50|0x0000000743200000, 0x0000000743200000, 0x0000000743300000|  0%| F|  |TAMS 0x0000000743200000, 0x0000000743200000| Untracked 
|  51|0x0000000743300000, 0x0000000743300000, 0x0000000743400000|  0%| F|  |TAMS 0x0000000743300000, 0x0000000743300000| Untracked 
|  52|0x0000000743400000, 0x0000000743400000, 0x0000000743500000|  0%| F|  |TAMS 0x0000000743400000, 0x0000000743400000| Untracked 
|  53|0x0000000743500000, 0x0000000743500000, 0x0000000743600000|  0%| F|  |TAMS 0x0000000743500000, 0x0000000743500000| Untracked 
|  54|0x0000000743600000, 0x0000000743600000, 0x0000000743700000|  0%| F|  |TAMS 0x0000000743600000, 0x0000000743600000| Untracked 
|  55|0x0000000743700000, 0x0000000743700000, 0x0000000743800000|  0%| F|  |TAMS 0x0000000743700000, 0x0000000743700000| Untracked 
|  56|0x0000000743800000, 0x0000000743800000, 0x0000000743900000|  0%| F|  |TAMS 0x0000000743800000, 0x0000000743800000| Untracked 
|  57|0x0000000743900000, 0x0000000743900000, 0x0000000743a00000|  0%| F|  |TAMS 0x0000000743900000, 0x0000000743900000| Untracked 
|  58|0x0000000743a00000, 0x0000000743a00000, 0x0000000743b00000|  0%| F|  |TAMS 0x0000000743a00000, 0x0000000743a00000| Untracked 
|  59|0x0000000743b00000, 0x0000000743b00000, 0x0000000743c00000|  0%| F|  |TAMS 0x0000000743b00000, 0x0000000743b00000| Untracked 
|  60|0x0000000743c00000, 0x0000000743c00000, 0x0000000743d00000|  0%| F|  |TAMS 0x0000000743c00000, 0x0000000743c00000| Untracked 
|  61|0x0000000743d00000, 0x0000000743d00000, 0x0000000743e00000|  0%| F|  |TAMS 0x0000000743d00000, 0x0000000743d00000| Untracked 
|  62|0x0000000743e00000, 0x0000000743e00000, 0x0000000743f00000|  0%| F|  |TAMS 0x0000000743e00000, 0x0000000743e00000| Untracked 
|  63|0x0000000743f00000, 0x0000000743f00000, 0x0000000744000000|  0%| F|  |TAMS 0x0000000743f00000, 0x0000000743f00000| Untracked 
|  64|0x0000000744000000, 0x0000000744000000, 0x0000000744100000|  0%| F|  |TAMS 0x0000000744000000, 0x0000000744000000| Untracked 
|  65|0x0000000744100000, 0x0000000744100000, 0x0000000744200000|  0%| F|  |TAMS 0x0000000744100000, 0x0000000744100000| Untracked 
|  66|0x0000000744200000, 0x0000000744200000, 0x0000000744300000|  0%| F|  |TAMS 0x0000000744200000, 0x0000000744200000| Untracked 
|  67|0x0000000744300000, 0x0000000744300000, 0x0000000744400000|  0%| F|  |TAMS 0x0000000744300000, 0x0000000744300000| Untracked 
|  68|0x0000000744400000, 0x0000000744400000, 0x0000000744500000|  0%| F|  |TAMS 0x0000000744400000, 0x0000000744400000| Untracked 
|  69|0x0000000744500000, 0x0000000744500000, 0x0000000744600000|  0%| F|  |TAMS 0x0000000744500000, 0x0000000744500000| Untracked 
|  70|0x0000000744600000, 0x0000000744600000, 0x0000000744700000|  0%| F|  |TAMS 0x0000000744600000, 0x0000000744600000| Untracked 
|  71|0x0000000744700000, 0x0000000744700000, 0x0000000744800000|  0%| F|  |TAMS 0x0000000744700000, 0x0000000744700000| Untracked 
|  72|0x0000000744800000, 0x0000000744800000, 0x0000000744900000|  0%| F|  |TAMS 0x0000000744800000, 0x0000000744800000| Untracked 
|  73|0x0000000744900000, 0x0000000744900000, 0x0000000744a00000|  0%| F|  |TAMS 0x0000000744900000, 0x0000000744900000| Untracked 
|  74|0x0000000744a00000, 0x0000000744a00000, 0x0000000744b00000|  0%| F|  |TAMS 0x0000000744a00000, 0x0000000744a00000| Untracked 
|  75|0x0000000744b00000, 0x0000000744b00000, 0x0000000744c00000|  0%| F|  |TAMS 0x0000000744b00000, 0x0000000744b00000| Untracked 
|  76|0x0000000744c00000, 0x0000000744c00000, 0x0000000744d00000|  0%| F|  |TAMS 0x0000000744c00000, 0x0000000744c00000| Untracked 
|  77|0x0000000744d00000, 0x0000000744d00000, 0x0000000744e00000|  0%| F|  |TAMS 0x0000000744d00000, 0x0000000744d00000| Untracked 
|  78|0x0000000744e00000, 0x0000000744e00000, 0x0000000744f00000|  0%| F|  |TAMS 0x0000000744e00000, 0x0000000744e00000| Untracked 
|  79|0x0000000744f00000, 0x0000000744f00000, 0x0000000745000000|  0%| F|  |TAMS 0x0000000744f00000, 0x0000000744f00000| Untracked 
|  80|0x0000000745000000, 0x0000000745000000, 0x0000000745100000|  0%| F|  |TAMS 0x0000000745000000, 0x0000000745000000| Untracked 
|  81|0x0000000745100000, 0x0000000745100000, 0x0000000745200000|  0%| F|  |TAMS 0x0000000745100000, 0x0000000745100000| Untracked 
|  82|0x0000000745200000, 0x0000000745200000, 0x0000000745300000|  0%| F|  |TAMS 0x0000000745200000, 0x0000000745200000| Untracked 
|  83|0x0000000745300000, 0x0000000745300000, 0x0000000745400000|  0%| F|  |TAMS 0x0000000745300000, 0x0000000745300000| Untracked 
|  84|0x0000000745400000, 0x0000000745400000, 0x0000000745500000|  0%| F|  |TAMS 0x0000000745400000, 0x0000000745400000| Untracked 
|  85|0x0000000745500000, 0x0000000745500000, 0x0000000745600000|  0%| F|  |TAMS 0x0000000745500000, 0x0000000745500000| Untracked 
|  86|0x0000000745600000, 0x0000000745600000, 0x0000000745700000|  0%| F|  |TAMS 0x0000000745600000, 0x0000000745600000| Untracked 
|  87|0x0000000745700000, 0x0000000745700000, 0x0000000745800000|  0%| F|  |TAMS 0x0000000745700000, 0x0000000745700000| Untracked 
|  88|0x0000000745800000, 0x0000000745800000, 0x0000000745900000|  0%| F|  |TAMS 0x0000000745800000, 0x0000000745800000| Untracked 
|  89|0x0000000745900000, 0x0000000745900000, 0x0000000745a00000|  0%| F|  |TAMS 0x0000000745900000, 0x0000000745900000| Untracked 
|  90|0x0000000745a00000, 0x0000000745a00000, 0x0000000745b00000|  0%| F|  |TAMS 0x0000000745a00000, 0x0000000745a00000| Untracked 
|  91|0x0000000745b00000, 0x0000000745b00000, 0x0000000745c00000|  0%| F|  |TAMS 0x0000000745b00000, 0x0000000745b00000| Untracked 
|  92|0x0000000745c00000, 0x0000000745c00000, 0x0000000745d00000|  0%| F|  |TAMS 0x0000000745c00000, 0x0000000745c00000| Untracked 
|  93|0x0000000745d00000, 0x0000000745d00000, 0x0000000745e00000|  0%| F|  |TAMS 0x0000000745d00000, 0x0000000745d00000| Untracked 
|  94|0x0000000745e00000, 0x0000000745e00000, 0x0000000745f00000|  0%| F|  |TAMS 0x0000000745e00000, 0x0000000745e00000| Untracked 
|  95|0x0000000745f00000, 0x0000000745ffd280, 0x0000000746000000| 98%| S|CS|TAMS 0x0000000745f00000, 0x0000000745f00000| Complete 
|  96|0x0000000746000000, 0x0000000746100000, 0x0000000746100000|100%| S|CS|TAMS 0x0000000746000000, 0x0000000746000000| Complete 
|  97|0x0000000746100000, 0x0000000746100000, 0x0000000746200000|  0%| F|  |TAMS 0x0000000746100000, 0x0000000746100000| Untracked 
|  98|0x0000000746200000, 0x0000000746200000, 0x0000000746300000|  0%| F|  |TAMS 0x0000000746200000, 0x0000000746200000| Untracked 
|  99|0x0000000746300000, 0x0000000746300000, 0x0000000746400000|  0%| F|  |TAMS 0x0000000746300000, 0x0000000746300000| Untracked 
| 100|0x0000000746400000, 0x0000000746400000, 0x0000000746500000|  0%| F|  |TAMS 0x0000000746400000, 0x0000000746400000| Untracked 
| 101|0x0000000746500000, 0x0000000746600000, 0x0000000746600000|100%| S|CS|TAMS 0x0000000746500000, 0x0000000746500000| Complete 
| 102|0x0000000746600000, 0x0000000746700000, 0x0000000746700000|100%| S|CS|TAMS 0x0000000746600000, 0x0000000746600000| Complete 
| 103|0x0000000746700000, 0x0000000746800000, 0x0000000746800000|100%| S|CS|TAMS 0x0000000746700000, 0x0000000746700000| Complete 
| 104|0x0000000746800000, 0x0000000746900000, 0x0000000746900000|100%| S|CS|TAMS 0x0000000746800000, 0x0000000746800000| Complete 
| 105|0x0000000746900000, 0x0000000746900000, 0x0000000746a00000|  0%| F|  |TAMS 0x0000000746900000, 0x0000000746900000| Untracked 
| 106|0x0000000746a00000, 0x0000000746a00000, 0x0000000746b00000|  0%| F|  |TAMS 0x0000000746a00000, 0x0000000746a00000| Untracked 
| 107|0x0000000746b00000, 0x0000000746b00000, 0x0000000746c00000|  0%| F|  |TAMS 0x0000000746b00000, 0x0000000746b00000| Untracked 
| 108|0x0000000746c00000, 0x0000000746c00000, 0x0000000746d00000|  0%| F|  |TAMS 0x0000000746c00000, 0x0000000746c00000| Untracked 
| 109|0x0000000746d00000, 0x0000000746d00000, 0x0000000746e00000|  0%| F|  |TAMS 0x0000000746d00000, 0x0000000746d00000| Untracked 
| 110|0x0000000746e00000, 0x0000000746e00000, 0x0000000746f00000|  0%| F|  |TAMS 0x0000000746e00000, 0x0000000746e00000| Untracked 
| 111|0x0000000746f00000, 0x0000000746f00000, 0x0000000747000000|  0%| F|  |TAMS 0x0000000746f00000, 0x0000000746f00000| Untracked 
| 112|0x0000000747000000, 0x0000000747000000, 0x0000000747100000|  0%| F|  |TAMS 0x0000000747000000, 0x0000000747000000| Untracked 
| 113|0x0000000747100000, 0x0000000747100000, 0x0000000747200000|  0%| F|  |TAMS 0x0000000747100000, 0x0000000747100000| Untracked 
| 114|0x0000000747200000, 0x0000000747200000, 0x0000000747300000|  0%| F|  |TAMS 0x0000000747200000, 0x0000000747200000| Untracked 
| 115|0x0000000747300000, 0x0000000747300000, 0x0000000747400000|  0%| F|  |TAMS 0x0000000747300000, 0x0000000747300000| Untracked 
| 116|0x0000000747400000, 0x0000000747400000, 0x0000000747500000|  0%| F|  |TAMS 0x0000000747400000, 0x0000000747400000| Untracked 
| 117|0x0000000747500000, 0x0000000747500000, 0x0000000747600000|  0%| F|  |TAMS 0x0000000747500000, 0x0000000747500000| Untracked 
| 118|0x0000000747600000, 0x0000000747600000, 0x0000000747700000|  0%| F|  |TAMS 0x0000000747600000, 0x0000000747600000| Untracked 
| 119|0x0000000747700000, 0x0000000747700000, 0x0000000747800000|  0%| F|  |TAMS 0x0000000747700000, 0x0000000747700000| Untracked 
| 120|0x0000000747800000, 0x0000000747800000, 0x0000000747900000|  0%| F|  |TAMS 0x0000000747800000, 0x0000000747800000| Untracked 
| 121|0x0000000747900000, 0x0000000747900000, 0x0000000747a00000|  0%| F|  |TAMS 0x0000000747900000, 0x0000000747900000| Untracked 
| 122|0x0000000747a00000, 0x0000000747a00000, 0x0000000747b00000|  0%| F|  |TAMS 0x0000000747a00000, 0x0000000747a00000| Untracked 
| 123|0x0000000747b00000, 0x0000000747b00000, 0x0000000747c00000|  0%| F|  |TAMS 0x0000000747b00000, 0x0000000747b00000| Untracked 
| 124|0x0000000747c00000, 0x0000000747c00000, 0x0000000747d00000|  0%| F|  |TAMS 0x0000000747c00000, 0x0000000747c00000| Untracked 
| 125|0x0000000747d00000, 0x0000000747d00000, 0x0000000747e00000|  0%| F|  |TAMS 0x0000000747d00000, 0x0000000747d00000| Untracked 
| 126|0x0000000747e00000, 0x0000000747e00000, 0x0000000747f00000|  0%| F|  |TAMS 0x0000000747e00000, 0x0000000747e00000| Untracked 
| 127|0x0000000747f00000, 0x0000000747f00000, 0x0000000748000000|  0%| F|  |TAMS 0x0000000747f00000, 0x0000000747f00000| Untracked 
| 128|0x0000000748000000, 0x0000000748000000, 0x0000000748100000|  0%| F|  |TAMS 0x0000000748000000, 0x0000000748000000| Untracked 
| 129|0x0000000748100000, 0x0000000748100000, 0x0000000748200000|  0%| F|  |TAMS 0x0000000748100000, 0x0000000748100000| Untracked 
| 130|0x0000000748200000, 0x0000000748200000, 0x0000000748300000|  0%| F|  |TAMS 0x0000000748200000, 0x0000000748200000| Untracked 
| 131|0x0000000748300000, 0x0000000748300000, 0x0000000748400000|  0%| F|  |TAMS 0x0000000748300000, 0x0000000748300000| Untracked 
| 132|0x0000000748400000, 0x0000000748400000, 0x0000000748500000|  0%| F|  |TAMS 0x0000000748400000, 0x0000000748400000| Untracked 
| 133|0x0000000748500000, 0x0000000748500000, 0x0000000748600000|  0%| F|  |TAMS 0x0000000748500000, 0x0000000748500000| Untracked 
| 134|0x0000000748600000, 0x0000000748600000, 0x0000000748700000|  0%| F|  |TAMS 0x0000000748600000, 0x0000000748600000| Untracked 
| 135|0x0000000748700000, 0x0000000748700000, 0x0000000748800000|  0%| F|  |TAMS 0x0000000748700000, 0x0000000748700000| Untracked 
| 136|0x0000000748800000, 0x0000000748800000, 0x0000000748900000|  0%| F|  |TAMS 0x0000000748800000, 0x0000000748800000| Untracked 
| 137|0x0000000748900000, 0x0000000748900000, 0x0000000748a00000|  0%| F|  |TAMS 0x0000000748900000, 0x0000000748900000| Untracked 
| 138|0x0000000748a00000, 0x0000000748a00000, 0x0000000748b00000|  0%| F|  |TAMS 0x0000000748a00000, 0x0000000748a00000| Untracked 
| 139|0x0000000748b00000, 0x0000000748b00000, 0x0000000748c00000|  0%| F|  |TAMS 0x0000000748b00000, 0x0000000748b00000| Untracked 
| 140|0x0000000748c00000, 0x0000000748c00000, 0x0000000748d00000|  0%| F|  |TAMS 0x0000000748c00000, 0x0000000748c00000| Untracked 
| 141|0x0000000748d00000, 0x0000000748d00000, 0x0000000748e00000|  0%| F|  |TAMS 0x0000000748d00000, 0x0000000748d00000| Untracked 
| 142|0x0000000748e00000, 0x0000000748e00000, 0x0000000748f00000|  0%| F|  |TAMS 0x0000000748e00000, 0x0000000748e00000| Untracked 
| 143|0x0000000748f00000, 0x0000000748f00000, 0x0000000749000000|  0%| F|  |TAMS 0x0000000748f00000, 0x0000000748f00000| Untracked 
| 144|0x0000000749000000, 0x0000000749000000, 0x0000000749100000|  0%| F|  |TAMS 0x0000000749000000, 0x0000000749000000| Untracked 
| 145|0x0000000749100000, 0x0000000749100000, 0x0000000749200000|  0%| F|  |TAMS 0x0000000749100000, 0x0000000749100000| Untracked 
| 146|0x0000000749200000, 0x0000000749200000, 0x0000000749300000|  0%| F|  |TAMS 0x0000000749200000, 0x0000000749200000| Untracked 
| 147|0x0000000749300000, 0x0000000749300000, 0x0000000749400000|  0%| F|  |TAMS 0x0000000749300000, 0x0000000749300000| Untracked 
| 148|0x0000000749400000, 0x0000000749400000, 0x0000000749500000|  0%| F|  |TAMS 0x0000000749400000, 0x0000000749400000| Untracked 
| 149|0x0000000749500000, 0x0000000749500000, 0x0000000749600000|  0%| F|  |TAMS 0x0000000749500000, 0x0000000749500000| Untracked 
| 150|0x0000000749600000, 0x0000000749600000, 0x0000000749700000|  0%| F|  |TAMS 0x0000000749600000, 0x0000000749600000| Untracked 
| 151|0x0000000749700000, 0x0000000749700000, 0x0000000749800000|  0%| F|  |TAMS 0x0000000749700000, 0x0000000749700000| Untracked 
| 152|0x0000000749800000, 0x0000000749800000, 0x0000000749900000|  0%| F|  |TAMS 0x0000000749800000, 0x0000000749800000| Untracked 
| 153|0x0000000749900000, 0x0000000749900000, 0x0000000749a00000|  0%| F|  |TAMS 0x0000000749900000, 0x0000000749900000| Untracked 
| 154|0x0000000749a00000, 0x0000000749a00000, 0x0000000749b00000|  0%| F|  |TAMS 0x0000000749a00000, 0x0000000749a00000| Untracked 
| 155|0x0000000749b00000, 0x0000000749b00000, 0x0000000749c00000|  0%| F|  |TAMS 0x0000000749b00000, 0x0000000749b00000| Untracked 
| 156|0x0000000749c00000, 0x0000000749d00000, 0x0000000749d00000|100%| E|  |TAMS 0x0000000749c00000, 0x0000000749c00000| Complete 
| 157|0x0000000749d00000, 0x0000000749e00000, 0x0000000749e00000|100%| E|CS|TAMS 0x0000000749d00000, 0x0000000749d00000| Complete 
| 158|0x0000000749e00000, 0x0000000749f00000, 0x0000000749f00000|100%| E|CS|TAMS 0x0000000749e00000, 0x0000000749e00000| Complete 
| 159|0x0000000749f00000, 0x000000074a000000, 0x000000074a000000|100%| E|CS|TAMS 0x0000000749f00000, 0x0000000749f00000| Complete 
| 160|0x000000074a000000, 0x000000074a100000, 0x000000074a100000|100%| E|CS|TAMS 0x000000074a000000, 0x000000074a000000| Complete 
| 161|0x000000074a100000, 0x000000074a200000, 0x000000074a200000|100%| E|CS|TAMS 0x000000074a100000, 0x000000074a100000| Complete 
| 162|0x000000074a200000, 0x000000074a300000, 0x000000074a300000|100%| E|CS|TAMS 0x000000074a200000, 0x000000074a200000| Complete 
| 163|0x000000074a300000, 0x000000074a400000, 0x000000074a400000|100%| E|CS|TAMS 0x000000074a300000, 0x000000074a300000| Complete 
| 164|0x000000074a400000, 0x000000074a500000, 0x000000074a500000|100%| E|CS|TAMS 0x000000074a400000, 0x000000074a400000| Complete 
| 165|0x000000074a500000, 0x000000074a600000, 0x000000074a600000|100%| E|CS|TAMS 0x000000074a500000, 0x000000074a500000| Complete 
| 166|0x000000074a600000, 0x000000074a700000, 0x000000074a700000|100%| E|CS|TAMS 0x000000074a600000, 0x000000074a600000| Complete 
| 167|0x000000074a700000, 0x000000074a800000, 0x000000074a800000|100%| E|CS|TAMS 0x000000074a700000, 0x000000074a700000| Complete 
| 168|0x000000074a800000, 0x000000074a900000, 0x000000074a900000|100%| E|CS|TAMS 0x000000074a800000, 0x000000074a800000| Complete 
| 169|0x000000074a900000, 0x000000074aa00000, 0x000000074aa00000|100%| E|CS|TAMS 0x000000074a900000, 0x000000074a900000| Complete 
| 170|0x000000074aa00000, 0x000000074ab00000, 0x000000074ab00000|100%| E|CS|TAMS 0x000000074aa00000, 0x000000074aa00000| Complete 
| 171|0x000000074ab00000, 0x000000074ac00000, 0x000000074ac00000|100%| E|CS|TAMS 0x000000074ab00000, 0x000000074ab00000| Complete 
| 172|0x000000074ac00000, 0x000000074ad00000, 0x000000074ad00000|100%| E|CS|TAMS 0x000000074ac00000, 0x000000074ac00000| Complete 
| 173|0x000000074ad00000, 0x000000074ae00000, 0x000000074ae00000|100%| E|CS|TAMS 0x000000074ad00000, 0x000000074ad00000| Complete 
| 174|0x000000074ae00000, 0x000000074af00000, 0x000000074af00000|100%| E|CS|TAMS 0x000000074ae00000, 0x000000074ae00000| Complete 
| 175|0x000000074af00000, 0x000000074b000000, 0x000000074b000000|100%| E|CS|TAMS 0x000000074af00000, 0x000000074af00000| Complete 
| 176|0x000000074b000000, 0x000000074b100000, 0x000000074b100000|100%| E|CS|TAMS 0x000000074b000000, 0x000000074b000000| Complete 
| 177|0x000000074b100000, 0x000000074b200000, 0x000000074b200000|100%| E|CS|TAMS 0x000000074b100000, 0x000000074b100000| Complete 
| 178|0x000000074b200000, 0x000000074b300000, 0x000000074b300000|100%| E|CS|TAMS 0x000000074b200000, 0x000000074b200000| Complete 
| 179|0x000000074b300000, 0x000000074b400000, 0x000000074b400000|100%| E|CS|TAMS 0x000000074b300000, 0x000000074b300000| Complete 
| 180|0x000000074b400000, 0x000000074b500000, 0x000000074b500000|100%| E|CS|TAMS 0x000000074b400000, 0x000000074b400000| Complete 
| 181|0x000000074b500000, 0x000000074b600000, 0x000000074b600000|100%| E|CS|TAMS 0x000000074b500000, 0x000000074b500000| Complete 
| 182|0x000000074b600000, 0x000000074b700000, 0x000000074b700000|100%| E|CS|TAMS 0x000000074b600000, 0x000000074b600000| Complete 
| 183|0x000000074b700000, 0x000000074b800000, 0x000000074b800000|100%| E|CS|TAMS 0x000000074b700000, 0x000000074b700000| Complete 
| 184|0x000000074b800000, 0x000000074b900000, 0x000000074b900000|100%| E|CS|TAMS 0x000000074b800000, 0x000000074b800000| Complete 
| 185|0x000000074b900000, 0x000000074ba00000, 0x000000074ba00000|100%| E|CS|TAMS 0x000000074b900000, 0x000000074b900000| Complete 
| 186|0x000000074ba00000, 0x000000074bb00000, 0x000000074bb00000|100%| E|CS|TAMS 0x000000074ba00000, 0x000000074ba00000| Complete 
| 187|0x000000074bb00000, 0x000000074bc00000, 0x000000074bc00000|100%| E|CS|TAMS 0x000000074bb00000, 0x000000074bb00000| Complete 
| 188|0x000000074bc00000, 0x000000074bd00000, 0x000000074bd00000|100%| E|CS|TAMS 0x000000074bc00000, 0x000000074bc00000| Complete 
| 189|0x000000074bd00000, 0x000000074be00000, 0x000000074be00000|100%| E|CS|TAMS 0x000000074bd00000, 0x000000074bd00000| Complete 
| 190|0x000000074be00000, 0x000000074bf00000, 0x000000074bf00000|100%| E|CS|TAMS 0x000000074be00000, 0x000000074be00000| Complete 
| 191|0x000000074bf00000, 0x000000074c000000, 0x000000074c000000|100%| E|CS|TAMS 0x000000074bf00000, 0x000000074bf00000| Complete 
| 192|0x000000074c000000, 0x000000074c100000, 0x000000074c100000|100%| E|CS|TAMS 0x000000074c000000, 0x000000074c000000| Complete 
| 193|0x000000074c100000, 0x000000074c200000, 0x000000074c200000|100%| E|CS|TAMS 0x000000074c100000, 0x000000074c100000| Complete 
| 194|0x000000074c200000, 0x000000074c300000, 0x000000074c300000|100%| E|CS|TAMS 0x000000074c200000, 0x000000074c200000| Complete 
| 195|0x000000074c300000, 0x000000074c400000, 0x000000074c400000|100%| E|CS|TAMS 0x000000074c300000, 0x000000074c300000| Complete 
| 196|0x000000074c400000, 0x000000074c500000, 0x000000074c500000|100%| E|CS|TAMS 0x000000074c400000, 0x000000074c400000| Complete 
| 197|0x000000074c500000, 0x000000074c600000, 0x000000074c600000|100%| E|CS|TAMS 0x000000074c500000, 0x000000074c500000| Complete 
| 198|0x000000074c600000, 0x000000074c700000, 0x000000074c700000|100%| E|CS|TAMS 0x000000074c600000, 0x000000074c600000| Complete 
| 199|0x000000074c700000, 0x000000074c800000, 0x000000074c800000|100%| E|CS|TAMS 0x000000074c700000, 0x000000074c700000| Complete 
| 200|0x000000074c800000, 0x000000074c900000, 0x000000074c900000|100%| E|CS|TAMS 0x000000074c800000, 0x000000074c800000| Complete 
| 201|0x000000074c900000, 0x000000074ca00000, 0x000000074ca00000|100%| E|CS|TAMS 0x000000074c900000, 0x000000074c900000| Complete 
| 202|0x000000074ca00000, 0x000000074cb00000, 0x000000074cb00000|100%| E|CS|TAMS 0x000000074ca00000, 0x000000074ca00000| Complete 
| 203|0x000000074cb00000, 0x000000074cc00000, 0x000000074cc00000|100%| E|CS|TAMS 0x000000074cb00000, 0x000000074cb00000| Complete 
| 204|0x000000074cc00000, 0x000000074cd00000, 0x000000074cd00000|100%| E|CS|TAMS 0x000000074cc00000, 0x000000074cc00000| Complete 
| 205|0x000000074cd00000, 0x000000074ce00000, 0x000000074ce00000|100%| E|CS|TAMS 0x000000074cd00000, 0x000000074cd00000| Complete 
| 206|0x000000074ce00000, 0x000000074cf00000, 0x000000074cf00000|100%| E|CS|TAMS 0x000000074ce00000, 0x000000074ce00000| Complete 
| 207|0x000000074cf00000, 0x000000074d000000, 0x000000074d000000|100%| E|CS|TAMS 0x000000074cf00000, 0x000000074cf00000| Complete 
| 208|0x000000074d000000, 0x000000074d100000, 0x000000074d100000|100%| E|CS|TAMS 0x000000074d000000, 0x000000074d000000| Complete 
| 209|0x000000074d100000, 0x000000074d200000, 0x000000074d200000|100%| E|CS|TAMS 0x000000074d100000, 0x000000074d100000| Complete 
| 210|0x000000074d200000, 0x000000074d300000, 0x000000074d300000|100%| E|CS|TAMS 0x000000074d200000, 0x000000074d200000| Complete 
| 211|0x000000074d300000, 0x000000074d400000, 0x000000074d400000|100%| E|CS|TAMS 0x000000074d300000, 0x000000074d300000| Complete 
| 212|0x000000074d400000, 0x000000074d500000, 0x000000074d500000|100%| E|CS|TAMS 0x000000074d400000, 0x000000074d400000| Complete 
| 213|0x000000074d500000, 0x000000074d600000, 0x000000074d600000|100%| E|CS|TAMS 0x000000074d500000, 0x000000074d500000| Complete 
| 214|0x000000074d600000, 0x000000074d700000, 0x000000074d700000|100%| E|CS|TAMS 0x000000074d600000, 0x000000074d600000| Complete 
| 215|0x000000074d700000, 0x000000074d800000, 0x000000074d800000|100%| E|CS|TAMS 0x000000074d700000, 0x000000074d700000| Complete 
| 216|0x000000074d800000, 0x000000074d900000, 0x000000074d900000|100%| E|CS|TAMS 0x000000074d800000, 0x000000074d800000| Complete 
| 217|0x000000074d900000, 0x000000074da00000, 0x000000074da00000|100%| E|CS|TAMS 0x000000074d900000, 0x000000074d900000| Complete 
| 218|0x000000074da00000, 0x000000074db00000, 0x000000074db00000|100%| E|CS|TAMS 0x000000074da00000, 0x000000074da00000| Complete 
| 219|0x000000074db00000, 0x000000074dc00000, 0x000000074dc00000|100%| E|CS|TAMS 0x000000074db00000, 0x000000074db00000| Complete 
| 220|0x000000074dc00000, 0x000000074dd00000, 0x000000074dd00000|100%| E|CS|TAMS 0x000000074dc00000, 0x000000074dc00000| Complete 
| 221|0x000000074dd00000, 0x000000074de00000, 0x000000074de00000|100%| E|CS|TAMS 0x000000074dd00000, 0x000000074dd00000| Complete 
| 222|0x000000074de00000, 0x000000074df00000, 0x000000074df00000|100%| E|CS|TAMS 0x000000074de00000, 0x000000074de00000| Complete 
| 223|0x000000074df00000, 0x000000074e000000, 0x000000074e000000|100%| E|CS|TAMS 0x000000074df00000, 0x000000074df00000| Complete 
| 224|0x000000074e000000, 0x000000074e100000, 0x000000074e100000|100%| E|CS|TAMS 0x000000074e000000, 0x000000074e000000| Complete 
| 225|0x000000074e100000, 0x000000074e200000, 0x000000074e200000|100%| E|CS|TAMS 0x000000074e100000, 0x000000074e100000| Complete 
| 226|0x000000074e200000, 0x000000074e300000, 0x000000074e300000|100%| E|CS|TAMS 0x000000074e200000, 0x000000074e200000| Complete 
| 227|0x000000074e300000, 0x000000074e400000, 0x000000074e400000|100%| E|CS|TAMS 0x000000074e300000, 0x000000074e300000| Complete 
| 228|0x000000074e400000, 0x000000074e500000, 0x000000074e500000|100%| E|CS|TAMS 0x000000074e400000, 0x000000074e400000| Complete 
| 229|0x000000074e500000, 0x000000074e600000, 0x000000074e600000|100%| E|CS|TAMS 0x000000074e500000, 0x000000074e500000| Complete 
| 230|0x000000074e600000, 0x000000074e700000, 0x000000074e700000|100%| E|CS|TAMS 0x000000074e600000, 0x000000074e600000| Complete 
| 231|0x000000074e700000, 0x000000074e800000, 0x000000074e800000|100%| E|CS|TAMS 0x000000074e700000, 0x000000074e700000| Complete 
| 232|0x000000074e800000, 0x000000074e900000, 0x000000074e900000|100%| E|CS|TAMS 0x000000074e800000, 0x000000074e800000| Complete 
| 233|0x000000074e900000, 0x000000074ea00000, 0x000000074ea00000|100%| E|CS|TAMS 0x000000074e900000, 0x000000074e900000| Complete 
| 234|0x000000074ea00000, 0x000000074eb00000, 0x000000074eb00000|100%| E|CS|TAMS 0x000000074ea00000, 0x000000074ea00000| Complete 
| 235|0x000000074eb00000, 0x000000074ec00000, 0x000000074ec00000|100%| E|CS|TAMS 0x000000074eb00000, 0x000000074eb00000| Complete 
| 236|0x000000074ec00000, 0x000000074ed00000, 0x000000074ed00000|100%| E|CS|TAMS 0x000000074ec00000, 0x000000074ec00000| Complete 
| 237|0x000000074ed00000, 0x000000074ee00000, 0x000000074ee00000|100%| E|CS|TAMS 0x000000074ed00000, 0x000000074ed00000| Complete 
| 238|0x000000074ee00000, 0x000000074ef00000, 0x000000074ef00000|100%| E|CS|TAMS 0x000000074ee00000, 0x000000074ee00000| Complete 
| 239|0x000000074ef00000, 0x000000074f000000, 0x000000074f000000|100%| E|CS|TAMS 0x000000074ef00000, 0x000000074ef00000| Complete 
| 240|0x000000074f000000, 0x000000074f100000, 0x000000074f100000|100%| E|CS|TAMS 0x000000074f000000, 0x000000074f000000| Complete 
| 241|0x000000074f100000, 0x000000074f200000, 0x000000074f200000|100%| E|CS|TAMS 0x000000074f100000, 0x000000074f100000| Complete 
| 242|0x000000074f200000, 0x000000074f300000, 0x000000074f300000|100%| E|CS|TAMS 0x000000074f200000, 0x000000074f200000| Complete 
| 243|0x000000074f300000, 0x000000074f400000, 0x000000074f400000|100%| E|CS|TAMS 0x000000074f300000, 0x000000074f300000| Complete 
| 244|0x000000074f400000, 0x000000074f500000, 0x000000074f500000|100%| E|CS|TAMS 0x000000074f400000, 0x000000074f400000| Complete 
| 245|0x000000074f500000, 0x000000074f600000, 0x000000074f600000|100%| E|CS|TAMS 0x000000074f500000, 0x000000074f500000| Complete 
| 246|0x000000074f600000, 0x000000074f700000, 0x000000074f700000|100%| E|CS|TAMS 0x000000074f600000, 0x000000074f600000| Complete 
| 247|0x000000074f700000, 0x000000074f800000, 0x000000074f800000|100%| E|CS|TAMS 0x000000074f700000, 0x000000074f700000| Complete 
| 248|0x000000074f800000, 0x000000074f900000, 0x000000074f900000|100%| E|CS|TAMS 0x000000074f800000, 0x000000074f800000| Complete 
| 249|0x000000074f900000, 0x000000074fa00000, 0x000000074fa00000|100%| E|CS|TAMS 0x000000074f900000, 0x000000074f900000| Complete 
| 250|0x000000074fa00000, 0x000000074fb00000, 0x000000074fb00000|100%| E|CS|TAMS 0x000000074fa00000, 0x000000074fa00000| Complete 
| 251|0x000000074fb00000, 0x000000074fc00000, 0x000000074fc00000|100%| E|CS|TAMS 0x000000074fb00000, 0x000000074fb00000| Complete 

Card table byte_map: [0x000001dcef600000,0x000001dcefc00000] _byte_map_base: 0x000001dcebc00000

Marking Bits (Prev, Next): (CMBitMap*) 0x000001dcd750e108, (CMBitMap*) 0x000001dcd750e148
 Prev Bits: [0x000001dcf0200000, 0x000001dcf3200000)
 Next Bits: [0x000001dcf3200000, 0x000001dcf6200000)

Polling page: 0x000001dcd6c60000

Metaspace:

Usage:
  Non-class:     16.09 MB capacity,    15.97 MB (>99%) used,   103.66 KB ( <1%) free+waste,    23.50 KB ( <1%) overhead. 
      Class:      2.15 MB capacity,     2.03 MB ( 94%) used,   112.92 KB (  5%) free+waste,    10.50 KB ( <1%) overhead. 
       Both:     18.25 MB capacity,    18.00 MB ( 99%) used,   216.58 KB (  1%) free+waste,    34.00 KB ( <1%) overhead. 

Virtual space:
  Non-class space:       18.00 MB reserved,      16.25 MB ( 90%) committed 
      Class space:        1.00 GB reserved,       2.25 MB ( <1%) committed 
             Both:        1.02 GB reserved,      18.50 MB (  2%) committed 

Chunk freelists:
   Non-Class:  35.00 KB
       Class:  2.00 KB
        Both:  37.00 KB

MaxMetaspaceSize: 17179869184.00 GB
CompressedClassSpaceSize: 1.00 GB

CodeHeap 'non-profiled nmethods': size=120000Kb used=1689Kb max_used=1689Kb free=118310Kb
 bounds [0x000001dce7460000, 0x000001dce76d0000, 0x000001dcee990000]
CodeHeap 'profiled nmethods': size=120000Kb used=6485Kb max_used=6485Kb free=113514Kb
 bounds [0x000001dcdff30000, 0x000001dce0590000, 0x000001dce7460000]
CodeHeap 'non-nmethods': size=5760Kb used=1447Kb max_used=1478Kb free=4312Kb
 bounds [0x000001dcdf990000, 0x000001dcdfc00000, 0x000001dcdff30000]
 total_blobs=4858 nmethods=2888 adapters=688
 compilation: enabled
              stopped_count=0, restarted_count=0
 full_count=0

Compilation events (20 events):
Event: 4.094 Thread 0x000001dcfb840000 nmethod 2861 0x000001dce7600710 code [0x000001dce76008c0, 0x000001dce76011b8]
Event: 4.094 Thread 0x000001dcfb840000 2877 %     4       sun.security.provider.HashDrbg::addBytes @ 33 (130 bytes)
Event: 4.108 Thread 0x000001dcfb840000 nmethod 2877% 0x000001dce7601590 code [0x000001dce7601720, 0x000001dce7601f78]
Event: 4.108 Thread 0x000001dcfb840000 2860       4       org.nd4j.linalg.cpu.nativecpu.DirectShapeInfoProvider::createShapeInformation (24 bytes)
Event: 4.109 Thread 0x000001dcfb840000 nmethod 2860 0x000001dce7602210 code [0x000001dce76023a0, 0x000001dce76024c8]
Event: 4.109 Thread 0x000001dcfb840000 2864       4       org.nd4j.linalg.api.ndarray.BaseNDArray::init (49 bytes)
Event: 4.110 Thread 0x000001dcfb840000 nmethod 2864 0x000001dce7602690 code [0x000001dce7602820, 0x000001dce76028f8]
Event: 4.110 Thread 0x000001dcfb840000 2878       4       org.nd4j.linalg.factory.Nd4j::createBuffer (33 bytes)
Event: 4.117 Thread 0x000001dcfb840000 nmethod 2878 0x000001dce7602a10 code [0x000001dce7602c80, 0x000001dce7603150]
Event: 4.117 Thread 0x000001dcfb840000 2880       4       org.nd4j.linalg.api.buffer.factory.DefaultDataBufferFactory::create (209 bytes)
Event: 4.119 Thread 0x000001dcfb840000 nmethod 2880 0x000001dce7603610 code [0x000001dce76037c0, 0x000001dce7603968]
Event: 4.119 Thread 0x000001dcfb840000 2882       4       java.lang.Long::formatUnsignedLong0 (47 bytes)
Event: 4.121 Thread 0x000001dcf980b000 2884       3       java.util.concurrent.atomic.AtomicInteger::incrementAndGet (14 bytes)
Event: 4.121 Thread 0x000001dcf980b000 nmethod 2884 0x000001dce057e210 code [0x000001dce057e3a0, 0x000001dce057e538]
Event: 4.121 Thread 0x000001dcf980b000 2885       3       org.deeplearning4j.nn.layers.BaseOutputLayer::clear (30 bytes)
Event: 4.121 Thread 0x000001dcf980b000 nmethod 2885 0x000001dce057e610 code [0x000001dce057e7e0, 0x000001dce057ebc0]
Event: 4.121 Thread 0x000001dcf980b000 2886       3       org.nd4j.linalg.memory.provider.BasicWorkspaceManager::anyWorkspaceActiveForCurrentThread (65 bytes)
Event: 4.122 Thread 0x000001dcf980b000 nmethod 2886 0x000001dce057ed10 code [0x000001dce057ef80, 0x000001dce057fda0]
Event: 4.124 Thread 0x000001dcfb840000 nmethod 2882 0x000001dce7603b10 code [0x000001dce7603ca0, 0x000001dce7603f78]
Event: 4.124 Thread 0x000001dcfb840000 2881       4       org.nd4j.linalg.cpu.nativecpu.CpuNDArrayFactory::createUninitialized (20 bytes)

GC Heap History (14 events):
Event: 0.541 GC heap before
{Heap before GC invocations=0 (full 0):
 garbage-first heap   total 258048K, used 25600K [0x0000000740000000, 0x0000000800000000)
  region size 1024K, 24 young (24576K), 0 survivors (0K)
 Metaspace       used 3343K, capacity 6173K, committed 6272K, reserved 1056768K
  class space    used 287K, capacity 574K, committed 640K, reserved 1048576K
}
Event: 0.545 GC heap after
{Heap after GC invocations=1 (full 0):
 garbage-first heap   total 258048K, used 10598K [0x0000000740000000, 0x0000000800000000)
  region size 1024K, 3 young (3072K), 3 survivors (3072K)
 Metaspace       used 3343K, capacity 6173K, committed 6272K, reserved 1056768K
  class space    used 287K, capacity 574K, committed 640K, reserved 1048576K
}
Event: 0.833 GC heap before
{Heap before GC invocations=1 (full 0):
 garbage-first heap   total 258048K, used 127334K [0x0000000740000000, 0x0000000800000000)
  region size 1024K, 117 young (119808K), 3 survivors (3072K)
 Metaspace       used 4827K, capacity 7219K, committed 7424K, reserved 1056768K
  class space    used 427K, capacity 689K, committed 768K, reserved 1048576K
}
Event: 0.835 GC heap after
{Heap after GC invocations=2 (full 0):
 garbage-first heap   total 258048K, used 11003K [0x0000000740000000, 0x0000000800000000)
  region size 1024K, 4 young (4096K), 4 survivors (4096K)
 Metaspace       used 4827K, capacity 7219K, committed 7424K, reserved 1056768K
  class space    used 427K, capacity 689K, committed 768K, reserved 1048576K
}
Event: 1.077 GC heap before
{Heap before GC invocations=2 (full 0):
 garbage-first heap   total 258048K, used 141051K [0x0000000740000000, 0x0000000800000000)
  region size 1024K, 131 young (134144K), 4 survivors (4096K)
 Metaspace       used 6814K, capacity 9171K, committed 9472K, reserved 1056768K
  class space    used 968K, capacity 1233K, committed 1280K, reserved 1048576K
}
Event: 1.080 GC heap after
{Heap after GC invocations=3 (full 0):
 garbage-first heap   total 258048K, used 11316K [0x0000000740000000, 0x0000000800000000)
  region size 1024K, 4 young (4096K), 4 survivors (4096K)
 Metaspace       used 6814K, capacity 9171K, committed 9472K, reserved 1056768K
  class space    used 968K, capacity 1233K, committed 1280K, reserved 1048576K
}
Event: 1.396 GC heap before
{Heap before GC invocations=3 (full 0):
 garbage-first heap   total 258048K, used 161844K [0x0000000740000000, 0x0000000800000000)
  region size 1024K, 151 young (154624K), 4 survivors (4096K)
 Metaspace       used 7172K, capacity 9305K, committed 9472K, reserved 1056768K
  class space    used 990K, capacity 1234K, committed 1280K, reserved 1048576K
}
Event: 1.398 GC heap after
{Heap after GC invocations=4 (full 0):
 garbage-first heap   total 258048K, used 11622K [0x0000000740000000, 0x0000000800000000)
  region size 1024K, 4 young (4096K), 4 survivors (4096K)
 Metaspace       used 7172K, capacity 9305K, committed 9472K, reserved 1056768K
  class space    used 990K, capacity 1234K, committed 1280K, reserved 1048576K
}
Event: 1.948 GC heap before
{Heap before GC invocations=4 (full 0):
 garbage-first heap   total 258048K, used 162150K [0x0000000740000000, 0x0000000800000000)
  region size 1024K, 151 young (154624K), 4 survivors (4096K)
 Metaspace       used 12799K, capacity 14304K, committed 14336K, reserved 1062912K
  class space    used 1595K, capacity 1788K, committed 1792K, reserved 1048576K
}
Event: 1.951 GC heap after
{Heap after GC invocations=5 (full 0):
 garbage-first heap   total 258048K, used 12907K [0x0000000740000000, 0x0000000800000000)
  region size 1024K, 6 young (6144K), 6 survivors (6144K)
 Metaspace       used 12799K, capacity 14304K, committed 14336K, reserved 1062912K
  class space    used 1595K, capacity 1788K, committed 1792K, reserved 1048576K
}
Event: 2.866 GC heap before
{Heap before GC invocations=5 (full 0):
 garbage-first heap   total 258048K, used 160363K [0x0000000740000000, 0x0000000800000000)
  region size 1024K, 151 young (154624K), 6 survivors (6144K)
 Metaspace       used 17220K, capacity 17418K, committed 17536K, reserved 1064960K
  class space    used 2009K, capacity 2103K, committed 2176K, reserved 1048576K
}
Event: 2.871 GC heap after
{Heap after GC invocations=6 (full 0):
 garbage-first heap   total 258048K, used 13591K [0x0000000740000000, 0x0000000800000000)
  region size 1024K, 6 young (6144K), 6 survivors (6144K)
 Metaspace       used 17220K, capacity 17418K, committed 17536K, reserved 1064960K
  class space    used 2009K, capacity 2103K, committed 2176K, reserved 1048576K
}
Event: 3.128 GC heap before
{Heap before GC invocations=6 (full 0):
 garbage-first heap   total 258048K, used 162071K [0x0000000740000000, 0x0000000800000000)
  region size 1024K, 151 young (154624K), 6 survivors (6144K)
 Metaspace       used 17239K, capacity 17482K, committed 17792K, reserved 1064960K
  class space    used 2009K, capacity 2103K, committed 2176K, reserved 1048576K
}
Event: 3.132 GC heap after
{Heap after GC invocations=7 (full 0):
 garbage-first heap   total 258048K, used 13658K [0x0000000740000000, 0x0000000800000000)
  region size 1024K, 6 young (6144K), 6 survivors (6144K)
 Metaspace       used 17239K, capacity 17482K, committed 17792K, reserved 1064960K
  class space    used 2009K, capacity 2103K, committed 2176K, reserved 1048576K
}

Deoptimization events (20 events):
Event: 3.408 Thread 0x000001dcd74b5800 Uncommon trap: trap_request=0xffffffde fr.pc=0x000001dce758d220 relative=0x0000000000000080
Event: 3.408 Thread 0x000001dcd74b5800 Uncommon trap: reason=class_check action=maybe_recompile pc=0x000001dce758d220 method=org.nd4j.linalg.api.ndarray.BaseNDArray.dataType()Lorg/nd4j/linalg/api/buffer/DataType; @ 11 c2
Event: 3.408 Thread 0x000001dcd74b5800 DEOPT PACKING pc=0x000001dce758d220 sp=0x000000611a5fedd0
Event: 3.408 Thread 0x000001dcd74b5800 DEOPT UNPACKING pc=0x000001dcdf9d912f sp=0x000000611a5fed58 mode 2
Event: 3.414 Thread 0x000001dcd74b5800 Uncommon trap: trap_request=0xffffffde fr.pc=0x000001dce758d220 relative=0x0000000000000080
Event: 3.414 Thread 0x000001dcd74b5800 Uncommon trap: reason=class_check action=maybe_recompile pc=0x000001dce758d220 method=org.nd4j.linalg.api.ndarray.BaseNDArray.dataType()Lorg/nd4j/linalg/api/buffer/DataType; @ 11 c2
Event: 3.414 Thread 0x000001dcd74b5800 DEOPT PACKING pc=0x000001dce758d220 sp=0x000000611a5fede0
Event: 3.414 Thread 0x000001dcd74b5800 DEOPT UNPACKING pc=0x000001dcdf9d912f sp=0x000000611a5fed68 mode 2
Event: 3.414 Thread 0x000001dcd74b5800 Uncommon trap: trap_request=0xffffffde fr.pc=0x000001dce758d220 relative=0x0000000000000080
Event: 3.414 Thread 0x000001dcd74b5800 Uncommon trap: reason=class_check action=maybe_recompile pc=0x000001dce758d220 method=org.nd4j.linalg.api.ndarray.BaseNDArray.dataType()Lorg/nd4j/linalg/api/buffer/DataType; @ 11 c2
Event: 3.414 Thread 0x000001dcd74b5800 DEOPT PACKING pc=0x000001dce758d220 sp=0x000000611a5fedd0
Event: 3.414 Thread 0x000001dcd74b5800 DEOPT UNPACKING pc=0x000001dcdf9d912f sp=0x000000611a5fed58 mode 2
Event: 3.633 Thread 0x000001dcd74b5800 DEOPT PACKING pc=0x000001dce03f4d89 sp=0x000000611a5fdfc0
Event: 3.633 Thread 0x000001dcd74b5800 DEOPT UNPACKING pc=0x000001dcdf9d964e sp=0x000000611a5fd478 mode 0
Event: 3.811 Thread 0x000001dcd74b5800 DEOPT PACKING pc=0x000001dce04861ab sp=0x000000611a5fe1b0
Event: 3.811 Thread 0x000001dcd74b5800 DEOPT UNPACKING pc=0x000001dcdf9d964e sp=0x000000611a5fd608 mode 0
Event: 3.831 Thread 0x000001dcd74b5800 DEOPT PACKING pc=0x000001dce03abe22 sp=0x000000611a5fe180
Event: 3.831 Thread 0x000001dcd74b5800 DEOPT UNPACKING pc=0x000001dcdf9d964e sp=0x000000611a5fd5b8 mode 0
Event: 3.868 Thread 0x000001dcd74b5800 DEOPT PACKING pc=0x000001dcdffbf95a sp=0x000000611a5fe120
Event: 3.868 Thread 0x000001dcd74b5800 DEOPT UNPACKING pc=0x000001dcdf9d964e sp=0x000000611a5fd5a8 mode 0

Classes unloaded (0 events):
No events

Classes redefined (0 events):
No events

Internal exceptions (20 events):
Event: 3.190 Thread 0x000001dcd74b5800 Exception <a 'sun/nio/fs/WindowsException'{0x000000074d010220}> (0x000000074d010220) 
thrown [t:/workspace/open/src/hotspot/share/prims/jni.cpp, line 598]
Event: 3.190 Thread 0x000001dcd74b5800 Exception <a 'sun/nio/fs/WindowsException'{0x000000074d010250}> (0x000000074d010250) 
thrown [t:/workspace/open/src/hotspot/share/prims/jni.cpp, line 598]
Event: 3.216 Thread 0x000001dcd74b5800 Exception <a 'sun/nio/fs/WindowsException'{0x000000074bc74f08}> (0x000000074bc74f08) 
thrown [t:/workspace/open/src/hotspot/share/prims/jni.cpp, line 598]
Event: 3.217 Thread 0x000001dcd74b5800 Exception <a 'sun/nio/fs/WindowsException'{0x000000074bc74f38}> (0x000000074bc74f38) 
thrown [t:/workspace/open/src/hotspot/share/prims/jni.cpp, line 598]
Event: 3.217 Thread 0x000001dcd74b5800 Exception <a 'sun/nio/fs/WindowsException'{0x000000074bc75c98}> (0x000000074bc75c98) 
thrown [t:/workspace/open/src/hotspot/share/prims/jni.cpp, line 598]
Event: 3.217 Thread 0x000001dcd74b5800 Exception <a 'sun/nio/fs/WindowsException'{0x000000074bc75cc8}> (0x000000074bc75cc8) 
thrown [t:/workspace/open/src/hotspot/share/prims/jni.cpp, line 598]
Event: 3.217 Thread 0x000001dcd74b5800 Exception <a 'sun/nio/fs/WindowsException'{0x000000074bc769e0}> (0x000000074bc769e0) 
thrown [t:/workspace/open/src/hotspot/share/prims/jni.cpp, line 598]
Event: 3.218 Thread 0x000001dcd74b5800 Exception <a 'sun/nio/fs/WindowsException'{0x000000074bc76a10}> (0x000000074bc76a10) 
thrown [t:/workspace/open/src/hotspot/share/prims/jni.cpp, line 598]
Event: 3.218 Thread 0x000001dcd74b5800 Exception <a 'sun/nio/fs/WindowsException'{0x000000074bc77738}> (0x000000074bc77738) 
thrown [t:/workspace/open/src/hotspot/share/prims/jni.cpp, line 598]
Event: 3.218 Thread 0x000001dcd74b5800 Exception <a 'sun/nio/fs/WindowsException'{0x000000074bc77768}> (0x000000074bc77768) 
thrown [t:/workspace/open/src/hotspot/share/prims/jni.cpp, line 598]
Event: 3.218 Thread 0x000001dcd74b5800 Exception <a 'sun/nio/fs/WindowsException'{0x000000074bc78458}> (0x000000074bc78458) 
thrown [t:/workspace/open/src/hotspot/share/prims/jni.cpp, line 598]
Event: 3.219 Thread 0x000001dcd74b5800 Exception <a 'sun/nio/fs/WindowsException'{0x000000074bc78488}> (0x000000074bc78488) 
thrown [t:/workspace/open/src/hotspot/share/prims/jni.cpp, line 598]
Event: 3.219 Thread 0x000001dcd74b5800 Exception <a 'sun/nio/fs/WindowsException'{0x000000074bc791b0}> (0x000000074bc791b0) 
thrown [t:/workspace/open/src/hotspot/share/prims/jni.cpp, line 598]
Event: 3.219 Thread 0x000001dcd74b5800 Exception <a 'sun/nio/fs/WindowsException'{0x000000074bc791e0}> (0x000000074bc791e0) 
thrown [t:/workspace/open/src/hotspot/share/prims/jni.cpp, line 598]
Event: 3.220 Thread 0x000001dcd74b5800 Exception <a 'sun/nio/fs/WindowsException'{0x000000074bc79eb0}> (0x000000074bc79eb0) 
thrown [t:/workspace/open/src/hotspot/share/prims/jni.cpp, line 598]
Event: 3.220 Thread 0x000001dcd74b5800 Exception <a 'sun/nio/fs/WindowsException'{0x000000074bc79ee0}> (0x000000074bc79ee0) 
thrown [t:/workspace/open/src/hotspot/share/prims/jni.cpp, line 598]
Event: 3.220 Thread 0x000001dcd74b5800 Exception <a 'sun/nio/fs/WindowsException'{0x000000074bc7abf8}> (0x000000074bc7abf8) 
thrown [t:/workspace/open/src/hotspot/share/prims/jni.cpp, line 598]
Event: 3.220 Thread 0x000001dcd74b5800 Exception <a 'sun/nio/fs/WindowsException'{0x000000074bc7ac28}> (0x000000074bc7ac28) 
thrown [t:/workspace/open/src/hotspot/share/prims/jni.cpp, line 598]
Event: 3.230 Thread 0x000001dcd74b5800 Exception <a 'java/lang/NoSuchMethodError'{0x000000074bcc4ba8}: 'java.lang.Object java.lang.invoke.DirectMethodHandle$Holder.invokeStaticInit(java.lang.Object, int, int, int, int)'> (0x000000074bcc4ba8) 
thrown [t:/workspace/open/src/hotspot/share/interpreter/linkResolver.cpp, line 767]
Event: 3.372 Thread 0x000001dcd74b5800 Exception <a 'java/lang/NoSuchMethodError'{0x000000074bb26bf8}: 'java.lang.Object java.lang.invoke.DirectMethodHandle$Holder.invokeStaticInit(java.lang.Object, java.lang.Object, int, int, int, int)'> (0x000000074bb26bf8) 
thrown [t:/workspace/open/src/hotspot/share/interpreter/linkResolver.cpp, line 767]

Events (20 events):
Event: 3.392 loading class org/nd4j/linalg/api/blas/BlasBufferUtil
Event: 3.392 loading class org/nd4j/linalg/api/blas/BlasBufferUtil done
Event: 3.392 loading class org/nd4j/linalg/api/blas/params/GemmParams
Event: 3.392 loading class org/nd4j/linalg/api/blas/params/GemmParams done
Event: 3.400 loading class org/nd4j/linalg/api/ops/executioner/OpExecutionerUtil
Event: 3.400 loading class org/nd4j/linalg/api/ops/executioner/OpExecutionerUtil done
Event: 3.401 loading class org/nd4j/linalg/api/ops/impl/transforms/pairwise/arithmetic/OldAddOp
Event: 3.401 loading class org/nd4j/linalg/api/ops/impl/transforms/pairwise/arithmetic/OldAddOp done
Event: 3.405 loading class org/nd4j/linalg/api/ops/impl/transforms/strict/OldSoftMax
Event: 3.405 loading class org/nd4j/linalg/api/ops/impl/transforms/strict/OldSoftMax done
Event: 3.406 loading class org/nd4j/linalg/api/ops/impl/indexaccum/IAMax
Event: 3.406 loading class org/nd4j/linalg/api/ops/impl/indexaccum/IAMax done
Event: 3.407 loading class org/nd4j/linalg/api/ops/BaseIndexAccumulation
Event: 3.407 loading class org/nd4j/linalg/api/ops/BaseIndexAccumulation done
Event: 3.550 Loaded shared library C:\Users\Gagan\.javacpp\cache\nd4j-native-1.0.0-beta4-windows-x86_64.jar\org\nd4j\nativeblas\windows-x86_64\jnind4jcpu.dll
Event: 3.553 Loaded shared library C:\Users\Gagan\.javacpp\cache\nd4j-native-1.0.0-beta4-windows-x86_64.jar\org\nd4j\nativeblas\windows-x86_64\jnind4jcpu.dll
Event: 3.556 Loaded shared library C:\Users\Gagan\.javacpp\cache\nd4j-native-1.0.0-beta4-windows-x86_64.jar\org\nd4j\nativeblas\windows-x86_64\jnind4jcpu.dll
Event: 3.559 Loaded shared library C:\Users\Gagan\.javacpp\cache\nd4j-native-1.0.0-beta4-windows-x86_64.jar\org\nd4j\nativeblas\windows-x86_64\jnind4jcpu.dll
Event: 4.079 Executing VM operation: ICBufferFull
Event: 4.080 Executing VM operation: ICBufferFull done


Dynamic libraries:
0x00007ff70a820000 - 0x00007ff70a82f000 	C:\Program Files\Java\jdk-13.0.1\bin\java.exe
0x00007ffb48fe0000 - 0x00007ffb491d0000 	C:\Windows\SYSTEM32\ntdll.dll
0x00007ffb485f0000 - 0x00007ffb486a2000 	C:\Windows\System32\KERNEL32.DLL
0x00007ffb46d90000 - 0x00007ffb47033000 	C:\Windows\System32\KERNELBASE.dll
0x00007ffb44030000 - 0x00007ffb440bf000 	C:\Windows\SYSTEM32\apphelp.dll
0x00007ffb46b20000 - 0x00007ffb46c1a000 	C:\Windows\System32\ucrtbase.dll
0x00007ffb41010000 - 0x00007ffb41028000 	C:\Program Files\Java\jdk-13.0.1\bin\jli.dll
0x00007ffb42b10000 - 0x00007ffb42b25000 	C:\Program Files\Java\jdk-13.0.1\bin\VCRUNTIME140.dll
0x00007ffb489f0000 - 0x00007ffb48a93000 	C:\Windows\System32\ADVAPI32.dll
0x00007ffb472c0000 - 0x00007ffb4735e000 	C:\Windows\System32\msvcrt.dll
0x00007ffb47090000 - 0x00007ffb47127000 	C:\Windows\System32\sechost.dll
0x00007ffb484c0000 - 0x00007ffb485e0000 	C:\Windows\System32\RPCRT4.dll
0x00007ffb48c40000 - 0x00007ffb48dd4000 	C:\Windows\System32\USER32.dll
0x00007ffb46d30000 - 0x00007ffb46d51000 	C:\Windows\System32\win32u.dll
0x00007ffb47da0000 - 0x00007ffb47dc6000 	C:\Windows\System32\GDI32.dll
0x00007ffb2dd50000 - 0x00007ffb2dfd5000 	C:\Windows\WinSxS\amd64_microsoft.windows.common-controls_6595b64144ccf1df_6.0.18362.476_none_e6c4b11b130f2595\COMCTL32.dll
0x00007ffb46900000 - 0x00007ffb46a94000 	C:\Windows\System32\gdi32full.dll
0x00007ffb486b0000 - 0x00007ffb489e6000 	C:\Windows\System32\combase.dll
0x00007ffb45f70000 - 0x00007ffb4600e000 	C:\Windows\System32\msvcp_win.dll
0x00007ffb46aa0000 - 0x00007ffb46b20000 	C:\Windows\System32\bcryptPrimitives.dll
0x00007ffb3f8b0000 - 0x00007ffb3f8ba000 	C:\Windows\SYSTEM32\VERSION.dll
0x00007ffb47290000 - 0x00007ffb472be000 	C:\Windows\System32\IMM32.DLL
0x00007ffae4de0000 - 0x00007ffae4e7b000 	C:\Program Files\Java\jdk-13.0.1\bin\msvcp140.dll
0x00007ffaad810000 - 0x00007ffaae376000 	C:\Program Files\Java\jdk-13.0.1\bin\server\jvm.dll
0x00007ffb47ce0000 - 0x00007ffb47ce8000 	C:\Windows\System32\PSAPI.DLL
0x00007ffb408a0000 - 0x00007ffb408c4000 	C:\Windows\SYSTEM32\WINMM.dll
0x00007ffb2e9d0000 - 0x00007ffb2e9d9000 	C:\Windows\SYSTEM32\WSOCK32.dll
0x00007ffb48eb0000 - 0x00007ffb48f1f000 	C:\Windows\System32\WS2_32.dll
0x00007ffb40870000 - 0x00007ffb4089d000 	C:\Windows\SYSTEM32\WINMMBASE.dll
0x00007ffb47040000 - 0x00007ffb4708a000 	C:\Windows\System32\cfgmgr32.dll
0x00007ffb45ec0000 - 0x00007ffb45ed1000 	C:\Windows\System32\kernel.appcore.dll
0x00007ffb410b0000 - 0x00007ffb410c0000 	C:\Program Files\Java\jdk-13.0.1\bin\verify.dll
0x00007ffb39270000 - 0x00007ffb39464000 	C:\Windows\SYSTEM32\DBGHELP.DLL
0x00007ffb29530000 - 0x00007ffb2955a000 	C:\Windows\SYSTEM32\dbgcore.DLL
0x00007ffb370f0000 - 0x00007ffb37116000 	C:\Program Files\Java\jdk-13.0.1\bin\java.dll
0x00007ffb37060000 - 0x00007ffb37077000 	C:\Program Files\Java\jdk-13.0.1\bin\zip.dll
0x00007ffb40350000 - 0x00007ffb4035a000 	C:\Program Files\Java\jdk-13.0.1\bin\jimage.dll
0x00007ffb47dd0000 - 0x00007ffb484b5000 	C:\Windows\System32\SHELL32.dll
0x00007ffb47cf0000 - 0x00007ffb47d99000 	C:\Windows\System32\shcore.dll
0x00007ffb46010000 - 0x00007ffb4678e000 	C:\Windows\System32\windows.storage.dll
0x00007ffb45f50000 - 0x00007ffb45f6f000 	C:\Windows\System32\profapi.dll
0x00007ffb45ee0000 - 0x00007ffb45f2a000 	C:\Windows\System32\powrprof.dll
0x00007ffb45eb0000 - 0x00007ffb45ec0000 	C:\Windows\System32\UMPDC.dll
0x00007ffb475c0000 - 0x00007ffb47612000 	C:\Windows\System32\shlwapi.dll
0x00007ffb46790000 - 0x00007ffb467a7000 	C:\Windows\System32\cryptsp.dll
0x00007ffb36bd0000 - 0x00007ffb36be9000 	C:\Program Files\Java\jdk-13.0.1\bin\net.dll
0x00007ffb418b0000 - 0x00007ffb419a0000 	C:\Windows\SYSTEM32\WINHTTP.dll
0x00007ffb45720000 - 0x00007ffb45787000 	C:\Windows\system32\mswsock.dll
0x00007ffb362d0000 - 0x00007ffb362e3000 	C:\Program Files\Java\jdk-13.0.1\bin\nio.dll
0x0000000064940000 - 0x0000000064955000 	C:\Users\Gagan\.javacpp\cache\mkl-dnn-0.18.1-1.5-windows-x86_64.jar\org\bytedeco\mkldnn\windows-x86_64\libwinpthread-1.dll
0x0000000061440000 - 0x000000006145c000 	C:\Users\Gagan\.javacpp\cache\mkl-dnn-0.18.1-1.5-windows-x86_64.jar\org\bytedeco\mkldnn\windows-x86_64\libgcc_s_seh-1.dll
0x0000000063600000 - 0x000000006362f000 	C:\Users\Gagan\.javacpp\cache\mkl-dnn-0.18.1-1.5-windows-x86_64.jar\org\bytedeco\mkldnn\windows-x86_64\libgomp-1.dll
0x000000006fc40000 - 0x000000006fda6000 	C:\Users\Gagan\.javacpp\cache\mkl-dnn-0.18.1-1.5-windows-x86_64.jar\org\bytedeco\mkldnn\windows-x86_64\libstdc++-6.dll
0x00007ffaeea20000 - 0x00007ffaeeb0f000 	C:\Users\Gagan\.javacpp\cache\mkl-dnn-0.18.1-1.5-windows-x86_64.jar\org\bytedeco\mkldnn\windows-x86_64\msvcr120.dll
0x00007ffae93d0000 - 0x00007ffae9599000 	C:\Users\Gagan\.javacpp\cache\mkl-dnn-0.18.1-1.5-windows-x86_64.jar\org\bytedeco\mkldnn\windows-x86_64\libiomp5md.dll
0x00007ffa9baf0000 - 0x00007ffaa1361000 	C:\Users\Gagan\.javacpp\cache\mkl-dnn-0.18.1-1.5-windows-x86_64.jar\org\bytedeco\mkldnn\windows-x86_64\mklml.dll
0x0000000062100000 - 0x000000006289a000 	C:\Users\Gagan\.javacpp\cache\mkl-dnn-0.18.1-1.5-windows-x86_64.jar\org\bytedeco\mkldnn\windows-x86_64\libmkldnn.dll
0x0000000069480000 - 0x000000006d161000 	C:\Users\Gagan\.javacpp\cache\nd4j-native-1.0.0-beta4-windows-x86_64.jar\org\nd4j\nativeblas\windows-x86_64\libnd4jcpu.dll
0x0000000066880000 - 0x0000000066b8d000 	C:\Users\Gagan\.javacpp\cache\nd4j-native-1.0.0-beta4-windows-x86_64.jar\org\nd4j\nativeblas\windows-x86_64\jnind4jcpu.dll
0x00007ffa96270000 - 0x00007ffa9bae1000 	C:\Users\Gagan\.javacpp\cache\mkl-dnn-0.18.1-1.5-windows-x86_64.jar\org\bytedeco\mkldnn\windows-x86_64\libopenblas_nolapack.dll
0x0000000071000000 - 0x000000007105f000 	C:\Users\Gagan\.javacpp\cache\openblas-0.3.5-1.5-windows-x86_64.jar\org\bytedeco\openblas\windows-x86_64\jniopenblas_nolapack.dll
0x00007ffadc980000 - 0x00007ffadcb19000 	C:\Program Files\Java\jdk-13.0.1\bin\awt.dll
0x00007ffb47490000 - 0x00007ffb47554000 	C:\Windows\System32\OLEAUT32.dll
0x00007ffb42c50000 - 0x00007ffb43210000 	C:\Windows\SYSTEM32\d2d1.dll
0x00007ffb29da0000 - 0x00007ffb29dcd000 	C:\Program Files\Java\jdk-13.0.1\bin\javajpeg.dll
0x00007ffb44560000 - 0x00007ffb4458d000 	C:\Windows\system32\DWMAPI.DLL
0x00007ffb44120000 - 0x00007ffb441b9000 	C:\Windows\system32\uxtheme.dll
0x00007ffb45290000 - 0x00007ffb452c3000 	C:\Windows\system32\rsaenh.dll
0x00007ffb46d60000 - 0x00007ffb46d86000 	C:\Windows\System32\bcrypt.dll
0x00007ffb45da0000 - 0x00007ffb45dc5000 	C:\Windows\SYSTEM32\USERENV.dll
0x00007ffb458f0000 - 0x00007ffb458fc000 	C:\Windows\SYSTEM32\CRYPTBASE.dll
0x00007ffb45430000 - 0x00007ffb4546a000 	C:\Windows\SYSTEM32\IPHLPAPI.DLL
0x00007ffb485e0000 - 0x00007ffb485e8000 	C:\Windows\System32\NSI.dll
0x00007ffb3fe00000 - 0x00007ffb3fe16000 	C:\Windows\SYSTEM32\dhcpcsvc6.DLL
0x00007ffb3fde0000 - 0x00007ffb3fdfc000 	C:\Windows\SYSTEM32\dhcpcsvc.DLL
0x00007ffb45470000 - 0x00007ffb4553a000 	C:\Windows\SYSTEM32\DNSAPI.dll

dbghelp: loaded successfully - version: 4.0.5 - missing functions: none
symbol engine: initialized successfully - sym options: 0x614 - pdb path: .;C:\Program Files\Java\jdk-13.0.1\bin;C:\Windows\SYSTEM32;C:\Windows\WinSxS\amd64_microsoft.windows.common-controls_6595b64144ccf1df_6.0.18362.476_none_e6c4b11b130f2595;C:\Program Files\Java\jdk-13.0.1\bin\server;C:\Users\Gagan\.javacpp\cache\mkl-dnn-0.18.1-1.5-windows-x86_64.jar\org\bytedeco\mkldnn\windows-x86_64;C:\Users\Gagan\.javacpp\cache\nd4j-native-1.0.0-beta4-windows-x86_64.jar\org\nd4j\nativeblas\windows-x86_64;C:\Users\Gagan\.javacpp\cache\openblas-0.3.5-1.5-windows-x86_64.jar\org\bytedeco\openblas\windows-x86_64

VM Arguments:
jvm_args: -Xmx3G 
java_command: com.fall2019.comp4980.TestClass
java_class_path (initial): G:\TRU\Behavioral_Biometerics\Final_Project\Facial-Recognition\FinalProject\comp4980\target\classes;C:\Users\Gagan\.m2\repository\org\slf4j\slf4j-jdk14\1.7.25\slf4j-jdk14-1.7.25.jar;C:\Users\Gagan\.m2\repository\org\slf4j\slf4j-api\1.7.25\slf4j-api-1.7.25.jar;C:\Users\Gagan\.m2\repository\org\deeplearning4j\deeplearning4j-nlp\1.0.0-beta4\deeplearning4j-nlp-1.0.0-beta4.jar;C:\Users\Gagan\.m2\repository\org\nd4j\nd4j-native-api\1.0.0-beta4\nd4j-native-api-1.0.0-beta4.jar;C:\Users\Gagan\.m2\repository\org\bytedeco\javacpp\1.5\javacpp-1.5.jar;C:\Users\Gagan\.m2\repository\commons-lang\commons-lang\2.6\commons-lang-2.6.jar;C:\Users\Gagan\.m2\repository\org\threadly\threadly\4.10.0\threadly-4.10.0.jar;C:\Users\Gagan\.m2\repository\org\objenesis\objenesis\2.6\objenesis-2.6.jar;C:\Users\Gagan\.m2\repository\org\nd4j\nd4j-jackson\1.0.0-beta4\nd4j-jackson-1.0.0-beta4.jar;C:\Users\Gagan\.m2\repository\org\apache\commons\commons-lang3\3.6\commons-lang3-3.6.jar;C:\Users\Gagan\.m2\repository\org\deeplearning4j\deeplearning4j-core\1.0.0-beta4\deeplearning4j-core-1.0.0-beta4.jar;C:\Users\Gagan\.m2\repository\org\deeplearning4j\deeplearning4j-tsne\1.0.0-beta4\deeplearning4j-tsne-1.0.0-beta4.jar;C:\Users\Gagan\.m2\repository\org\deeplearning4j\nearestneighbor-core\1.0.0-beta4\nearestneighbor-core-1.0.0-beta4.jar;C:\Users\Gagan\.m2\repository\org\deeplearning4j\deeplearning4j-datasets\1.0.0-beta4\deeplearning4j-datasets-1.0.0-beta4.jar;C:\Users\Gagan\.m2\repository\org\deeplearning4j\deeplearning4j-common\1.0.0-beta4\deeplearning4j-common-1.0.0-beta4.jar;C:\Users\Gagan\.m2\repository\org\deeplearning4j\deeplearning4j-datavec-iterators\1.0.0-beta4\deeplearning4j-datavec-iterators-1.0.0-beta4.jar;C:\Users\Gagan\.m2\repository\org\deeplearning4j\deeplearning4j-modelimport\1.0.0-beta4\deeplearning4j-modelimport-1.0.0-beta4.jar;C:\Users\Gagan\.m2\repository\org\bytedeco\hdf5-platform\1.10.5-1.5\hdf5-platform-1.10.5-1.5.jar;C:\Users\Gagan\.m2\repository\org\byte
Launcher Type: SUN_STANDARD

[Global flags]
     intx CICompilerCount                          = 4                                         {product} {ergonomic}
     uint ConcGCThreads                            = 3                                         {product} {ergonomic}
     uint G1ConcRefinementThreads                  = 10                                        {product} {ergonomic}
   size_t G1HeapRegionSize                         = 1048576                                   {product} {ergonomic}
    uintx GCDrainStackTargetSize                   = 64                                        {product} {ergonomic}
   size_t InitialHeapSize                          = 264241152                                 {product} {ergonomic}
   size_t MarkStackSize                            = 4194304                                   {product} {ergonomic}
   size_t MaxHeapSize                              = 3221225472                                {product} {command line}
   size_t MaxNewSize                               = 1932525568                                {product} {ergonomic}
   size_t MinHeapDeltaBytes                        = 1048576                                   {product} {ergonomic}
   size_t MinHeapSize                              = 8388608                                   {product} {ergonomic}
    uintx NonNMethodCodeHeapSize                   = 5836300                                {pd product} {ergonomic}
    uintx NonProfiledCodeHeapSize                  = 122910970                              {pd product} {ergonomic}
    uintx ProfiledCodeHeapSize                     = 122910970                              {pd product} {ergonomic}
    uintx ReservedCodeCacheSize                    = 251658240                              {pd product} {ergonomic}
     bool SegmentedCodeCache                       = true                                      {product} {ergonomic}
   size_t SoftMaxHeapSize                          = 3221225472                             {manageable} {ergonomic}
     bool UseCompressedClassPointers               = true                                 {lp64_product} {ergonomic}
     bool UseCompressedOops                        = true                                 {lp64_product} {ergonomic}
     bool UseG1GC                                  = true                                      {product} {ergonomic}
     bool UseLargePagesIndividualAllocation        = false                                  {pd product} {ergonomic}

Logging:
Log output configuration:
 #0: stdout all=warning uptime,level,tags
 #1: stderr all=off uptime,level,tags

Environment Variables:
JAVA_HOME=C:\Program Files\Java\jdk-13.0.1
PATH=C:\Windows\system32;C:\Windows;C:\Windows\System32\Wbem;C:\Windows\System32\WindowsPowerShell\v1.0\;C:\Windows\System32\OpenSSH\;C:\Program Files (x86)\NVIDIA Corporation\PhysX\Common;C:\Program Files\NVIDIA Corporation\NVIDIA NGX;C:\Program Files\NVIDIA Corporation\NVIDIA NvDLISR;C:\Program Files\Git\cmd;C:\Program Files\nodejs\;C:\Users\Gagan\Miniconda3;C:\Users\Gagan\Miniconda3\Library\mingw-w64\bin;C:\Users\Gagan\Miniconda3\Library\usr\bin;C:\Users\Gagan\Miniconda3\Library\bin;C:\Users\Gagan\Miniconda3\Scripts;C:\Users\Gagan\AppData\Local\Microsoft\WindowsApps;C:\Users\Gagan\AppData\Local\Programs\Microsoft VS Code\bin;C:\Users\Gagan\AppData\Local\atom\bin;C:\Users\Gagan\AppData\Roaming\npm;C:\Program Files\JetBrains\IntelliJ IDEA 2019.2.4\bin;
USERNAME=Gagan
OS=Windows_NT
PROCESSOR_IDENTIFIER=Intel64 Family 6 Model 158 Stepping 10, GenuineIntel



---------------  S Y S T E M  ---------------

OS: Windows 10 , 64 bit Build 18362 (10.0.18362.329)

CPU:total 12 (initial active 12) (6 cores per cpu, 2 threads per core) family 6 model 158 stepping 10, cmov, cx8, fxsr, mmx, sse, sse2, sse3, ssse3, sse4.1, sse4.2, popcnt, avx, avx2, aes, clmul, erms, 3dnowpref, lzcnt, ht, tsc, tscinvbit, bmi1, bmi2, adx, fma

Memory: 4k page, system-wide physical 16111M (692M free)
TotalPageFile size 43628M (AvailPageFile size 1M)
current process WorkingSet (physical memory assigned to process): 315M, peak: 315M
current process commit charge ("private bytes"): 753M, peak: 753M

vm_info: Java HotSpot(TM) 64-Bit Server VM (13.0.1+9) for windows-amd64 JRE (13.0.1+9), built on Oct  6 2019 12:37:49 by "mach5one" with unknown MS VC++:1916

END.
